[0.052s] DEBUG:colcon:Command line arguments: ['/usr/bin/colcon', 'build']
[0.052s] DEBUG:colcon:Parsed command line arguments: Namespace(log_base=None, log_level=None, verb_name='build', build_base='build', install_base='install', merge_install=False, symlink_install=False, test_result_base=None, continue_on_error=False, executor='parallel', parallel_workers=20, event_handlers=None, ignore_user_meta=False, metas=['./colcon.meta'], base_paths=['.'], packages_ignore=None, packages_ignore_regex=None, paths=None, packages_up_to=None, packages_up_to_regex=None, packages_above=None, packages_above_and_dependencies=None, packages_above_depth=None, packages_select_by_dep=None, packages_skip_by_dep=None, packages_skip_up_to=None, packages_select_build_failed=False, packages_skip_build_finished=False, packages_select_test_failures=False, packages_skip_test_passed=False, packages_select=None, packages_skip=None, packages_select_regex=None, packages_skip_regex=None, packages_start=None, packages_end=None, allow_overriding=[], cmake_args=None, cmake_target=None, cmake_target_skip_unavailable=False, cmake_clean_cache=False, cmake_clean_first=False, cmake_force_configure=False, ament_cmake_args=None, catkin_cmake_args=None, catkin_skip_building_tests=False, mixin_files=None, mixin=None, verb_parser=<colcon_mixin.mixin.mixin_argument.MixinArgumentDecorator object at 0x768266765e10>, verb_extension=<colcon_core.verb.build.BuildVerb object at 0x7682667658d0>, main=<bound method BuildVerb.main of <colcon_core.verb.build.BuildVerb object at 0x7682667658d0>>, mixin_verb=('build',))
[0.128s] Level 1:colcon.colcon_core.package_discovery:discover_packages(colcon_meta) check parameters
[0.128s] Level 1:colcon.colcon_core.package_discovery:discover_packages(recursive) check parameters
[0.128s] Level 1:colcon.colcon_core.package_discovery:discover_packages(ignore) check parameters
[0.128s] Level 1:colcon.colcon_core.package_discovery:discover_packages(path) check parameters
[0.128s] Level 1:colcon.colcon_core.package_discovery:discover_packages(colcon_meta) discover
[0.128s] Level 1:colcon.colcon_core.package_discovery:discover_packages(recursive) discover
[0.128s] INFO:colcon.colcon_core.package_discovery:Crawling recursively for packages in '/home/wilson/ROBE313_ROS2Hw'
[0.128s] Level 1:colcon.colcon_core.package_identification:_identify(.) by extensions ['ignore', 'ignore_ament_install']
[0.128s] Level 1:colcon.colcon_core.package_identification:_identify(.) by extension 'ignore'
[0.128s] Level 1:colcon.colcon_core.package_identification:_identify(.) by extension 'ignore_ament_install'
[0.128s] Level 1:colcon.colcon_core.package_identification:_identify(.) by extensions ['colcon_pkg']
[0.128s] Level 1:colcon.colcon_core.package_identification:_identify(.) by extension 'colcon_pkg'
[0.128s] Level 1:colcon.colcon_core.package_identification:_identify(.) by extensions ['colcon_meta']
[0.128s] Level 1:colcon.colcon_core.package_identification:_identify(.) by extension 'colcon_meta'
[0.128s] Level 1:colcon.colcon_core.package_identification:_identify(.) by extensions ['ros']
[0.128s] Level 1:colcon.colcon_core.package_identification:_identify(.) by extension 'ros'
[0.134s] Level 1:colcon.colcon_core.package_identification:_identify(.) by extensions ['cmake', 'python']
[0.134s] Level 1:colcon.colcon_core.package_identification:_identify(.) by extension 'cmake'
[0.134s] Level 1:colcon.colcon_core.package_identification:_identify(.) by extension 'python'
[0.134s] Level 1:colcon.colcon_core.package_identification:_identify(.) by extensions ['python_setup_py']
[0.134s] Level 1:colcon.colcon_core.package_identification:_identify(.) by extension 'python_setup_py'
[0.134s] Level 1:colcon.colcon_core.package_identification:_identify(build) by extensions ['ignore', 'ignore_ament_install']
[0.134s] Level 1:colcon.colcon_core.package_identification:_identify(build) by extension 'ignore'
[0.134s] Level 1:colcon.colcon_core.package_identification:_identify(build) ignored
[0.134s] Level 1:colcon.colcon_core.package_identification:_identify(install) by extensions ['ignore', 'ignore_ament_install']
[0.134s] Level 1:colcon.colcon_core.package_identification:_identify(install) by extension 'ignore'
[0.134s] Level 1:colcon.colcon_core.package_identification:_identify(install) ignored
[0.134s] Level 1:colcon.colcon_core.package_identification:_identify(log) by extensions ['ignore', 'ignore_ament_install']
[0.135s] Level 1:colcon.colcon_core.package_identification:_identify(log) by extension 'ignore'
[0.135s] Level 1:colcon.colcon_core.package_identification:_identify(log) ignored
[0.135s] Level 1:colcon.colcon_core.package_identification:_identify(src) by extensions ['ignore', 'ignore_ament_install']
[0.135s] Level 1:colcon.colcon_core.package_identification:_identify(src) by extension 'ignore'
[0.135s] Level 1:colcon.colcon_core.package_identification:_identify(src) by extension 'ignore_ament_install'
[0.135s] Level 1:colcon.colcon_core.package_identification:_identify(src) by extensions ['colcon_pkg']
[0.135s] Level 1:colcon.colcon_core.package_identification:_identify(src) by extension 'colcon_pkg'
[0.135s] Level 1:colcon.colcon_core.package_identification:_identify(src) by extensions ['colcon_meta']
[0.135s] Level 1:colcon.colcon_core.package_identification:_identify(src) by extension 'colcon_meta'
[0.135s] Level 1:colcon.colcon_core.package_identification:_identify(src) by extensions ['ros']
[0.135s] Level 1:colcon.colcon_core.package_identification:_identify(src) by extension 'ros'
[0.135s] Level 1:colcon.colcon_core.package_identification:_identify(src) by extensions ['cmake', 'python']
[0.135s] Level 1:colcon.colcon_core.package_identification:_identify(src) by extension 'cmake'
[0.135s] Level 1:colcon.colcon_core.package_identification:_identify(src) by extension 'python'
[0.135s] Level 1:colcon.colcon_core.package_identification:_identify(src) by extensions ['python_setup_py']
[0.135s] Level 1:colcon.colcon_core.package_identification:_identify(src) by extension 'python_setup_py'
[0.135s] Level 1:colcon.colcon_core.package_identification:_identify(src/custom_interfaces) by extensions ['ignore', 'ignore_ament_install']
[0.135s] Level 1:colcon.colcon_core.package_identification:_identify(src/custom_interfaces) by extension 'ignore'
[0.135s] Level 1:colcon.colcon_core.package_identification:_identify(src/custom_interfaces) by extension 'ignore_ament_install'
[0.135s] Level 1:colcon.colcon_core.package_identification:_identify(src/custom_interfaces) by extensions ['colcon_pkg']
[0.135s] Level 1:colcon.colcon_core.package_identification:_identify(src/custom_interfaces) by extension 'colcon_pkg'
[0.135s] Level 1:colcon.colcon_core.package_identification:_identify(src/custom_interfaces) by extensions ['colcon_meta']
[0.135s] Level 1:colcon.colcon_core.package_identification:_identify(src/custom_interfaces) by extension 'colcon_meta'
[0.135s] Level 1:colcon.colcon_core.package_identification:_identify(src/custom_interfaces) by extensions ['ros']
[0.135s] Level 1:colcon.colcon_core.package_identification:_identify(src/custom_interfaces) by extension 'ros'
[0.136s] DEBUG:colcon.colcon_core.package_identification:Package 'src/custom_interfaces' with type 'ros.ament_cmake' and name 'custom_interfaces'
[0.136s] Level 1:colcon.colcon_core.package_identification:_identify(src/robot_bringup) by extensions ['ignore', 'ignore_ament_install']
[0.136s] Level 1:colcon.colcon_core.package_identification:_identify(src/robot_bringup) by extension 'ignore'
[0.136s] Level 1:colcon.colcon_core.package_identification:_identify(src/robot_bringup) by extension 'ignore_ament_install'
[0.136s] Level 1:colcon.colcon_core.package_identification:_identify(src/robot_bringup) by extensions ['colcon_pkg']
[0.136s] Level 1:colcon.colcon_core.package_identification:_identify(src/robot_bringup) by extension 'colcon_pkg'
[0.136s] Level 1:colcon.colcon_core.package_identification:_identify(src/robot_bringup) by extensions ['colcon_meta']
[0.136s] Level 1:colcon.colcon_core.package_identification:_identify(src/robot_bringup) by extension 'colcon_meta'
[0.136s] Level 1:colcon.colcon_core.package_identification:_identify(src/robot_bringup) by extensions ['ros']
[0.136s] Level 1:colcon.colcon_core.package_identification:_identify(src/robot_bringup) by extension 'ros'
[0.137s] DEBUG:colcon.colcon_core.package_identification:Package 'src/robot_bringup' with type 'ros.ament_cmake' and name 'robot_bringup'
[0.137s] Level 1:colcon.colcon_core.package_identification:_identify(src/robot_simulator_cpp) by extensions ['ignore', 'ignore_ament_install']
[0.137s] Level 1:colcon.colcon_core.package_identification:_identify(src/robot_simulator_cpp) by extension 'ignore'
[0.137s] Level 1:colcon.colcon_core.package_identification:_identify(src/robot_simulator_cpp) by extension 'ignore_ament_install'
[0.137s] Level 1:colcon.colcon_core.package_identification:_identify(src/robot_simulator_cpp) by extensions ['colcon_pkg']
[0.137s] Level 1:colcon.colcon_core.package_identification:_identify(src/robot_simulator_cpp) by extension 'colcon_pkg'
[0.137s] Level 1:colcon.colcon_core.package_identification:_identify(src/robot_simulator_cpp) by extensions ['colcon_meta']
[0.137s] Level 1:colcon.colcon_core.package_identification:_identify(src/robot_simulator_cpp) by extension 'colcon_meta'
[0.137s] Level 1:colcon.colcon_core.package_identification:_identify(src/robot_simulator_cpp) by extensions ['ros']
[0.137s] Level 1:colcon.colcon_core.package_identification:_identify(src/robot_simulator_cpp) by extension 'ros'
[0.137s] DEBUG:colcon.colcon_core.package_identification:Package 'src/robot_simulator_cpp' with type 'ros.ament_cmake' and name 'robot_simulator_cpp'
[0.137s] Level 1:colcon.colcon_core.package_identification:_identify(src/robot_simulator_py) by extensions ['ignore', 'ignore_ament_install']
[0.137s] Level 1:colcon.colcon_core.package_identification:_identify(src/robot_simulator_py) by extension 'ignore'
[0.137s] Level 1:colcon.colcon_core.package_identification:_identify(src/robot_simulator_py) by extension 'ignore_ament_install'
[0.137s] Level 1:colcon.colcon_core.package_identification:_identify(src/robot_simulator_py) by extensions ['colcon_pkg']
[0.138s] Level 1:colcon.colcon_core.package_identification:_identify(src/robot_simulator_py) by extension 'colcon_pkg'
[0.138s] Level 1:colcon.colcon_core.package_identification:_identify(src/robot_simulator_py) by extensions ['colcon_meta']
[0.138s] Level 1:colcon.colcon_core.package_identification:_identify(src/robot_simulator_py) by extension 'colcon_meta'
[0.138s] Level 1:colcon.colcon_core.package_identification:_identify(src/robot_simulator_py) by extensions ['ros']
[0.138s] Level 1:colcon.colcon_core.package_identification:_identify(src/robot_simulator_py) by extension 'ros'
[0.138s] DEBUG:colcon.colcon_core.package_identification:Package 'src/robot_simulator_py' with type 'ros.ament_python' and name 'robot_simulator_py'
[0.138s] Level 1:colcon.colcon_core.package_discovery:discover_packages(recursive) using defaults
[0.138s] Level 1:colcon.colcon_core.package_discovery:discover_packages(ignore) discover
[0.138s] Level 1:colcon.colcon_core.package_discovery:discover_packages(ignore) using defaults
[0.138s] Level 1:colcon.colcon_core.package_discovery:discover_packages(path) discover
[0.138s] Level 1:colcon.colcon_core.package_discovery:discover_packages(path) using defaults
[0.153s] Level 1:colcon.colcon_core.package_discovery:discover_packages(prefix_path) check parameters
[0.153s] Level 1:colcon.colcon_core.package_discovery:discover_packages(prefix_path) discover
[0.153s] DEBUG:colcon.colcon_installed_package_information.package_discovery:Found 4 installed packages in /home/wilson/ROBE313_ROS2Hw/install
[0.154s] DEBUG:colcon.colcon_installed_package_information.package_discovery:Found 371 installed packages in /opt/ros/humble
[0.155s] Level 1:colcon.colcon_core.package_discovery:discover_packages(prefix_path) using defaults
[0.177s] Level 5:colcon.colcon_core.verb:set package 'custom_interfaces' build argument 'cmake_args' from command line to 'None'
[0.177s] Level 5:colcon.colcon_core.verb:set package 'custom_interfaces' build argument 'cmake_target' from command line to 'None'
[0.177s] Level 5:colcon.colcon_core.verb:set package 'custom_interfaces' build argument 'cmake_target_skip_unavailable' from command line to 'False'
[0.177s] Level 5:colcon.colcon_core.verb:set package 'custom_interfaces' build argument 'cmake_clean_cache' from command line to 'False'
[0.177s] Level 5:colcon.colcon_core.verb:set package 'custom_interfaces' build argument 'cmake_clean_first' from command line to 'False'
[0.177s] Level 5:colcon.colcon_core.verb:set package 'custom_interfaces' build argument 'cmake_force_configure' from command line to 'False'
[0.177s] Level 5:colcon.colcon_core.verb:set package 'custom_interfaces' build argument 'ament_cmake_args' from command line to 'None'
[0.177s] Level 5:colcon.colcon_core.verb:set package 'custom_interfaces' build argument 'catkin_cmake_args' from command line to 'None'
[0.177s] Level 5:colcon.colcon_core.verb:set package 'custom_interfaces' build argument 'catkin_skip_building_tests' from command line to 'False'
[0.177s] DEBUG:colcon.colcon_core.verb:Building package 'custom_interfaces' with the following arguments: {'ament_cmake_args': None, 'build_base': '/home/wilson/ROBE313_ROS2Hw/build/custom_interfaces', 'catkin_cmake_args': None, 'catkin_skip_building_tests': False, 'cmake_args': None, 'cmake_clean_cache': False, 'cmake_clean_first': False, 'cmake_force_configure': False, 'cmake_target': None, 'cmake_target_skip_unavailable': False, 'install_base': '/home/wilson/ROBE313_ROS2Hw/install/custom_interfaces', 'merge_install': False, 'path': '/home/wilson/ROBE313_ROS2Hw/src/custom_interfaces', 'symlink_install': False, 'test_result_base': None}
[0.177s] Level 5:colcon.colcon_core.verb:set package 'robot_bringup' build argument 'cmake_args' from command line to 'None'
[0.177s] Level 5:colcon.colcon_core.verb:set package 'robot_bringup' build argument 'cmake_target' from command line to 'None'
[0.177s] Level 5:colcon.colcon_core.verb:set package 'robot_bringup' build argument 'cmake_target_skip_unavailable' from command line to 'False'
[0.177s] Level 5:colcon.colcon_core.verb:set package 'robot_bringup' build argument 'cmake_clean_cache' from command line to 'False'
[0.177s] Level 5:colcon.colcon_core.verb:set package 'robot_bringup' build argument 'cmake_clean_first' from command line to 'False'
[0.177s] Level 5:colcon.colcon_core.verb:set package 'robot_bringup' build argument 'cmake_force_configure' from command line to 'False'
[0.177s] Level 5:colcon.colcon_core.verb:set package 'robot_bringup' build argument 'ament_cmake_args' from command line to 'None'
[0.177s] Level 5:colcon.colcon_core.verb:set package 'robot_bringup' build argument 'catkin_cmake_args' from command line to 'None'
[0.177s] Level 5:colcon.colcon_core.verb:set package 'robot_bringup' build argument 'catkin_skip_building_tests' from command line to 'False'
[0.177s] DEBUG:colcon.colcon_core.verb:Building package 'robot_bringup' with the following arguments: {'ament_cmake_args': None, 'build_base': '/home/wilson/ROBE313_ROS2Hw/build/robot_bringup', 'catkin_cmake_args': None, 'catkin_skip_building_tests': False, 'cmake_args': None, 'cmake_clean_cache': False, 'cmake_clean_first': False, 'cmake_force_configure': False, 'cmake_target': None, 'cmake_target_skip_unavailable': False, 'install_base': '/home/wilson/ROBE313_ROS2Hw/install/robot_bringup', 'merge_install': False, 'path': '/home/wilson/ROBE313_ROS2Hw/src/robot_bringup', 'symlink_install': False, 'test_result_base': None}
[0.177s] Level 5:colcon.colcon_core.verb:set package 'robot_simulator_py' build argument 'cmake_args' from command line to 'None'
[0.177s] Level 5:colcon.colcon_core.verb:set package 'robot_simulator_py' build argument 'cmake_target' from command line to 'None'
[0.177s] Level 5:colcon.colcon_core.verb:set package 'robot_simulator_py' build argument 'cmake_target_skip_unavailable' from command line to 'False'
[0.177s] Level 5:colcon.colcon_core.verb:set package 'robot_simulator_py' build argument 'cmake_clean_cache' from command line to 'False'
[0.177s] Level 5:colcon.colcon_core.verb:set package 'robot_simulator_py' build argument 'cmake_clean_first' from command line to 'False'
[0.177s] Level 5:colcon.colcon_core.verb:set package 'robot_simulator_py' build argument 'cmake_force_configure' from command line to 'False'
[0.177s] Level 5:colcon.colcon_core.verb:set package 'robot_simulator_py' build argument 'ament_cmake_args' from command line to 'None'
[0.177s] Level 5:colcon.colcon_core.verb:set package 'robot_simulator_py' build argument 'catkin_cmake_args' from command line to 'None'
[0.177s] Level 5:colcon.colcon_core.verb:set package 'robot_simulator_py' build argument 'catkin_skip_building_tests' from command line to 'False'
[0.177s] DEBUG:colcon.colcon_core.verb:Building package 'robot_simulator_py' with the following arguments: {'ament_cmake_args': None, 'build_base': '/home/wilson/ROBE313_ROS2Hw/build/robot_simulator_py', 'catkin_cmake_args': None, 'catkin_skip_building_tests': False, 'cmake_args': None, 'cmake_clean_cache': False, 'cmake_clean_first': False, 'cmake_force_configure': False, 'cmake_target': None, 'cmake_target_skip_unavailable': False, 'install_base': '/home/wilson/ROBE313_ROS2Hw/install/robot_simulator_py', 'merge_install': False, 'path': '/home/wilson/ROBE313_ROS2Hw/src/robot_simulator_py', 'symlink_install': False, 'test_result_base': None}
[0.178s] Level 5:colcon.colcon_core.verb:set package 'robot_simulator_cpp' build argument 'cmake_args' from command line to 'None'
[0.178s] Level 5:colcon.colcon_core.verb:set package 'robot_simulator_cpp' build argument 'cmake_target' from command line to 'None'
[0.178s] Level 5:colcon.colcon_core.verb:set package 'robot_simulator_cpp' build argument 'cmake_target_skip_unavailable' from command line to 'False'
[0.178s] Level 5:colcon.colcon_core.verb:set package 'robot_simulator_cpp' build argument 'cmake_clean_cache' from command line to 'False'
[0.178s] Level 5:colcon.colcon_core.verb:set package 'robot_simulator_cpp' build argument 'cmake_clean_first' from command line to 'False'
[0.178s] Level 5:colcon.colcon_core.verb:set package 'robot_simulator_cpp' build argument 'cmake_force_configure' from command line to 'False'
[0.178s] Level 5:colcon.colcon_core.verb:set package 'robot_simulator_cpp' build argument 'ament_cmake_args' from command line to 'None'
[0.178s] Level 5:colcon.colcon_core.verb:set package 'robot_simulator_cpp' build argument 'catkin_cmake_args' from command line to 'None'
[0.178s] Level 5:colcon.colcon_core.verb:set package 'robot_simulator_cpp' build argument 'catkin_skip_building_tests' from command line to 'False'
[0.178s] DEBUG:colcon.colcon_core.verb:Building package 'robot_simulator_cpp' with the following arguments: {'ament_cmake_args': None, 'build_base': '/home/wilson/ROBE313_ROS2Hw/build/robot_simulator_cpp', 'catkin_cmake_args': None, 'catkin_skip_building_tests': False, 'cmake_args': None, 'cmake_clean_cache': False, 'cmake_clean_first': False, 'cmake_force_configure': False, 'cmake_target': None, 'cmake_target_skip_unavailable': False, 'install_base': '/home/wilson/ROBE313_ROS2Hw/install/robot_simulator_cpp', 'merge_install': False, 'path': '/home/wilson/ROBE313_ROS2Hw/src/robot_simulator_cpp', 'symlink_install': False, 'test_result_base': None}
[0.178s] INFO:colcon.colcon_core.executor:Executing jobs using 'parallel' executor
[0.178s] DEBUG:colcon.colcon_parallel_executor.executor.parallel:run_until_complete
[0.179s] INFO:colcon.colcon_ros.task.ament_cmake.build:Building ROS package in '/home/wilson/ROBE313_ROS2Hw/src/custom_interfaces' with build type 'ament_cmake'
[0.179s] INFO:colcon.colcon_cmake.task.cmake.build:Building CMake package in '/home/wilson/ROBE313_ROS2Hw/src/custom_interfaces'
[0.180s] INFO:colcon.colcon_core.plugin_system:Skipping extension 'colcon_core.shell.bat': Not used on non-Windows systems
[0.180s] INFO:colcon.colcon_core.shell:Skip shell extension 'powershell' for command environment: Not usable outside of PowerShell
[0.180s] DEBUG:colcon.colcon_core.shell:Skip shell extension 'dsv' for command environment
[0.182s] INFO:colcon.colcon_ros.task.ament_cmake.build:Building ROS package in '/home/wilson/ROBE313_ROS2Hw/src/robot_bringup' with build type 'ament_cmake'
[0.182s] INFO:colcon.colcon_cmake.task.cmake.build:Building CMake package in '/home/wilson/ROBE313_ROS2Hw/src/robot_bringup'
[0.182s] INFO:colcon.colcon_core.shell:Skip shell extension 'powershell' for command environment: Not usable outside of PowerShell
[0.182s] DEBUG:colcon.colcon_core.shell:Skip shell extension 'dsv' for command environment
[0.184s] INFO:colcon.colcon_ros.task.ament_python.build:Building ROS package in '/home/wilson/ROBE313_ROS2Hw/src/robot_simulator_py' with build type 'ament_python'
[0.184s] Level 1:colcon.colcon_core.shell:create_environment_hook('robot_simulator_py', 'ament_prefix_path')
[0.184s] INFO:colcon.colcon_core.shell:Creating environment hook '/home/wilson/ROBE313_ROS2Hw/install/robot_simulator_py/share/robot_simulator_py/hook/ament_prefix_path.ps1'
[0.184s] INFO:colcon.colcon_core.shell:Creating environment descriptor '/home/wilson/ROBE313_ROS2Hw/install/robot_simulator_py/share/robot_simulator_py/hook/ament_prefix_path.dsv'
[0.184s] INFO:colcon.colcon_core.shell:Creating environment hook '/home/wilson/ROBE313_ROS2Hw/install/robot_simulator_py/share/robot_simulator_py/hook/ament_prefix_path.sh'
[0.185s] INFO:colcon.colcon_core.shell:Skip shell extension 'powershell' for command environment: Not usable outside of PowerShell
[0.185s] DEBUG:colcon.colcon_core.shell:Skip shell extension 'dsv' for command environment
[0.188s] DEBUG:colcon.colcon_core.event_handler.log_command:Invoking command in '/home/wilson/ROBE313_ROS2Hw/build/custom_interfaces': CMAKE_PREFIX_PATH=${CMAKE_PREFIX_PATH}:/home/wilson/ROBE313_ROS2Hw/install/robot_simulator_py:/opt/ros/humble /usr/bin/cmake --build /home/wilson/ROBE313_ROS2Hw/build/custom_interfaces -- -j20 -l20
[0.190s] DEBUG:colcon.colcon_core.event_handler.log_command:Invoking command in '/home/wilson/ROBE313_ROS2Hw/build/robot_bringup': CMAKE_PREFIX_PATH=${CMAKE_PREFIX_PATH}:/home/wilson/ROBE313_ROS2Hw/install/robot_simulator_py:/opt/ros/humble /usr/bin/cmake --build /home/wilson/ROBE313_ROS2Hw/build/robot_bringup -- -j20 -l20
[0.329s] INFO:colcon.colcon_core.task.python.build:Building Python package in '/home/wilson/ROBE313_ROS2Hw/src/robot_simulator_py'
[0.330s] INFO:colcon.colcon_core.shell:Skip shell extension 'powershell' for command environment: Not usable outside of PowerShell
[0.330s] DEBUG:colcon.colcon_core.shell:Skip shell extension 'dsv' for command environment
[0.389s] DEBUG:colcon.colcon_core.event_handler.log_command:Invoked command in '/home/wilson/ROBE313_ROS2Hw/build/custom_interfaces' returned '0': CMAKE_PREFIX_PATH=${CMAKE_PREFIX_PATH}:/home/wilson/ROBE313_ROS2Hw/install/robot_simulator_py:/opt/ros/humble /usr/bin/cmake --build /home/wilson/ROBE313_ROS2Hw/build/custom_interfaces -- -j20 -l20
[0.395s] DEBUG:colcon.colcon_core.event_handler.log_command:Invoking command in '/home/wilson/ROBE313_ROS2Hw/build/custom_interfaces': CMAKE_PREFIX_PATH=${CMAKE_PREFIX_PATH}:/home/wilson/ROBE313_ROS2Hw/install/robot_simulator_py:/opt/ros/humble /usr/bin/cmake --install /home/wilson/ROBE313_ROS2Hw/build/custom_interfaces
[0.427s] Level 1:colcon.colcon_core.environment:create_environment_scripts_only(custom_interfaces)
[0.428s] DEBUG:colcon.colcon_core.event_handler.log_command:Invoked command in '/home/wilson/ROBE313_ROS2Hw/build/custom_interfaces' returned '0': CMAKE_PREFIX_PATH=${CMAKE_PREFIX_PATH}:/home/wilson/ROBE313_ROS2Hw/install/robot_simulator_py:/opt/ros/humble /usr/bin/cmake --install /home/wilson/ROBE313_ROS2Hw/build/custom_interfaces
[0.430s] Level 1:colcon.colcon_core.environment:checking '/home/wilson/ROBE313_ROS2Hw/install/custom_interfaces' for CMake module files
[0.430s] Level 1:colcon.colcon_core.environment:checking '/home/wilson/ROBE313_ROS2Hw/install/custom_interfaces' for CMake config files
[0.430s] Level 1:colcon.colcon_core.shell:create_environment_hook('custom_interfaces', 'cmake_prefix_path')
[0.431s] INFO:colcon.colcon_core.shell:Creating environment hook '/home/wilson/ROBE313_ROS2Hw/install/custom_interfaces/share/custom_interfaces/hook/cmake_prefix_path.ps1'
[0.431s] INFO:colcon.colcon_core.shell:Creating environment descriptor '/home/wilson/ROBE313_ROS2Hw/install/custom_interfaces/share/custom_interfaces/hook/cmake_prefix_path.dsv'
[0.431s] INFO:colcon.colcon_core.shell:Creating environment hook '/home/wilson/ROBE313_ROS2Hw/install/custom_interfaces/share/custom_interfaces/hook/cmake_prefix_path.sh'
[0.432s] Level 1:colcon.colcon_core.environment:checking '/home/wilson/ROBE313_ROS2Hw/install/custom_interfaces/lib'
[0.432s] Level 1:colcon.colcon_core.shell:create_environment_hook('custom_interfaces', 'ld_library_path_lib')
[0.432s] INFO:colcon.colcon_core.shell:Creating environment hook '/home/wilson/ROBE313_ROS2Hw/install/custom_interfaces/share/custom_interfaces/hook/ld_library_path_lib.ps1'
[0.433s] INFO:colcon.colcon_core.shell:Creating environment descriptor '/home/wilson/ROBE313_ROS2Hw/install/custom_interfaces/share/custom_interfaces/hook/ld_library_path_lib.dsv'
[0.433s] INFO:colcon.colcon_core.shell:Creating environment hook '/home/wilson/ROBE313_ROS2Hw/install/custom_interfaces/share/custom_interfaces/hook/ld_library_path_lib.sh'
[0.433s] Level 1:colcon.colcon_core.environment:checking '/home/wilson/ROBE313_ROS2Hw/install/custom_interfaces/bin'
[0.433s] Level 1:colcon.colcon_core.environment:checking '/home/wilson/ROBE313_ROS2Hw/install/custom_interfaces/lib/pkgconfig/custom_interfaces.pc'
[0.434s] Level 1:colcon.colcon_core.environment:checking '/home/wilson/ROBE313_ROS2Hw/install/custom_interfaces/lib/python3.10/site-packages'
[0.434s] Level 1:colcon.colcon_core.environment:checking '/home/wilson/ROBE313_ROS2Hw/install/custom_interfaces/bin'
[0.434s] INFO:colcon.colcon_core.shell:Creating package script '/home/wilson/ROBE313_ROS2Hw/install/custom_interfaces/share/custom_interfaces/package.ps1'
[0.435s] INFO:colcon.colcon_core.shell:Creating package descriptor '/home/wilson/ROBE313_ROS2Hw/install/custom_interfaces/share/custom_interfaces/package.dsv'
[0.435s] INFO:colcon.colcon_core.shell:Creating package script '/home/wilson/ROBE313_ROS2Hw/install/custom_interfaces/share/custom_interfaces/package.sh'
[0.436s] INFO:colcon.colcon_core.shell:Creating package script '/home/wilson/ROBE313_ROS2Hw/install/custom_interfaces/share/custom_interfaces/package.bash'
[0.437s] INFO:colcon.colcon_core.shell:Creating package script '/home/wilson/ROBE313_ROS2Hw/install/custom_interfaces/share/custom_interfaces/package.zsh'
[0.437s] Level 1:colcon.colcon_core.environment:create_file_with_runtime_dependencies(/home/wilson/ROBE313_ROS2Hw/install/custom_interfaces/share/colcon-core/packages/custom_interfaces)
[0.438s] Level 1:colcon.colcon_core.environment:create_environment_scripts_only(custom_interfaces)
[0.438s] Level 1:colcon.colcon_core.environment:checking '/home/wilson/ROBE313_ROS2Hw/install/custom_interfaces' for CMake module files
[0.438s] Level 1:colcon.colcon_core.environment:checking '/home/wilson/ROBE313_ROS2Hw/install/custom_interfaces' for CMake config files
[0.438s] Level 1:colcon.colcon_core.shell:create_environment_hook('custom_interfaces', 'cmake_prefix_path')
[0.438s] INFO:colcon.colcon_core.shell:Creating environment hook '/home/wilson/ROBE313_ROS2Hw/install/custom_interfaces/share/custom_interfaces/hook/cmake_prefix_path.ps1'
[0.438s] INFO:colcon.colcon_core.shell:Creating environment descriptor '/home/wilson/ROBE313_ROS2Hw/install/custom_interfaces/share/custom_interfaces/hook/cmake_prefix_path.dsv'
[0.439s] INFO:colcon.colcon_core.shell:Creating environment hook '/home/wilson/ROBE313_ROS2Hw/install/custom_interfaces/share/custom_interfaces/hook/cmake_prefix_path.sh'
[0.439s] Level 1:colcon.colcon_core.environment:checking '/home/wilson/ROBE313_ROS2Hw/install/custom_interfaces/lib'
[0.439s] Level 1:colcon.colcon_core.shell:create_environment_hook('custom_interfaces', 'ld_library_path_lib')
[0.439s] INFO:colcon.colcon_core.shell:Creating environment hook '/home/wilson/ROBE313_ROS2Hw/install/custom_interfaces/share/custom_interfaces/hook/ld_library_path_lib.ps1'
[0.439s] INFO:colcon.colcon_core.shell:Creating environment descriptor '/home/wilson/ROBE313_ROS2Hw/install/custom_interfaces/share/custom_interfaces/hook/ld_library_path_lib.dsv'
[0.439s] INFO:colcon.colcon_core.shell:Creating environment hook '/home/wilson/ROBE313_ROS2Hw/install/custom_interfaces/share/custom_interfaces/hook/ld_library_path_lib.sh'
[0.439s] Level 1:colcon.colcon_core.environment:checking '/home/wilson/ROBE313_ROS2Hw/install/custom_interfaces/bin'
[0.439s] Level 1:colcon.colcon_core.environment:checking '/home/wilson/ROBE313_ROS2Hw/install/custom_interfaces/lib/pkgconfig/custom_interfaces.pc'
[0.440s] Level 1:colcon.colcon_core.environment:checking '/home/wilson/ROBE313_ROS2Hw/install/custom_interfaces/lib/python3.10/site-packages'
[0.440s] Level 1:colcon.colcon_core.environment:checking '/home/wilson/ROBE313_ROS2Hw/install/custom_interfaces/bin'
[0.440s] INFO:colcon.colcon_core.shell:Creating package script '/home/wilson/ROBE313_ROS2Hw/install/custom_interfaces/share/custom_interfaces/package.ps1'
[0.440s] INFO:colcon.colcon_core.shell:Creating package descriptor '/home/wilson/ROBE313_ROS2Hw/install/custom_interfaces/share/custom_interfaces/package.dsv'
[0.440s] INFO:colcon.colcon_core.shell:Creating package script '/home/wilson/ROBE313_ROS2Hw/install/custom_interfaces/share/custom_interfaces/package.sh'
[0.441s] INFO:colcon.colcon_core.shell:Creating package script '/home/wilson/ROBE313_ROS2Hw/install/custom_interfaces/share/custom_interfaces/package.bash'
[0.441s] INFO:colcon.colcon_core.shell:Creating package script '/home/wilson/ROBE313_ROS2Hw/install/custom_interfaces/share/custom_interfaces/package.zsh'
[0.441s] Level 1:colcon.colcon_core.environment:create_file_with_runtime_dependencies(/home/wilson/ROBE313_ROS2Hw/install/custom_interfaces/share/colcon-core/packages/custom_interfaces)
[0.442s] INFO:colcon.colcon_ros.task.ament_cmake.build:Building ROS package in '/home/wilson/ROBE313_ROS2Hw/src/robot_simulator_cpp' with build type 'ament_cmake'
[0.442s] INFO:colcon.colcon_cmake.task.cmake.build:Building CMake package in '/home/wilson/ROBE313_ROS2Hw/src/robot_simulator_cpp'
[0.442s] INFO:colcon.colcon_core.shell:Skip shell extension 'powershell' for command environment: Not usable outside of PowerShell
[0.442s] DEBUG:colcon.colcon_core.shell:Skip shell extension 'dsv' for command environment
[0.448s] DEBUG:colcon.colcon_core.event_handler.log_command:Invoking command in '/home/wilson/ROBE313_ROS2Hw/build/robot_simulator_cpp': CMAKE_PREFIX_PATH=/home/wilson/ROBE313_ROS2Hw/install/custom_interfaces:/home/wilson/ROBE313_ROS2Hw/install/robot_simulator_cpp:/home/wilson/ROBE313_ROS2Hw/install/robot_bringup:/home/wilson/ROBE313_ROS2Hw/install/robot_simulator_py:/opt/ros/humble /usr/bin/cmake --build /home/wilson/ROBE313_ROS2Hw/build/robot_simulator_cpp -- -j20 -l20
[0.497s] DEBUG:colcon.colcon_core.event_handler.log_command:Invoked command in '/home/wilson/ROBE313_ROS2Hw/build/robot_simulator_cpp' returned '0': CMAKE_PREFIX_PATH=/home/wilson/ROBE313_ROS2Hw/install/custom_interfaces:/home/wilson/ROBE313_ROS2Hw/install/robot_simulator_cpp:/home/wilson/ROBE313_ROS2Hw/install/robot_bringup:/home/wilson/ROBE313_ROS2Hw/install/robot_simulator_py:/opt/ros/humble /usr/bin/cmake --build /home/wilson/ROBE313_ROS2Hw/build/robot_simulator_cpp -- -j20 -l20
[0.498s] DEBUG:colcon.colcon_core.event_handler.log_command:Invoking command in '/home/wilson/ROBE313_ROS2Hw/build/robot_simulator_cpp': CMAKE_PREFIX_PATH=/home/wilson/ROBE313_ROS2Hw/install/custom_interfaces:/home/wilson/ROBE313_ROS2Hw/install/robot_simulator_cpp:/home/wilson/ROBE313_ROS2Hw/install/robot_bringup:/home/wilson/ROBE313_ROS2Hw/install/robot_simulator_py:/opt/ros/humble /usr/bin/cmake --install /home/wilson/ROBE313_ROS2Hw/build/robot_simulator_cpp
[0.504s] Level 1:colcon.colcon_core.environment:create_environment_scripts_only(robot_simulator_cpp)
[0.505s] DEBUG:colcon.colcon_core.event_handler.log_command:Invoked command in '/home/wilson/ROBE313_ROS2Hw/build/robot_simulator_cpp' returned '0': CMAKE_PREFIX_PATH=/home/wilson/ROBE313_ROS2Hw/install/custom_interfaces:/home/wilson/ROBE313_ROS2Hw/install/robot_simulator_cpp:/home/wilson/ROBE313_ROS2Hw/install/robot_bringup:/home/wilson/ROBE313_ROS2Hw/install/robot_simulator_py:/opt/ros/humble /usr/bin/cmake --install /home/wilson/ROBE313_ROS2Hw/build/robot_simulator_cpp
[0.505s] Level 1:colcon.colcon_core.environment:checking '/home/wilson/ROBE313_ROS2Hw/install/robot_simulator_cpp' for CMake module files
[0.505s] Level 1:colcon.colcon_core.environment:checking '/home/wilson/ROBE313_ROS2Hw/install/robot_simulator_cpp' for CMake config files
[0.506s] Level 1:colcon.colcon_core.shell:create_environment_hook('robot_simulator_cpp', 'cmake_prefix_path')
[0.506s] INFO:colcon.colcon_core.shell:Creating environment hook '/home/wilson/ROBE313_ROS2Hw/install/robot_simulator_cpp/share/robot_simulator_cpp/hook/cmake_prefix_path.ps1'
[0.506s] INFO:colcon.colcon_core.shell:Creating environment descriptor '/home/wilson/ROBE313_ROS2Hw/install/robot_simulator_cpp/share/robot_simulator_cpp/hook/cmake_prefix_path.dsv'
[0.506s] INFO:colcon.colcon_core.shell:Creating environment hook '/home/wilson/ROBE313_ROS2Hw/install/robot_simulator_cpp/share/robot_simulator_cpp/hook/cmake_prefix_path.sh'
[0.507s] Level 1:colcon.colcon_core.environment:checking '/home/wilson/ROBE313_ROS2Hw/install/robot_simulator_cpp/lib'
[0.507s] Level 1:colcon.colcon_core.environment:checking '/home/wilson/ROBE313_ROS2Hw/install/robot_simulator_cpp/bin'
[0.507s] Level 1:colcon.colcon_core.environment:checking '/home/wilson/ROBE313_ROS2Hw/install/robot_simulator_cpp/lib/pkgconfig/robot_simulator_cpp.pc'
[0.507s] Level 1:colcon.colcon_core.environment:checking '/home/wilson/ROBE313_ROS2Hw/install/robot_simulator_cpp/lib/python3.10/site-packages'
[0.507s] Level 1:colcon.colcon_core.environment:checking '/home/wilson/ROBE313_ROS2Hw/install/robot_simulator_cpp/bin'
[0.507s] INFO:colcon.colcon_core.shell:Creating package script '/home/wilson/ROBE313_ROS2Hw/install/robot_simulator_cpp/share/robot_simulator_cpp/package.ps1'
[0.508s] INFO:colcon.colcon_core.shell:Creating package descriptor '/home/wilson/ROBE313_ROS2Hw/install/robot_simulator_cpp/share/robot_simulator_cpp/package.dsv'
[0.508s] INFO:colcon.colcon_core.shell:Creating package script '/home/wilson/ROBE313_ROS2Hw/install/robot_simulator_cpp/share/robot_simulator_cpp/package.sh'
[0.508s] INFO:colcon.colcon_core.shell:Creating package script '/home/wilson/ROBE313_ROS2Hw/install/robot_simulator_cpp/share/robot_simulator_cpp/package.bash'
[0.508s] INFO:colcon.colcon_core.shell:Creating package script '/home/wilson/ROBE313_ROS2Hw/install/robot_simulator_cpp/share/robot_simulator_cpp/package.zsh'
[0.508s] Level 1:colcon.colcon_core.environment:create_file_with_runtime_dependencies(/home/wilson/ROBE313_ROS2Hw/install/robot_simulator_cpp/share/colcon-core/packages/robot_simulator_cpp)
[0.509s] Level 1:colcon.colcon_core.environment:create_environment_scripts_only(robot_simulator_cpp)
[0.509s] Level 1:colcon.colcon_core.environment:checking '/home/wilson/ROBE313_ROS2Hw/install/robot_simulator_cpp' for CMake module files
[0.509s] Level 1:colcon.colcon_core.environment:checking '/home/wilson/ROBE313_ROS2Hw/install/robot_simulator_cpp' for CMake config files
[0.509s] Level 1:colcon.colcon_core.shell:create_environment_hook('robot_simulator_cpp', 'cmake_prefix_path')
[0.509s] INFO:colcon.colcon_core.shell:Creating environment hook '/home/wilson/ROBE313_ROS2Hw/install/robot_simulator_cpp/share/robot_simulator_cpp/hook/cmake_prefix_path.ps1'
[0.510s] INFO:colcon.colcon_core.shell:Creating environment descriptor '/home/wilson/ROBE313_ROS2Hw/install/robot_simulator_cpp/share/robot_simulator_cpp/hook/cmake_prefix_path.dsv'
[0.510s] INFO:colcon.colcon_core.shell:Creating environment hook '/home/wilson/ROBE313_ROS2Hw/install/robot_simulator_cpp/share/robot_simulator_cpp/hook/cmake_prefix_path.sh'
[0.510s] Level 1:colcon.colcon_core.environment:checking '/home/wilson/ROBE313_ROS2Hw/install/robot_simulator_cpp/lib'
[0.510s] Level 1:colcon.colcon_core.environment:checking '/home/wilson/ROBE313_ROS2Hw/install/robot_simulator_cpp/bin'
[0.510s] Level 1:colcon.colcon_core.environment:checking '/home/wilson/ROBE313_ROS2Hw/install/robot_simulator_cpp/lib/pkgconfig/robot_simulator_cpp.pc'
[0.510s] Level 1:colcon.colcon_core.environment:checking '/home/wilson/ROBE313_ROS2Hw/install/robot_simulator_cpp/lib/python3.10/site-packages'
[0.511s] Level 1:colcon.colcon_core.environment:checking '/home/wilson/ROBE313_ROS2Hw/install/robot_simulator_cpp/bin'
[0.511s] INFO:colcon.colcon_core.shell:Creating package script '/home/wilson/ROBE313_ROS2Hw/install/robot_simulator_cpp/share/robot_simulator_cpp/package.ps1'
[0.511s] INFO:colcon.colcon_core.shell:Creating package descriptor '/home/wilson/ROBE313_ROS2Hw/install/robot_simulator_cpp/share/robot_simulator_cpp/package.dsv'
[0.511s] INFO:colcon.colcon_core.shell:Creating package script '/home/wilson/ROBE313_ROS2Hw/install/robot_simulator_cpp/share/robot_simulator_cpp/package.sh'
[0.512s] INFO:colcon.colcon_core.shell:Creating package script '/home/wilson/ROBE313_ROS2Hw/install/robot_simulator_cpp/share/robot_simulator_cpp/package.bash'
[0.512s] INFO:colcon.colcon_core.shell:Creating package script '/home/wilson/ROBE313_ROS2Hw/install/robot_simulator_cpp/share/robot_simulator_cpp/package.zsh'
[0.512s] Level 1:colcon.colcon_core.environment:create_file_with_runtime_dependencies(/home/wilson/ROBE313_ROS2Hw/install/robot_simulator_cpp/share/colcon-core/packages/robot_simulator_cpp)
[0.525s] DEBUG:colcon.colcon_core.event_handler.log_command:Invoking command in '/home/wilson/ROBE313_ROS2Hw/src/robot_simulator_py': PYTHONPATH=/home/wilson/ROBE313_ROS2Hw/build/robot_simulator_py/prefix_override:/usr/lib/python3/dist-packages/colcon_core/task/python/colcon_distutils_commands:/home/wilson/ROBE313_ROS2Hw/install/robot_simulator_py/lib/python3.10/site-packages:${PYTHONPATH} /usr/bin/python3 -W ignore:setup.py install is deprecated -W ignore:easy_install command is deprecated setup.py egg_info --egg-base ../../build/robot_simulator_py build --build-base /home/wilson/ROBE313_ROS2Hw/build/robot_simulator_py/build install --record /home/wilson/ROBE313_ROS2Hw/build/robot_simulator_py/install.log --single-version-externally-managed install_data
[0.573s] DEBUG:colcon.colcon_core.event_handler.log_command:Invoked command in '/home/wilson/ROBE313_ROS2Hw/build/robot_bringup' returned '0': CMAKE_PREFIX_PATH=${CMAKE_PREFIX_PATH}:/home/wilson/ROBE313_ROS2Hw/install/robot_simulator_py:/opt/ros/humble /usr/bin/cmake --build /home/wilson/ROBE313_ROS2Hw/build/robot_bringup -- -j20 -l20
[0.574s] DEBUG:colcon.colcon_core.event_handler.log_command:Invoking command in '/home/wilson/ROBE313_ROS2Hw/build/robot_bringup': CMAKE_PREFIX_PATH=${CMAKE_PREFIX_PATH}:/home/wilson/ROBE313_ROS2Hw/install/robot_simulator_py:/opt/ros/humble /usr/bin/cmake --install /home/wilson/ROBE313_ROS2Hw/build/robot_bringup
[0.580s] Level 1:colcon.colcon_core.environment:create_environment_scripts_only(robot_bringup)
[0.580s] DEBUG:colcon.colcon_core.event_handler.log_command:Invoked command in '/home/wilson/ROBE313_ROS2Hw/build/robot_bringup' returned '0': CMAKE_PREFIX_PATH=${CMAKE_PREFIX_PATH}:/home/wilson/ROBE313_ROS2Hw/install/robot_simulator_py:/opt/ros/humble /usr/bin/cmake --install /home/wilson/ROBE313_ROS2Hw/build/robot_bringup
[0.581s] Level 1:colcon.colcon_core.environment:checking '/home/wilson/ROBE313_ROS2Hw/install/robot_bringup' for CMake module files
[0.581s] Level 1:colcon.colcon_core.environment:checking '/home/wilson/ROBE313_ROS2Hw/install/robot_bringup' for CMake config files
[0.581s] Level 1:colcon.colcon_core.shell:create_environment_hook('robot_bringup', 'cmake_prefix_path')
[0.581s] INFO:colcon.colcon_core.shell:Creating environment hook '/home/wilson/ROBE313_ROS2Hw/install/robot_bringup/share/robot_bringup/hook/cmake_prefix_path.ps1'
[0.581s] INFO:colcon.colcon_core.shell:Creating environment descriptor '/home/wilson/ROBE313_ROS2Hw/install/robot_bringup/share/robot_bringup/hook/cmake_prefix_path.dsv'
[0.582s] INFO:colcon.colcon_core.shell:Creating environment hook '/home/wilson/ROBE313_ROS2Hw/install/robot_bringup/share/robot_bringup/hook/cmake_prefix_path.sh'
[0.582s] Level 1:colcon.colcon_core.environment:checking '/home/wilson/ROBE313_ROS2Hw/install/robot_bringup/bin'
[0.582s] Level 1:colcon.colcon_core.environment:checking '/home/wilson/ROBE313_ROS2Hw/install/robot_bringup/lib/pkgconfig/robot_bringup.pc'
[0.582s] Level 1:colcon.colcon_core.environment:checking '/home/wilson/ROBE313_ROS2Hw/install/robot_bringup/lib/python3.10/site-packages'
[0.582s] Level 1:colcon.colcon_core.environment:checking '/home/wilson/ROBE313_ROS2Hw/install/robot_bringup/bin'
[0.582s] INFO:colcon.colcon_core.shell:Creating package script '/home/wilson/ROBE313_ROS2Hw/install/robot_bringup/share/robot_bringup/package.ps1'
[0.583s] INFO:colcon.colcon_core.shell:Creating package descriptor '/home/wilson/ROBE313_ROS2Hw/install/robot_bringup/share/robot_bringup/package.dsv'
[0.583s] INFO:colcon.colcon_core.shell:Creating package script '/home/wilson/ROBE313_ROS2Hw/install/robot_bringup/share/robot_bringup/package.sh'
[0.583s] INFO:colcon.colcon_core.shell:Creating package script '/home/wilson/ROBE313_ROS2Hw/install/robot_bringup/share/robot_bringup/package.bash'
[0.583s] INFO:colcon.colcon_core.shell:Creating package script '/home/wilson/ROBE313_ROS2Hw/install/robot_bringup/share/robot_bringup/package.zsh'
[0.583s] Level 1:colcon.colcon_core.environment:create_file_with_runtime_dependencies(/home/wilson/ROBE313_ROS2Hw/install/robot_bringup/share/colcon-core/packages/robot_bringup)
[0.584s] Level 1:colcon.colcon_core.environment:create_environment_scripts_only(robot_bringup)
[0.584s] Level 1:colcon.colcon_core.environment:checking '/home/wilson/ROBE313_ROS2Hw/install/robot_bringup' for CMake module files
[0.584s] Level 1:colcon.colcon_core.environment:checking '/home/wilson/ROBE313_ROS2Hw/install/robot_bringup' for CMake config files
[0.584s] Level 1:colcon.colcon_core.shell:create_environment_hook('robot_bringup', 'cmake_prefix_path')
[0.584s] INFO:colcon.colcon_core.shell:Creating environment hook '/home/wilson/ROBE313_ROS2Hw/install/robot_bringup/share/robot_bringup/hook/cmake_prefix_path.ps1'
[0.584s] INFO:colcon.colcon_core.shell:Creating environment descriptor '/home/wilson/ROBE313_ROS2Hw/install/robot_bringup/share/robot_bringup/hook/cmake_prefix_path.dsv'
[0.584s] INFO:colcon.colcon_core.shell:Creating environment hook '/home/wilson/ROBE313_ROS2Hw/install/robot_bringup/share/robot_bringup/hook/cmake_prefix_path.sh'
[0.585s] Level 1:colcon.colcon_core.environment:checking '/home/wilson/ROBE313_ROS2Hw/install/robot_bringup/bin'
[0.585s] Level 1:colcon.colcon_core.environment:checking '/home/wilson/ROBE313_ROS2Hw/install/robot_bringup/lib/pkgconfig/robot_bringup.pc'
[0.585s] Level 1:colcon.colcon_core.environment:checking '/home/wilson/ROBE313_ROS2Hw/install/robot_bringup/lib/python3.10/site-packages'
[0.585s] Level 1:colcon.colcon_core.environment:checking '/home/wilson/ROBE313_ROS2Hw/install/robot_bringup/bin'
[0.585s] INFO:colcon.colcon_core.shell:Creating package script '/home/wilson/ROBE313_ROS2Hw/install/robot_bringup/share/robot_bringup/package.ps1'
[0.586s] INFO:colcon.colcon_core.shell:Creating package descriptor '/home/wilson/ROBE313_ROS2Hw/install/robot_bringup/share/robot_bringup/package.dsv'
[0.586s] INFO:colcon.colcon_core.shell:Creating package script '/home/wilson/ROBE313_ROS2Hw/install/robot_bringup/share/robot_bringup/package.sh'
[0.586s] INFO:colcon.colcon_core.shell:Creating package script '/home/wilson/ROBE313_ROS2Hw/install/robot_bringup/share/robot_bringup/package.bash'
[0.586s] INFO:colcon.colcon_core.shell:Creating package script '/home/wilson/ROBE313_ROS2Hw/install/robot_bringup/share/robot_bringup/package.zsh'
[0.586s] Level 1:colcon.colcon_core.environment:create_file_with_runtime_dependencies(/home/wilson/ROBE313_ROS2Hw/install/robot_bringup/share/colcon-core/packages/robot_bringup)
[0.680s] Level 1:colcon.colcon_core.environment:checking '/home/wilson/ROBE313_ROS2Hw/install/robot_simulator_py' for CMake module files
[0.681s] DEBUG:colcon.colcon_core.event_handler.log_command:Invoked command in '/home/wilson/ROBE313_ROS2Hw/src/robot_simulator_py' returned '0': PYTHONPATH=/home/wilson/ROBE313_ROS2Hw/build/robot_simulator_py/prefix_override:/usr/lib/python3/dist-packages/colcon_core/task/python/colcon_distutils_commands:/home/wilson/ROBE313_ROS2Hw/install/robot_simulator_py/lib/python3.10/site-packages:${PYTHONPATH} /usr/bin/python3 -W ignore:setup.py install is deprecated -W ignore:easy_install command is deprecated setup.py egg_info --egg-base ../../build/robot_simulator_py build --build-base /home/wilson/ROBE313_ROS2Hw/build/robot_simulator_py/build install --record /home/wilson/ROBE313_ROS2Hw/build/robot_simulator_py/install.log --single-version-externally-managed install_data
[0.681s] Level 1:colcon.colcon_core.environment:checking '/home/wilson/ROBE313_ROS2Hw/install/robot_simulator_py' for CMake config files
[0.681s] Level 1:colcon.colcon_core.environment:checking '/home/wilson/ROBE313_ROS2Hw/install/robot_simulator_py/lib'
[0.681s] Level 1:colcon.colcon_core.environment:checking '/home/wilson/ROBE313_ROS2Hw/install/robot_simulator_py/bin'
[0.681s] Level 1:colcon.colcon_core.environment:checking '/home/wilson/ROBE313_ROS2Hw/install/robot_simulator_py/lib/pkgconfig/robot_simulator_py.pc'
[0.681s] Level 1:colcon.colcon_core.environment:checking '/home/wilson/ROBE313_ROS2Hw/install/robot_simulator_py/lib/python3.10/site-packages'
[0.681s] Level 1:colcon.colcon_core.shell:create_environment_hook('robot_simulator_py', 'pythonpath')
[0.682s] INFO:colcon.colcon_core.shell:Creating environment hook '/home/wilson/ROBE313_ROS2Hw/install/robot_simulator_py/share/robot_simulator_py/hook/pythonpath.ps1'
[0.682s] INFO:colcon.colcon_core.shell:Creating environment descriptor '/home/wilson/ROBE313_ROS2Hw/install/robot_simulator_py/share/robot_simulator_py/hook/pythonpath.dsv'
[0.682s] INFO:colcon.colcon_core.shell:Creating environment hook '/home/wilson/ROBE313_ROS2Hw/install/robot_simulator_py/share/robot_simulator_py/hook/pythonpath.sh'
[0.682s] Level 1:colcon.colcon_core.environment:checking '/home/wilson/ROBE313_ROS2Hw/install/robot_simulator_py/bin'
[0.682s] Level 1:colcon.colcon_core.environment:create_environment_scripts_only(robot_simulator_py)
[0.682s] INFO:colcon.colcon_core.shell:Creating package script '/home/wilson/ROBE313_ROS2Hw/install/robot_simulator_py/share/robot_simulator_py/package.ps1'
[0.683s] INFO:colcon.colcon_core.shell:Creating package descriptor '/home/wilson/ROBE313_ROS2Hw/install/robot_simulator_py/share/robot_simulator_py/package.dsv'
[0.683s] INFO:colcon.colcon_core.shell:Creating package script '/home/wilson/ROBE313_ROS2Hw/install/robot_simulator_py/share/robot_simulator_py/package.sh'
[0.683s] INFO:colcon.colcon_core.shell:Creating package script '/home/wilson/ROBE313_ROS2Hw/install/robot_simulator_py/share/robot_simulator_py/package.bash'
[0.683s] INFO:colcon.colcon_core.shell:Creating package script '/home/wilson/ROBE313_ROS2Hw/install/robot_simulator_py/share/robot_simulator_py/package.zsh'
[0.683s] Level 1:colcon.colcon_core.environment:create_file_with_runtime_dependencies(/home/wilson/ROBE313_ROS2Hw/install/robot_simulator_py/share/colcon-core/packages/robot_simulator_py)
[0.683s] DEBUG:colcon.colcon_parallel_executor.executor.parallel:closing loop
[0.683s] DEBUG:colcon.colcon_parallel_executor.executor.parallel:loop closed
[0.683s] DEBUG:colcon.colcon_parallel_executor.executor.parallel:run_until_complete finished with '0'
[0.683s] DEBUG:colcon.colcon_core.event_reactor:joining thread
[0.686s] INFO:colcon.colcon_core.plugin_system:Skipping extension 'colcon_notification.desktop_notification.terminal_notifier': Not used on non-Darwin systems
[0.686s] INFO:colcon.colcon_core.plugin_system:Skipping extension 'colcon_notification.desktop_notification.win32': Not used on non-Windows systems
[0.686s] INFO:colcon.colcon_notification.desktop_notification:Sending desktop notification using 'notify2'
[0.693s] DEBUG:colcon.colcon_core.event_reactor:joined thread
[0.694s] INFO:colcon.colcon_core.shell:Creating prefix script '/home/wilson/ROBE313_ROS2Hw/install/local_setup.ps1'
[0.694s] INFO:colcon.colcon_core.shell:Creating prefix util module '/home/wilson/ROBE313_ROS2Hw/install/_local_setup_util_ps1.py'
[0.695s] INFO:colcon.colcon_core.shell:Creating prefix chain script '/home/wilson/ROBE313_ROS2Hw/install/setup.ps1'
[0.695s] INFO:colcon.colcon_core.shell:Creating prefix script '/home/wilson/ROBE313_ROS2Hw/install/local_setup.sh'
[0.695s] INFO:colcon.colcon_core.shell:Creating prefix util module '/home/wilson/ROBE313_ROS2Hw/install/_local_setup_util_sh.py'
[0.696s] INFO:colcon.colcon_core.shell:Creating prefix chain script '/home/wilson/ROBE313_ROS2Hw/install/setup.sh'
[0.696s] INFO:colcon.colcon_core.shell:Creating prefix script '/home/wilson/ROBE313_ROS2Hw/install/local_setup.bash'
[0.696s] INFO:colcon.colcon_core.shell:Creating prefix chain script '/home/wilson/ROBE313_ROS2Hw/install/setup.bash'
[0.697s] INFO:colcon.colcon_core.shell:Creating prefix script '/home/wilson/ROBE313_ROS2Hw/install/local_setup.zsh'
[0.697s] INFO:colcon.colcon_core.shell:Creating prefix chain script '/home/wilson/ROBE313_ROS2Hw/install/setup.zsh'
