[0.007s] Invoking command in '/home/wilson/ROBE313_ROS2Hw/build/robot_simulator_cpp': CMAKE_PREFIX_PATH=/home/wilson/ROBE313_ROS2Hw/install/custom_interfaces:/home/wilson/ROBE313_ROS2Hw/install/robot_simulator_cpp:/home/wilson/ROBE313_ROS2Hw/install/robot_bringup:/home/wilson/ROBE313_ROS2Hw/install/robot_simulator_py:/opt/ros/humble /usr/bin/cmake --build /home/wilson/ROBE313_ROS2Hw/build/robot_simulator_cpp -- -j20 -l20
[0.050s] [100%] Built target odometry_node
[0.057s] Invoked command in '/home/wilson/ROBE313_ROS2Hw/build/robot_simulator_cpp' returned '0': CMAKE_PREFIX_PATH=/home/wilson/ROBE313_ROS2Hw/install/custom_interfaces:/home/wilson/ROBE313_ROS2Hw/install/robot_simulator_cpp:/home/wilson/ROBE313_ROS2Hw/install/robot_bringup:/home/wilson/ROBE313_ROS2Hw/install/robot_simulator_py:/opt/ros/humble /usr/bin/cmake --build /home/wilson/ROBE313_ROS2Hw/build/robot_simulator_cpp -- -j20 -l20
[0.058s] Invoking command in '/home/wilson/ROBE313_ROS2Hw/build/robot_simulator_cpp': CMAKE_PREFIX_PATH=/home/wilson/ROBE313_ROS2Hw/install/custom_interfaces:/home/wilson/ROBE313_ROS2Hw/install/robot_simulator_cpp:/home/wilson/ROBE313_ROS2Hw/install/robot_bringup:/home/wilson/ROBE313_ROS2Hw/install/robot_simulator_py:/opt/ros/humble /usr/bin/cmake --install /home/wilson/ROBE313_ROS2Hw/build/robot_simulator_cpp
[0.064s] -- Install configuration: ""
[0.064s] -- Up-to-date: /home/wilson/ROBE313_ROS2Hw/install/robot_simulator_cpp/lib/robot_simulator_cpp/odometry_node
[0.064s] -- Up-to-date: /home/wilson/ROBE313_ROS2Hw/install/robot_simulator_cpp/share/ament_index/resource_index/package_run_dependencies/robot_simulator_cpp
[0.064s] -- Installing: /home/wilson/ROBE313_ROS2Hw/install/robot_simulator_cpp/share/ament_index/resource_index/parent_prefix_path/robot_simulator_cpp
[0.064s] -- Up-to-date: /home/wilson/ROBE313_ROS2Hw/install/robot_simulator_cpp/share/robot_simulator_cpp/environment/ament_prefix_path.sh
[0.064s] -- Installing: /home/wilson/ROBE313_ROS2Hw/install/robot_simulator_cpp/share/robot_simulator_cpp/environment/ament_prefix_path.dsv
[0.064s] -- Up-to-date: /home/wilson/ROBE313_ROS2Hw/install/robot_simulator_cpp/share/robot_simulator_cpp/environment/path.sh
[0.064s] -- Installing: /home/wilson/ROBE313_ROS2Hw/install/robot_simulator_cpp/share/robot_simulator_cpp/environment/path.dsv
[0.064s] -- Up-to-date: /home/wilson/ROBE313_ROS2Hw/install/robot_simulator_cpp/share/robot_simulator_cpp/local_setup.bash
[0.065s] -- Up-to-date: /home/wilson/ROBE313_ROS2Hw/install/robot_simulator_cpp/share/robot_simulator_cpp/local_setup.sh
[0.065s] -- Up-to-date: /home/wilson/ROBE313_ROS2Hw/install/robot_simulator_cpp/share/robot_simulator_cpp/local_setup.zsh
[0.065s] -- Installing: /home/wilson/ROBE313_ROS2Hw/install/robot_simulator_cpp/share/robot_simulator_cpp/local_setup.dsv
[0.065s] -- Installing: /home/wilson/ROBE313_ROS2Hw/install/robot_simulator_cpp/share/robot_simulator_cpp/package.dsv
[0.065s] -- Up-to-date: /home/wilson/ROBE313_ROS2Hw/install/robot_simulator_cpp/share/ament_index/resource_index/packages/robot_simulator_cpp
[0.065s] -- Up-to-date: /home/wilson/ROBE313_ROS2Hw/install/robot_simulator_cpp/share/robot_simulator_cpp/cmake/robot_simulator_cppConfig.cmake
[0.065s] -- Up-to-date: /home/wilson/ROBE313_ROS2Hw/install/robot_simulator_cpp/share/robot_simulator_cpp/cmake/robot_simulator_cppConfig-version.cmake
[0.065s] -- Up-to-date: /home/wilson/ROBE313_ROS2Hw/install/robot_simulator_cpp/share/robot_simulator_cpp/package.xml
[0.067s] Invoked command in '/home/wilson/ROBE313_ROS2Hw/build/robot_simulator_cpp' returned '0': CMAKE_PREFIX_PATH=/home/wilson/ROBE313_ROS2Hw/install/custom_interfaces:/home/wilson/ROBE313_ROS2Hw/install/robot_simulator_cpp:/home/wilson/ROBE313_ROS2Hw/install/robot_bringup:/home/wilson/ROBE313_ROS2Hw/install/robot_simulator_py:/opt/ros/humble /usr/bin/cmake --install /home/wilson/ROBE313_ROS2Hw/build/robot_simulator_cpp
