[0.009s] Invoking command in '/home/wilson/ROBE313_ROS2Hw/build/robot_bringup': CMAKE_PREFIX_PATH=${CMAKE_PREFIX_PATH}:/home/wilson/ROBE313_ROS2Hw/install/robot_simulator_py:/opt/ros/humble /usr/bin/cmake --build /home/wilson/ROBE313_ROS2Hw/build/robot_bringup -- -j20 -l20
[0.153s] Invoked command in '/home/wilson/ROBE313_ROS2Hw/build/robot_bringup' returned '0': CMAKE_PREFIX_PATH=${CMAKE_PREFIX_PATH}:/home/wilson/ROBE313_ROS2Hw/install/robot_simulator_py:/opt/ros/humble /usr/bin/cmake --build /home/wilson/ROBE313_ROS2Hw/build/robot_bringup -- -j20 -l20
[0.160s] Invoking command in '/home/wilson/ROBE313_ROS2Hw/build/robot_bringup': CMAKE_PREFIX_PATH=${CMAKE_PREFIX_PATH}:/home/wilson/ROBE313_ROS2Hw/install/robot_simulator_py:/opt/ros/humble /usr/bin/cmake --install /home/wilson/ROBE313_ROS2Hw/build/robot_bringup
[0.166s] -- Install configuration: ""
[0.166s] -- Up-to-date: /home/wilson/ROBE313_ROS2Hw/install/robot_bringup/share/ament_index/resource_index/package_run_dependencies/robot_bringup
[0.166s] -- Up-to-date: /home/wilson/ROBE313_ROS2Hw/install/robot_bringup/share/ament_index/resource_index/parent_prefix_path/robot_bringup
[0.166s] -- Up-to-date: /home/wilson/ROBE313_ROS2Hw/install/robot_bringup/share/robot_bringup/environment/ament_prefix_path.sh
[0.166s] -- Up-to-date: /home/wilson/ROBE313_ROS2Hw/install/robot_bringup/share/robot_bringup/environment/ament_prefix_path.dsv
[0.166s] -- Up-to-date: /home/wilson/ROBE313_ROS2Hw/install/robot_bringup/share/robot_bringup/environment/path.sh
[0.166s] -- Up-to-date: /home/wilson/ROBE313_ROS2Hw/install/robot_bringup/share/robot_bringup/environment/path.dsv
[0.166s] -- Up-to-date: /home/wilson/ROBE313_ROS2Hw/install/robot_bringup/share/robot_bringup/local_setup.bash
[0.166s] -- Up-to-date: /home/wilson/ROBE313_ROS2Hw/install/robot_bringup/share/robot_bringup/local_setup.sh
[0.166s] -- Up-to-date: /home/wilson/ROBE313_ROS2Hw/install/robot_bringup/share/robot_bringup/local_setup.zsh
[0.166s] -- Up-to-date: /home/wilson/ROBE313_ROS2Hw/install/robot_bringup/share/robot_bringup/local_setup.dsv
[0.166s] -- Up-to-date: /home/wilson/ROBE313_ROS2Hw/install/robot_bringup/share/robot_bringup/package.dsv
[0.166s] -- Up-to-date: /home/wilson/ROBE313_ROS2Hw/install/robot_bringup/share/ament_index/resource_index/packages/robot_bringup
[0.166s] -- Up-to-date: /home/wilson/ROBE313_ROS2Hw/install/robot_bringup/share/robot_bringup/cmake/robot_bringupConfig.cmake
[0.166s] -- Up-to-date: /home/wilson/ROBE313_ROS2Hw/install/robot_bringup/share/robot_bringup/cmake/robot_bringupConfig-version.cmake
[0.166s] -- Up-to-date: /home/wilson/ROBE313_ROS2Hw/install/robot_bringup/share/robot_bringup/package.xml
[0.167s] Invoked command in '/home/wilson/ROBE313_ROS2Hw/build/robot_bringup' returned '0': CMAKE_PREFIX_PATH=${CMAKE_PREFIX_PATH}:/home/wilson/ROBE313_ROS2Hw/install/robot_simulator_py:/opt/ros/humble /usr/bin/cmake --install /home/wilson/ROBE313_ROS2Hw/build/robot_bringup
