[0.009s] Invoking command in '/home/wilson/ROBE313_ROS2Hw/build/robot_bringup': CMAKE_PREFIX_PATH=/opt/ros/humble /usr/bin/cmake /home/wilson/ROBE313_ROS2Hw/src/robot_bringup -DCMAKE_INSTALL_PREFIX=/home/wilson/ROBE313_ROS2Hw/install/robot_bringup
[0.082s] -- The C compiler identification is GNU 11.4.0
[0.154s] -- The CXX compiler identification is GNU 11.4.0
[0.161s] -- Detecting C compiler ABI info
[0.209s] -- Detecting C compiler ABI info - done
[0.215s] -- Check for working C compiler: /usr/bin/cc - skipped
[0.215s] -- Detecting C compile features
[0.216s] -- Detecting C compile features - done
[0.219s] -- Detecting CXX compiler ABI info
[0.272s] -- Detecting CXX compiler ABI info - done
[0.279s] -- Check for working CXX compiler: /usr/bin/c++ - skipped
[0.279s] -- Detecting CXX compile features
[0.279s] -- Detecting CXX compile features - done
[0.282s] -- Found ament_cmake: 1.3.12 (/opt/ros/humble/share/ament_cmake/cmake)
[0.384s] -- Found Python3: /usr/bin/python3 (found version "3.10.12") found components: Interpreter 
[0.448s] -- Found rclcpp: 16.0.15 (/opt/ros/humble/share/rclcpp/cmake)
[0.473s] -- Found rosidl_generator_c: 3.1.7 (/opt/ros/humble/share/rosidl_generator_c/cmake)
[0.477s] -- Found rosidl_adapter: 3.1.7 (/opt/ros/humble/share/rosidl_adapter/cmake)
[0.483s] -- Found rosidl_generator_cpp: 3.1.7 (/opt/ros/humble/share/rosidl_generator_cpp/cmake)
[0.493s] -- Using all available rosidl_typesupport_c: rosidl_typesupport_fastrtps_c;rosidl_typesupport_introspection_c
[0.504s] -- Using all available rosidl_typesupport_cpp: rosidl_typesupport_fastrtps_cpp;rosidl_typesupport_introspection_cpp
[0.537s] -- Found rmw_implementation_cmake: 6.1.2 (/opt/ros/humble/share/rmw_implementation_cmake/cmake)
[0.539s] -- Found rmw_fastrtps_cpp: 6.2.9 (/opt/ros/humble/share/rmw_fastrtps_cpp/cmake)
[0.608s] -- Found OpenSSL: /usr/lib/x86_64-linux-gnu/libcrypto.so (found version "3.0.2")  
[0.626s] -- Found FastRTPS: /opt/ros/humble/include  
[0.651s] -- Using RMW implementation 'rmw_fastrtps_cpp' as default
[0.658s] -- Looking for pthread.h
[0.710s] -- Looking for pthread.h - found
[0.710s] -- Performing Test CMAKE_HAVE_LIBC_PTHREAD
[0.758s] -- Performing Test CMAKE_HAVE_LIBC_PTHREAD - Success
[0.759s] -- Found Threads: TRUE  
[0.790s] -- Found robot_state_publisher: 3.0.3 (/opt/ros/humble/share/robot_state_publisher/cmake)
[0.809s] -- Found eigen3_cmake_module: 0.1.1 (/opt/ros/humble/share/eigen3_cmake_module/cmake)
[0.810s] -- Found Eigen3: TRUE (found version "3.4.0") 
[0.810s] -- Ensuring Eigen3 include directory is part of orocos-kdl CMake target
[0.917s] -- Found xacro: 2.1.1 (/opt/ros/humble/share/xacro/cmake)
[0.918s] -- Found rviz2: 11.2.22 (/opt/ros/humble/share/rviz2/cmake)
[0.919s] -- Found ament_lint_auto: 0.12.14 (/opt/ros/humble/share/ament_lint_auto/cmake)
[0.972s] -- Added test 'lint_cmake' to check CMake code style
[0.972s] -- Added test 'xmllint' to check XML markup files
[0.973s] -- Configuring done
[0.975s] -- Generating done
[0.977s] -- Build files have been written to: /home/wilson/ROBE313_ROS2Hw/build/robot_bringup
[0.983s] Invoked command in '/home/wilson/ROBE313_ROS2Hw/build/robot_bringup' returned '0': CMAKE_PREFIX_PATH=/opt/ros/humble /usr/bin/cmake /home/wilson/ROBE313_ROS2Hw/src/robot_bringup -DCMAKE_INSTALL_PREFIX=/home/wilson/ROBE313_ROS2Hw/install/robot_bringup
[0.985s] Invoking command in '/home/wilson/ROBE313_ROS2Hw/build/robot_bringup': CMAKE_PREFIX_PATH=/opt/ros/humble /usr/bin/cmake --build /home/wilson/ROBE313_ROS2Hw/build/robot_bringup -- -j20 -l20
[1.008s] Invoked command in '/home/wilson/ROBE313_ROS2Hw/build/robot_bringup' returned '0': CMAKE_PREFIX_PATH=/opt/ros/humble /usr/bin/cmake --build /home/wilson/ROBE313_ROS2Hw/build/robot_bringup -- -j20 -l20
[1.014s] Invoking command in '/home/wilson/ROBE313_ROS2Hw/build/robot_bringup': CMAKE_PREFIX_PATH=/opt/ros/humble /usr/bin/cmake --install /home/wilson/ROBE313_ROS2Hw/build/robot_bringup
[1.018s] -- Install configuration: ""
[1.018s] -- Installing: /home/wilson/ROBE313_ROS2Hw/install/robot_bringup/share/ament_index/resource_index/package_run_dependencies/robot_bringup
[1.018s] -- Installing: /home/wilson/ROBE313_ROS2Hw/install/robot_bringup/share/ament_index/resource_index/parent_prefix_path/robot_bringup
[1.018s] -- Installing: /home/wilson/ROBE313_ROS2Hw/install/robot_bringup/share/robot_bringup/environment/ament_prefix_path.sh
[1.018s] -- Installing: /home/wilson/ROBE313_ROS2Hw/install/robot_bringup/share/robot_bringup/environment/ament_prefix_path.dsv
[1.018s] -- Installing: /home/wilson/ROBE313_ROS2Hw/install/robot_bringup/share/robot_bringup/environment/path.sh
[1.018s] -- Installing: /home/wilson/ROBE313_ROS2Hw/install/robot_bringup/share/robot_bringup/environment/path.dsv
[1.018s] -- Installing: /home/wilson/ROBE313_ROS2Hw/install/robot_bringup/share/robot_bringup/local_setup.bash
[1.018s] -- Installing: /home/wilson/ROBE313_ROS2Hw/install/robot_bringup/share/robot_bringup/local_setup.sh
[1.018s] -- Installing: /home/wilson/ROBE313_ROS2Hw/install/robot_bringup/share/robot_bringup/local_setup.zsh
[1.019s] -- Installing: /home/wilson/ROBE313_ROS2Hw/install/robot_bringup/share/robot_bringup/local_setup.dsv
[1.019s] -- Installing: /home/wilson/ROBE313_ROS2Hw/install/robot_bringup/share/robot_bringup/package.dsv
[1.019s] -- Installing: /home/wilson/ROBE313_ROS2Hw/install/robot_bringup/share/ament_index/resource_index/packages/robot_bringup
[1.019s] -- Installing: /home/wilson/ROBE313_ROS2Hw/install/robot_bringup/share/robot_bringup/cmake/robot_bringupConfig.cmake
[1.019s] -- Installing: /home/wilson/ROBE313_ROS2Hw/install/robot_bringup/share/robot_bringup/cmake/robot_bringupConfig-version.cmake
[1.019s] -- Installing: /home/wilson/ROBE313_ROS2Hw/install/robot_bringup/share/robot_bringup/package.xml
[1.020s] Invoked command in '/home/wilson/ROBE313_ROS2Hw/build/robot_bringup' returned '0': CMAKE_PREFIX_PATH=/opt/ros/humble /usr/bin/cmake --install /home/wilson/ROBE313_ROS2Hw/build/robot_bringup
