running egg_info
creating ../../build/robot_simulator_py/robot_simulator_py.egg-info
writing ../../build/robot_simulator_py/robot_simulator_py.egg-info/PKG-INFO
writing dependency_links to ../../build/robot_simulator_py/robot_simulator_py.egg-info/dependency_links.txt
writing entry points to ../../build/robot_simulator_py/robot_simulator_py.egg-info/entry_points.txt
writing requirements to ../../build/robot_simulator_py/robot_simulator_py.egg-info/requires.txt
writing top-level names to ../../build/robot_simulator_py/robot_simulator_py.egg-info/top_level.txt
writing manifest file '../../build/robot_simulator_py/robot_simulator_py.egg-info/SOURCES.txt'
reading manifest file '../../build/robot_simulator_py/robot_simulator_py.egg-info/SOURCES.txt'
writing manifest file '../../build/robot_simulator_py/robot_simulator_py.egg-info/SOURCES.txt'
running build
running build_py
creating /home/wilson/ROBE313_ROS2Hw/build/robot_simulator_py/build
creating /home/wilson/ROBE313_ROS2Hw/build/robot_simulator_py/build/lib
creating /home/wilson/ROBE313_ROS2Hw/build/robot_simulator_py/build/lib/robot_simulator_py
copying robot_simulator_py/__init__.py -> /home/wilson/ROBE313_ROS2Hw/build/robot_simulator_py/build/lib/robot_simulator_py
copying robot_simulator_py/controller_node.py -> /home/wilson/ROBE313_ROS2Hw/build/robot_simulator_py/build/lib/robot_simulator_py
running install
running install_lib
creating /home/wilson/ROBE313_ROS2Hw/install/robot_simulator_py/lib/python3.10/site-packages/robot_simulator_py
copying /home/wilson/ROBE313_ROS2Hw/build/robot_simulator_py/build/lib/robot_simulator_py/__init__.py -> /home/wilson/ROBE313_ROS2Hw/install/robot_simulator_py/lib/python3.10/site-packages/robot_simulator_py
copying /home/wilson/ROBE313_ROS2Hw/build/robot_simulator_py/build/lib/robot_simulator_py/controller_node.py -> /home/wilson/ROBE313_ROS2Hw/install/robot_simulator_py/lib/python3.10/site-packages/robot_simulator_py
byte-compiling /home/wilson/ROBE313_ROS2Hw/install/robot_simulator_py/lib/python3.10/site-packages/robot_simulator_py/__init__.py to __init__.cpython-310.pyc
byte-compiling /home/wilson/ROBE313_ROS2Hw/install/robot_simulator_py/lib/python3.10/site-packages/robot_simulator_py/controller_node.py to controller_node.cpython-310.pyc
running install_data
creating /home/wilson/ROBE313_ROS2Hw/install/robot_simulator_py/share/ament_index
creating /home/wilson/ROBE313_ROS2Hw/install/robot_simulator_py/share/ament_index/resource_index
creating /home/wilson/ROBE313_ROS2Hw/install/robot_simulator_py/share/ament_index/resource_index/packages
copying resource/robot_simulator_py -> /home/wilson/ROBE313_ROS2Hw/install/robot_simulator_py/share/ament_index/resource_index/packages
copying package.xml -> /home/wilson/ROBE313_ROS2Hw/install/robot_simulator_py/share/robot_simulator_py
running install_egg_info
Copying ../../build/robot_simulator_py/robot_simulator_py.egg-info to /home/wilson/ROBE313_ROS2Hw/install/robot_simulator_py/lib/python3.10/site-packages/robot_simulator_py-0.0.0-py3.10.egg-info
running install_scripts
writing list of installed files to '/home/wilson/ROBE313_ROS2Hw/build/robot_simulator_py/install.log'
