[0.008s] Invoking command in '/home/wilson/ROBE313_ROS2Hw/build/robot_bringup': CMAKE_PREFIX_PATH=/home/wilson/ROBE313_ROS2Hw/install/robot_simulator_cpp:/home/wilson/ROBE313_ROS2Hw/install/custom_interfaces:/home/wilson/ROBE313_ROS2Hw/install/robot_bringup:/home/wilson/ROBE313_ROS2Hw/install/robot_simulator_py:/opt/ros/humble /usr/bin/cmake --build /home/wilson/ROBE313_ROS2Hw/build/robot_bringup -- -j20 -l20
[0.022s] -- Found ament_cmake: 1.3.12 (/opt/ros/humble/share/ament_cmake/cmake)
[0.097s] -- Found rclcpp: 16.0.15 (/opt/ros/humble/share/rclcpp/cmake)
[0.111s] -- Found rosidl_generator_c: 3.1.7 (/opt/ros/humble/share/rosidl_generator_c/cmake)
[0.112s] -- Found rosidl_adapter: 3.1.7 (/opt/ros/humble/share/rosidl_adapter/cmake)
[0.115s] -- Found rosidl_generator_cpp: 3.1.7 (/opt/ros/humble/share/rosidl_generator_cpp/cmake)
[0.119s] -- Using all available rosidl_typesupport_c: rosidl_typesupport_fastrtps_c;rosidl_typesupport_introspection_c
[0.125s] -- Using all available rosidl_typesupport_cpp: rosidl_typesupport_fastrtps_cpp;rosidl_typesupport_introspection_cpp
[0.142s] -- Found rmw_implementation_cmake: 6.1.2 (/opt/ros/humble/share/rmw_implementation_cmake/cmake)
[0.142s] -- Found rmw_fastrtps_cpp: 6.2.9 (/opt/ros/humble/share/rmw_fastrtps_cpp/cmake)
[0.200s] -- Using RMW implementation 'rmw_fastrtps_cpp' as default
[0.227s] -- Found robot_state_publisher: 3.0.3 (/opt/ros/humble/share/robot_state_publisher/cmake)
[0.236s] -- Found eigen3_cmake_module: 0.1.1 (/opt/ros/humble/share/eigen3_cmake_module/cmake)
[0.237s] -- Ensuring Eigen3 include directory is part of orocos-kdl CMake target
[0.306s] -- Found xacro: 2.1.1 (/opt/ros/humble/share/xacro/cmake)
[0.306s] -- Found rviz2: 11.2.22 (/opt/ros/humble/share/rviz2/cmake)
[0.306s] -- Found ament_lint_auto: 0.12.14 (/opt/ros/humble/share/ament_lint_auto/cmake)
[0.349s] -- Added test 'copyright' to check source files copyright and LICENSE
[0.350s] -- Configuring done
[0.352s] -- Generating done
[0.353s] -- Build files have been written to: /home/wilson/ROBE313_ROS2Hw/build/robot_bringup
[0.372s] Invoked command in '/home/wilson/ROBE313_ROS2Hw/build/robot_bringup' returned '0': CMAKE_PREFIX_PATH=/home/wilson/ROBE313_ROS2Hw/install/robot_simulator_cpp:/home/wilson/ROBE313_ROS2Hw/install/custom_interfaces:/home/wilson/ROBE313_ROS2Hw/install/robot_bringup:/home/wilson/ROBE313_ROS2Hw/install/robot_simulator_py:/opt/ros/humble /usr/bin/cmake --build /home/wilson/ROBE313_ROS2Hw/build/robot_bringup -- -j20 -l20
[0.373s] Invoking command in '/home/wilson/ROBE313_ROS2Hw/build/robot_bringup': CMAKE_PREFIX_PATH=/home/wilson/ROBE313_ROS2Hw/install/robot_simulator_cpp:/home/wilson/ROBE313_ROS2Hw/install/custom_interfaces:/home/wilson/ROBE313_ROS2Hw/install/robot_bringup:/home/wilson/ROBE313_ROS2Hw/install/robot_simulator_py:/opt/ros/humble /usr/bin/cmake --install /home/wilson/ROBE313_ROS2Hw/build/robot_bringup
[0.378s] -- Install configuration: ""
[0.378s] -- Installing: /home/wilson/ROBE313_ROS2Hw/install/robot_bringup/share/robot_bringup/urdf
[0.378s] -- Installing: /home/wilson/ROBE313_ROS2Hw/install/robot_bringup/share/robot_bringup/urdf/robot.urdf
[0.378s] -- Installing: /home/wilson/ROBE313_ROS2Hw/install/robot_bringup/share/robot_bringup/rviz
[0.378s] -- Installing: /home/wilson/ROBE313_ROS2Hw/install/robot_bringup/share/robot_bringup/rviz/sim.rviz
[0.378s] -- Installing: /home/wilson/ROBE313_ROS2Hw/install/robot_bringup/share/robot_bringup/launch
[0.378s] -- Installing: /home/wilson/ROBE313_ROS2Hw/install/robot_bringup/share/robot_bringup/launch/robot_sim.launch.py
[0.378s] -- Installing: /home/wilson/ROBE313_ROS2Hw/install/robot_bringup/share/ament_index/resource_index/package_run_dependencies/robot_bringup
[0.378s] -- Up-to-date: /home/wilson/ROBE313_ROS2Hw/install/robot_bringup/share/ament_index/resource_index/parent_prefix_path/robot_bringup
[0.378s] -- Up-to-date: /home/wilson/ROBE313_ROS2Hw/install/robot_bringup/share/robot_bringup/environment/ament_prefix_path.sh
[0.378s] -- Installing: /home/wilson/ROBE313_ROS2Hw/install/robot_bringup/share/robot_bringup/environment/ament_prefix_path.dsv
[0.378s] -- Up-to-date: /home/wilson/ROBE313_ROS2Hw/install/robot_bringup/share/robot_bringup/environment/path.sh
[0.378s] -- Installing: /home/wilson/ROBE313_ROS2Hw/install/robot_bringup/share/robot_bringup/environment/path.dsv
[0.379s] -- Up-to-date: /home/wilson/ROBE313_ROS2Hw/install/robot_bringup/share/robot_bringup/local_setup.bash
[0.379s] -- Up-to-date: /home/wilson/ROBE313_ROS2Hw/install/robot_bringup/share/robot_bringup/local_setup.sh
[0.379s] -- Up-to-date: /home/wilson/ROBE313_ROS2Hw/install/robot_bringup/share/robot_bringup/local_setup.zsh
[0.379s] -- Installing: /home/wilson/ROBE313_ROS2Hw/install/robot_bringup/share/robot_bringup/local_setup.dsv
[0.379s] -- Installing: /home/wilson/ROBE313_ROS2Hw/install/robot_bringup/share/robot_bringup/package.dsv
[0.379s] -- Up-to-date: /home/wilson/ROBE313_ROS2Hw/install/robot_bringup/share/ament_index/resource_index/packages/robot_bringup
[0.379s] -- Up-to-date: /home/wilson/ROBE313_ROS2Hw/install/robot_bringup/share/robot_bringup/cmake/robot_bringupConfig.cmake
[0.379s] -- Up-to-date: /home/wilson/ROBE313_ROS2Hw/install/robot_bringup/share/robot_bringup/cmake/robot_bringupConfig-version.cmake
[0.379s] -- Installing: /home/wilson/ROBE313_ROS2Hw/install/robot_bringup/share/robot_bringup/package.xml
[0.380s] Invoked command in '/home/wilson/ROBE313_ROS2Hw/build/robot_bringup' returned '0': CMAKE_PREFIX_PATH=/home/wilson/ROBE313_ROS2Hw/install/robot_simulator_cpp:/home/wilson/ROBE313_ROS2Hw/install/custom_interfaces:/home/wilson/ROBE313_ROS2Hw/install/robot_bringup:/home/wilson/ROBE313_ROS2Hw/install/robot_simulator_py:/opt/ros/humble /usr/bin/cmake --install /home/wilson/ROBE313_ROS2Hw/build/robot_bringup
