[0.010s] Invoking command in '/home/wilson/ROBE313_ROS2Hw/build/custom_interfaces': CMAKE_PREFIX_PATH=${CMAKE_PREFIX_PATH}:/home/wilson/ROBE313_ROS2Hw/install/robot_simulator_py:/opt/ros/humble /usr/bin/cmake --build /home/wilson/ROBE313_ROS2Hw/build/custom_interfaces -- -j20 -l20
[0.045s] [  3%] Built target custom_interfaces__cpp
[0.047s] [ 12%] Built target custom_interfaces__rosidl_generator_c
[0.052s] [ 12%] Built target ament_cmake_python_copy_custom_interfaces
[0.060s] [ 22%] Built target custom_interfaces__rosidl_typesupport_fastrtps_c
[0.060s] [ 32%] Built target custom_interfaces__rosidl_typesupport_fastrtps_cpp
[0.060s] [ 41%] Built target custom_interfaces__rosidl_typesupport_c
[0.062s] [ 51%] Built target custom_interfaces__rosidl_typesupport_cpp
[0.063s] [ 61%] Built target custom_interfaces__rosidl_typesupport_introspection_cpp
[0.064s] [ 70%] Built target custom_interfaces__rosidl_typesupport_introspection_c
[0.076s] [ 70%] Built target custom_interfaces
[0.089s] [ 74%] Built target custom_interfaces__py
[0.104s] [ 80%] Built target custom_interfaces__rosidl_generator_py
[0.121s] [ 87%] Built target custom_interfaces__rosidl_typesupport_fastrtps_c__pyext
[0.122s] [ 93%] Built target custom_interfaces__rosidl_typesupport_introspection_c__pyext
[0.123s] [100%] Built target custom_interfaces__rosidl_typesupport_c__pyext
[0.186s] running egg_info
[0.187s] writing custom_interfaces.egg-info/PKG-INFO
[0.187s] writing dependency_links to custom_interfaces.egg-info/dependency_links.txt
[0.187s] writing top-level names to custom_interfaces.egg-info/top_level.txt
[0.188s] reading manifest file 'custom_interfaces.egg-info/SOURCES.txt'
[0.188s] writing manifest file 'custom_interfaces.egg-info/SOURCES.txt'
[0.204s] [100%] Built target ament_cmake_python_build_custom_interfaces_egg
[0.212s] Invoked command in '/home/wilson/ROBE313_ROS2Hw/build/custom_interfaces' returned '0': CMAKE_PREFIX_PATH=${CMAKE_PREFIX_PATH}:/home/wilson/ROBE313_ROS2Hw/install/robot_simulator_py:/opt/ros/humble /usr/bin/cmake --build /home/wilson/ROBE313_ROS2Hw/build/custom_interfaces -- -j20 -l20
[0.219s] Invoking command in '/home/wilson/ROBE313_ROS2Hw/build/custom_interfaces': CMAKE_PREFIX_PATH=${CMAKE_PREFIX_PATH}:/home/wilson/ROBE313_ROS2Hw/install/robot_simulator_py:/opt/ros/humble /usr/bin/cmake --install /home/wilson/ROBE313_ROS2Hw/build/custom_interfaces
[0.224s] -- Install configuration: ""
[0.224s] -- Up-to-date: /home/wilson/ROBE313_ROS2Hw/install/custom_interfaces/share/ament_index/resource_index/rosidl_interfaces/custom_interfaces
[0.224s] -- Up-to-date: /home/wilson/ROBE313_ROS2Hw/install/custom_interfaces/include/custom_interfaces/custom_interfaces
[0.224s] -- Up-to-date: /home/wilson/ROBE313_ROS2Hw/install/custom_interfaces/include/custom_interfaces/custom_interfaces/msg
[0.224s] -- Up-to-date: /home/wilson/ROBE313_ROS2Hw/install/custom_interfaces/include/custom_interfaces/custom_interfaces/msg/rosidl_generator_c__visibility_control.h
[0.224s] -- Up-to-date: /home/wilson/ROBE313_ROS2Hw/install/custom_interfaces/include/custom_interfaces/custom_interfaces/srv
[0.224s] -- Up-to-date: /home/wilson/ROBE313_ROS2Hw/install/custom_interfaces/include/custom_interfaces/custom_interfaces/srv/reset_position.h
[0.224s] -- Up-to-date: /home/wilson/ROBE313_ROS2Hw/install/custom_interfaces/include/custom_interfaces/custom_interfaces/srv/detail
[0.224s] -- Up-to-date: /home/wilson/ROBE313_ROS2Hw/install/custom_interfaces/include/custom_interfaces/custom_interfaces/srv/detail/reset_position__struct.h
[0.224s] -- Up-to-date: /home/wilson/ROBE313_ROS2Hw/install/custom_interfaces/include/custom_interfaces/custom_interfaces/srv/detail/reset_position__functions.h
[0.225s] -- Up-to-date: /home/wilson/ROBE313_ROS2Hw/install/custom_interfaces/include/custom_interfaces/custom_interfaces/srv/detail/reset_position__functions.c
[0.225s] -- Up-to-date: /home/wilson/ROBE313_ROS2Hw/install/custom_interfaces/include/custom_interfaces/custom_interfaces/srv/detail/reset_position__type_support.h
[0.225s] -- Up-to-date: /home/wilson/ROBE313_ROS2Hw/install/custom_interfaces/share/custom_interfaces/environment/library_path.sh
[0.225s] -- Up-to-date: /home/wilson/ROBE313_ROS2Hw/install/custom_interfaces/share/custom_interfaces/environment/library_path.dsv
[0.225s] -- Up-to-date: /home/wilson/ROBE313_ROS2Hw/install/custom_interfaces/lib/libcustom_interfaces__rosidl_generator_c.so
[0.225s] -- Up-to-date: /home/wilson/ROBE313_ROS2Hw/install/custom_interfaces/include/custom_interfaces/custom_interfaces
[0.225s] -- Up-to-date: /home/wilson/ROBE313_ROS2Hw/install/custom_interfaces/include/custom_interfaces/custom_interfaces/msg
[0.225s] -- Up-to-date: /home/wilson/ROBE313_ROS2Hw/install/custom_interfaces/include/custom_interfaces/custom_interfaces/msg/rosidl_typesupport_fastrtps_c__visibility_control.h
[0.225s] -- Up-to-date: /home/wilson/ROBE313_ROS2Hw/install/custom_interfaces/include/custom_interfaces/custom_interfaces/srv
[0.225s] -- Up-to-date: /home/wilson/ROBE313_ROS2Hw/install/custom_interfaces/include/custom_interfaces/custom_interfaces/srv/detail
[0.225s] -- Up-to-date: /home/wilson/ROBE313_ROS2Hw/install/custom_interfaces/include/custom_interfaces/custom_interfaces/srv/detail/reset_position__rosidl_typesupport_fastrtps_c.h
[0.225s] -- Up-to-date: /home/wilson/ROBE313_ROS2Hw/install/custom_interfaces/lib/libcustom_interfaces__rosidl_typesupport_fastrtps_c.so
[0.225s] -- Up-to-date: /home/wilson/ROBE313_ROS2Hw/install/custom_interfaces/include/custom_interfaces/custom_interfaces
[0.225s] -- Up-to-date: /home/wilson/ROBE313_ROS2Hw/install/custom_interfaces/include/custom_interfaces/custom_interfaces/msg
[0.225s] -- Up-to-date: /home/wilson/ROBE313_ROS2Hw/install/custom_interfaces/include/custom_interfaces/custom_interfaces/msg/rosidl_generator_cpp__visibility_control.hpp
[0.225s] -- Up-to-date: /home/wilson/ROBE313_ROS2Hw/install/custom_interfaces/include/custom_interfaces/custom_interfaces/srv
[0.226s] -- Up-to-date: /home/wilson/ROBE313_ROS2Hw/install/custom_interfaces/include/custom_interfaces/custom_interfaces/srv/reset_position.hpp
[0.226s] -- Up-to-date: /home/wilson/ROBE313_ROS2Hw/install/custom_interfaces/include/custom_interfaces/custom_interfaces/srv/detail
[0.226s] -- Up-to-date: /home/wilson/ROBE313_ROS2Hw/install/custom_interfaces/include/custom_interfaces/custom_interfaces/srv/detail/reset_position__traits.hpp
[0.226s] -- Up-to-date: /home/wilson/ROBE313_ROS2Hw/install/custom_interfaces/include/custom_interfaces/custom_interfaces/srv/detail/reset_position__builder.hpp
[0.226s] -- Up-to-date: /home/wilson/ROBE313_ROS2Hw/install/custom_interfaces/include/custom_interfaces/custom_interfaces/srv/detail/reset_position__type_support.hpp
[0.226s] -- Up-to-date: /home/wilson/ROBE313_ROS2Hw/install/custom_interfaces/include/custom_interfaces/custom_interfaces/srv/detail/reset_position__struct.hpp
[0.226s] -- Up-to-date: /home/wilson/ROBE313_ROS2Hw/install/custom_interfaces/include/custom_interfaces/custom_interfaces
[0.226s] -- Up-to-date: /home/wilson/ROBE313_ROS2Hw/install/custom_interfaces/include/custom_interfaces/custom_interfaces/msg
[0.226s] -- Up-to-date: /home/wilson/ROBE313_ROS2Hw/install/custom_interfaces/include/custom_interfaces/custom_interfaces/msg/rosidl_typesupport_fastrtps_cpp__visibility_control.h
[0.226s] -- Up-to-date: /home/wilson/ROBE313_ROS2Hw/install/custom_interfaces/include/custom_interfaces/custom_interfaces/srv
[0.226s] -- Up-to-date: /home/wilson/ROBE313_ROS2Hw/install/custom_interfaces/include/custom_interfaces/custom_interfaces/srv/detail
[0.226s] -- Up-to-date: /home/wilson/ROBE313_ROS2Hw/install/custom_interfaces/include/custom_interfaces/custom_interfaces/srv/detail/reset_position__rosidl_typesupport_fastrtps_cpp.hpp
[0.226s] -- Up-to-date: /home/wilson/ROBE313_ROS2Hw/install/custom_interfaces/include/custom_interfaces/custom_interfaces/srv/detail/dds_fastrtps
[0.226s] -- Up-to-date: /home/wilson/ROBE313_ROS2Hw/install/custom_interfaces/lib/libcustom_interfaces__rosidl_typesupport_fastrtps_cpp.so
[0.226s] -- Up-to-date: /home/wilson/ROBE313_ROS2Hw/install/custom_interfaces/include/custom_interfaces/custom_interfaces
[0.226s] -- Up-to-date: /home/wilson/ROBE313_ROS2Hw/install/custom_interfaces/include/custom_interfaces/custom_interfaces/msg
[0.227s] -- Up-to-date: /home/wilson/ROBE313_ROS2Hw/install/custom_interfaces/include/custom_interfaces/custom_interfaces/msg/rosidl_typesupport_introspection_c__visibility_control.h
[0.227s] -- Up-to-date: /home/wilson/ROBE313_ROS2Hw/install/custom_interfaces/include/custom_interfaces/custom_interfaces/srv
[0.227s] -- Up-to-date: /home/wilson/ROBE313_ROS2Hw/install/custom_interfaces/include/custom_interfaces/custom_interfaces/srv/detail
[0.227s] -- Up-to-date: /home/wilson/ROBE313_ROS2Hw/install/custom_interfaces/include/custom_interfaces/custom_interfaces/srv/detail/reset_position__type_support.c
[0.227s] -- Up-to-date: /home/wilson/ROBE313_ROS2Hw/install/custom_interfaces/include/custom_interfaces/custom_interfaces/srv/detail/reset_position__rosidl_typesupport_introspection_c.h
[0.227s] -- Up-to-date: /home/wilson/ROBE313_ROS2Hw/install/custom_interfaces/lib/libcustom_interfaces__rosidl_typesupport_introspection_c.so
[0.227s] -- Up-to-date: /home/wilson/ROBE313_ROS2Hw/install/custom_interfaces/lib/libcustom_interfaces__rosidl_typesupport_c.so
[0.227s] -- Up-to-date: /home/wilson/ROBE313_ROS2Hw/install/custom_interfaces/include/custom_interfaces/custom_interfaces
[0.227s] -- Up-to-date: /home/wilson/ROBE313_ROS2Hw/install/custom_interfaces/include/custom_interfaces/custom_interfaces/srv
[0.227s] -- Up-to-date: /home/wilson/ROBE313_ROS2Hw/install/custom_interfaces/include/custom_interfaces/custom_interfaces/srv/detail
[0.227s] -- Up-to-date: /home/wilson/ROBE313_ROS2Hw/install/custom_interfaces/include/custom_interfaces/custom_interfaces/srv/detail/reset_position__type_support.cpp
[0.227s] -- Up-to-date: /home/wilson/ROBE313_ROS2Hw/install/custom_interfaces/include/custom_interfaces/custom_interfaces/srv/detail/reset_position__rosidl_typesupport_introspection_cpp.hpp
[0.227s] -- Up-to-date: /home/wilson/ROBE313_ROS2Hw/install/custom_interfaces/lib/libcustom_interfaces__rosidl_typesupport_introspection_cpp.so
[0.227s] -- Up-to-date: /home/wilson/ROBE313_ROS2Hw/install/custom_interfaces/lib/libcustom_interfaces__rosidl_typesupport_cpp.so
[0.227s] -- Up-to-date: /home/wilson/ROBE313_ROS2Hw/install/custom_interfaces/share/custom_interfaces/environment/pythonpath.sh
[0.227s] -- Up-to-date: /home/wilson/ROBE313_ROS2Hw/install/custom_interfaces/share/custom_interfaces/environment/pythonpath.dsv
[0.227s] -- Up-to-date: /home/wilson/ROBE313_ROS2Hw/install/custom_interfaces/local/lib/python3.10/dist-packages/custom_interfaces-0.0.0-py3.10.egg-info
[0.228s] -- Installing: /home/wilson/ROBE313_ROS2Hw/install/custom_interfaces/local/lib/python3.10/dist-packages/custom_interfaces-0.0.0-py3.10.egg-info/dependency_links.txt
[0.228s] -- Installing: /home/wilson/ROBE313_ROS2Hw/install/custom_interfaces/local/lib/python3.10/dist-packages/custom_interfaces-0.0.0-py3.10.egg-info/PKG-INFO
[0.228s] -- Installing: /home/wilson/ROBE313_ROS2Hw/install/custom_interfaces/local/lib/python3.10/dist-packages/custom_interfaces-0.0.0-py3.10.egg-info/SOURCES.txt
[0.228s] -- Installing: /home/wilson/ROBE313_ROS2Hw/install/custom_interfaces/local/lib/python3.10/dist-packages/custom_interfaces-0.0.0-py3.10.egg-info/top_level.txt
[0.228s] -- Up-to-date: /home/wilson/ROBE313_ROS2Hw/install/custom_interfaces/local/lib/python3.10/dist-packages/custom_interfaces
[0.228s] -- Up-to-date: /home/wilson/ROBE313_ROS2Hw/install/custom_interfaces/local/lib/python3.10/dist-packages/custom_interfaces/_custom_interfaces_s.ep.rosidl_typesupport_fastrtps_c.c
[0.228s] -- Up-to-date: /home/wilson/ROBE313_ROS2Hw/install/custom_interfaces/local/lib/python3.10/dist-packages/custom_interfaces/_custom_interfaces_s.ep.rosidl_typesupport_c.c
[0.228s] -- Up-to-date: /home/wilson/ROBE313_ROS2Hw/install/custom_interfaces/local/lib/python3.10/dist-packages/custom_interfaces/custom_interfaces_s__rosidl_typesupport_c.cpython-310-x86_64-linux-gnu.so
[0.228s] -- Up-to-date: /home/wilson/ROBE313_ROS2Hw/install/custom_interfaces/local/lib/python3.10/dist-packages/custom_interfaces/_custom_interfaces_s.ep.rosidl_typesupport_introspection_c.c
[0.228s] -- Up-to-date: /home/wilson/ROBE313_ROS2Hw/install/custom_interfaces/local/lib/python3.10/dist-packages/custom_interfaces/__init__.py
[0.228s] -- Up-to-date: /home/wilson/ROBE313_ROS2Hw/install/custom_interfaces/local/lib/python3.10/dist-packages/custom_interfaces/custom_interfaces_s__rosidl_typesupport_fastrtps_c.cpython-310-x86_64-linux-gnu.so
[0.228s] -- Up-to-date: /home/wilson/ROBE313_ROS2Hw/install/custom_interfaces/local/lib/python3.10/dist-packages/custom_interfaces/srv
[0.228s] -- Up-to-date: /home/wilson/ROBE313_ROS2Hw/install/custom_interfaces/local/lib/python3.10/dist-packages/custom_interfaces/srv/_reset_position.py
[0.228s] -- Up-to-date: /home/wilson/ROBE313_ROS2Hw/install/custom_interfaces/local/lib/python3.10/dist-packages/custom_interfaces/srv/_reset_position_s.c
[0.229s] -- Up-to-date: /home/wilson/ROBE313_ROS2Hw/install/custom_interfaces/local/lib/python3.10/dist-packages/custom_interfaces/srv/__init__.py
[0.229s] -- Up-to-date: /home/wilson/ROBE313_ROS2Hw/install/custom_interfaces/local/lib/python3.10/dist-packages/custom_interfaces/libcustom_interfaces__rosidl_generator_py.so
[0.229s] -- Up-to-date: /home/wilson/ROBE313_ROS2Hw/install/custom_interfaces/local/lib/python3.10/dist-packages/custom_interfaces/custom_interfaces_s__rosidl_typesupport_introspection_c.cpython-310-x86_64-linux-gnu.so
[0.245s] Listing '/home/wilson/ROBE313_ROS2Hw/install/custom_interfaces/local/lib/python3.10/dist-packages/custom_interfaces'...
[0.245s] Listing '/home/wilson/ROBE313_ROS2Hw/install/custom_interfaces/local/lib/python3.10/dist-packages/custom_interfaces/srv'...
[0.247s] -- Up-to-date: /home/wilson/ROBE313_ROS2Hw/install/custom_interfaces/local/lib/python3.10/dist-packages/custom_interfaces/custom_interfaces_s__rosidl_typesupport_fastrtps_c.cpython-310-x86_64-linux-gnu.so
[0.248s] -- Up-to-date: /home/wilson/ROBE313_ROS2Hw/install/custom_interfaces/local/lib/python3.10/dist-packages/custom_interfaces/custom_interfaces_s__rosidl_typesupport_introspection_c.cpython-310-x86_64-linux-gnu.so
[0.248s] -- Up-to-date: /home/wilson/ROBE313_ROS2Hw/install/custom_interfaces/local/lib/python3.10/dist-packages/custom_interfaces/custom_interfaces_s__rosidl_typesupport_c.cpython-310-x86_64-linux-gnu.so
[0.248s] -- Up-to-date: /home/wilson/ROBE313_ROS2Hw/install/custom_interfaces/lib/libcustom_interfaces__rosidl_generator_py.so
[0.248s] -- Up-to-date: /home/wilson/ROBE313_ROS2Hw/install/custom_interfaces/share/custom_interfaces/srv/ResetPosition.idl
[0.248s] -- Up-to-date: /home/wilson/ROBE313_ROS2Hw/install/custom_interfaces/share/custom_interfaces/srv/ResetPosition.srv
[0.248s] -- Up-to-date: /home/wilson/ROBE313_ROS2Hw/install/custom_interfaces/share/custom_interfaces/srv/ResetPosition_Request.msg
[0.248s] -- Up-to-date: /home/wilson/ROBE313_ROS2Hw/install/custom_interfaces/share/custom_interfaces/srv/ResetPosition_Response.msg
[0.248s] -- Up-to-date: /home/wilson/ROBE313_ROS2Hw/install/custom_interfaces/share/ament_index/resource_index/package_run_dependencies/custom_interfaces
[0.248s] -- Up-to-date: /home/wilson/ROBE313_ROS2Hw/install/custom_interfaces/share/ament_index/resource_index/parent_prefix_path/custom_interfaces
[0.248s] -- Up-to-date: /home/wilson/ROBE313_ROS2Hw/install/custom_interfaces/share/custom_interfaces/environment/ament_prefix_path.sh
[0.248s] -- Up-to-date: /home/wilson/ROBE313_ROS2Hw/install/custom_interfaces/share/custom_interfaces/environment/ament_prefix_path.dsv
[0.248s] -- Up-to-date: /home/wilson/ROBE313_ROS2Hw/install/custom_interfaces/share/custom_interfaces/environment/path.sh
[0.248s] -- Up-to-date: /home/wilson/ROBE313_ROS2Hw/install/custom_interfaces/share/custom_interfaces/environment/path.dsv
[0.248s] -- Up-to-date: /home/wilson/ROBE313_ROS2Hw/install/custom_interfaces/share/custom_interfaces/local_setup.bash
[0.248s] -- Up-to-date: /home/wilson/ROBE313_ROS2Hw/install/custom_interfaces/share/custom_interfaces/local_setup.sh
[0.248s] -- Up-to-date: /home/wilson/ROBE313_ROS2Hw/install/custom_interfaces/share/custom_interfaces/local_setup.zsh
[0.248s] -- Up-to-date: /home/wilson/ROBE313_ROS2Hw/install/custom_interfaces/share/custom_interfaces/local_setup.dsv
[0.249s] -- Installing: /home/wilson/ROBE313_ROS2Hw/install/custom_interfaces/share/custom_interfaces/package.dsv
[0.249s] -- Up-to-date: /home/wilson/ROBE313_ROS2Hw/install/custom_interfaces/share/ament_index/resource_index/packages/custom_interfaces
[0.249s] -- Up-to-date: /home/wilson/ROBE313_ROS2Hw/install/custom_interfaces/share/custom_interfaces/cmake/export_custom_interfaces__rosidl_generator_cExport.cmake
[0.249s] -- Up-to-date: /home/wilson/ROBE313_ROS2Hw/install/custom_interfaces/share/custom_interfaces/cmake/export_custom_interfaces__rosidl_generator_cExport-noconfig.cmake
[0.249s] -- Up-to-date: /home/wilson/ROBE313_ROS2Hw/install/custom_interfaces/share/custom_interfaces/cmake/export_custom_interfaces__rosidl_typesupport_fastrtps_cExport.cmake
[0.249s] -- Up-to-date: /home/wilson/ROBE313_ROS2Hw/install/custom_interfaces/share/custom_interfaces/cmake/export_custom_interfaces__rosidl_typesupport_fastrtps_cExport-noconfig.cmake
[0.249s] -- Up-to-date: /home/wilson/ROBE313_ROS2Hw/install/custom_interfaces/share/custom_interfaces/cmake/export_custom_interfaces__rosidl_generator_cppExport.cmake
[0.249s] -- Up-to-date: /home/wilson/ROBE313_ROS2Hw/install/custom_interfaces/share/custom_interfaces/cmake/export_custom_interfaces__rosidl_typesupport_fastrtps_cppExport.cmake
[0.249s] -- Up-to-date: /home/wilson/ROBE313_ROS2Hw/install/custom_interfaces/share/custom_interfaces/cmake/export_custom_interfaces__rosidl_typesupport_fastrtps_cppExport-noconfig.cmake
[0.249s] -- Up-to-date: /home/wilson/ROBE313_ROS2Hw/install/custom_interfaces/share/custom_interfaces/cmake/custom_interfaces__rosidl_typesupport_introspection_cExport.cmake
[0.249s] -- Up-to-date: /home/wilson/ROBE313_ROS2Hw/install/custom_interfaces/share/custom_interfaces/cmake/custom_interfaces__rosidl_typesupport_introspection_cExport-noconfig.cmake
[0.249s] -- Up-to-date: /home/wilson/ROBE313_ROS2Hw/install/custom_interfaces/share/custom_interfaces/cmake/custom_interfaces__rosidl_typesupport_cExport.cmake
[0.249s] -- Up-to-date: /home/wilson/ROBE313_ROS2Hw/install/custom_interfaces/share/custom_interfaces/cmake/custom_interfaces__rosidl_typesupport_cExport-noconfig.cmake
[0.249s] -- Up-to-date: /home/wilson/ROBE313_ROS2Hw/install/custom_interfaces/share/custom_interfaces/cmake/custom_interfaces__rosidl_typesupport_introspection_cppExport.cmake
[0.249s] -- Up-to-date: /home/wilson/ROBE313_ROS2Hw/install/custom_interfaces/share/custom_interfaces/cmake/custom_interfaces__rosidl_typesupport_introspection_cppExport-noconfig.cmake
[0.249s] -- Up-to-date: /home/wilson/ROBE313_ROS2Hw/install/custom_interfaces/share/custom_interfaces/cmake/custom_interfaces__rosidl_typesupport_cppExport.cmake
[0.249s] -- Up-to-date: /home/wilson/ROBE313_ROS2Hw/install/custom_interfaces/share/custom_interfaces/cmake/custom_interfaces__rosidl_typesupport_cppExport-noconfig.cmake
[0.249s] -- Up-to-date: /home/wilson/ROBE313_ROS2Hw/install/custom_interfaces/share/custom_interfaces/cmake/export_custom_interfaces__rosidl_generator_pyExport.cmake
[0.249s] -- Up-to-date: /home/wilson/ROBE313_ROS2Hw/install/custom_interfaces/share/custom_interfaces/cmake/export_custom_interfaces__rosidl_generator_pyExport-noconfig.cmake
[0.249s] -- Up-to-date: /home/wilson/ROBE313_ROS2Hw/install/custom_interfaces/share/custom_interfaces/cmake/rosidl_cmake-extras.cmake
[0.249s] -- Up-to-date: /home/wilson/ROBE313_ROS2Hw/install/custom_interfaces/share/custom_interfaces/cmake/ament_cmake_export_dependencies-extras.cmake
[0.249s] -- Up-to-date: /home/wilson/ROBE313_ROS2Hw/install/custom_interfaces/share/custom_interfaces/cmake/ament_cmake_export_include_directories-extras.cmake
[0.249s] -- Up-to-date: /home/wilson/ROBE313_ROS2Hw/install/custom_interfaces/share/custom_interfaces/cmake/ament_cmake_export_libraries-extras.cmake
[0.249s] -- Up-to-date: /home/wilson/ROBE313_ROS2Hw/install/custom_interfaces/share/custom_interfaces/cmake/ament_cmake_export_targets-extras.cmake
[0.249s] -- Up-to-date: /home/wilson/ROBE313_ROS2Hw/install/custom_interfaces/share/custom_interfaces/cmake/rosidl_cmake_export_typesupport_targets-extras.cmake
[0.249s] -- Up-to-date: /home/wilson/ROBE313_ROS2Hw/install/custom_interfaces/share/custom_interfaces/cmake/rosidl_cmake_export_typesupport_libraries-extras.cmake
[0.249s] -- Up-to-date: /home/wilson/ROBE313_ROS2Hw/install/custom_interfaces/share/custom_interfaces/cmake/custom_interfacesConfig.cmake
[0.249s] -- Up-to-date: /home/wilson/ROBE313_ROS2Hw/install/custom_interfaces/share/custom_interfaces/cmake/custom_interfacesConfig-version.cmake
[0.249s] -- Up-to-date: /home/wilson/ROBE313_ROS2Hw/install/custom_interfaces/share/custom_interfaces/package.xml
[0.250s] Invoked command in '/home/wilson/ROBE313_ROS2Hw/build/custom_interfaces' returned '0': CMAKE_PREFIX_PATH=${CMAKE_PREFIX_PATH}:/home/wilson/ROBE313_ROS2Hw/install/robot_simulator_py:/opt/ros/humble /usr/bin/cmake --install /home/wilson/ROBE313_ROS2Hw/build/custom_interfaces
