[0.010s] Invoking command in '/home/wilson/ROBE313_ROS2Hw/build/custom_interfaces': CMAKE_PREFIX_PATH=/opt/ros/humble /usr/bin/cmake /home/wilson/ROBE313_ROS2Hw/src/custom_interfaces -DCMAKE_INSTALL_PREFIX=/home/wilson/ROBE313_ROS2Hw/install/custom_interfaces
[0.087s] -- The C compiler identification is GNU 11.4.0
[0.157s] -- The CXX compiler identification is GNU 11.4.0
[0.165s] -- Detecting C compiler ABI info
[0.214s] -- Detecting C compiler ABI info - done
[0.220s] -- Check for working C compiler: /usr/bin/cc - skipped
[0.220s] -- Detecting C compile features
[0.221s] -- Detecting C compile features - done
[0.224s] -- Detecting CXX compiler ABI info
[0.278s] -- Detecting CXX compiler ABI info - done
[0.284s] -- Check for working CXX compiler: /usr/bin/c++ - skipped
[0.284s] -- Detecting CXX compile features
[0.285s] -- Detecting CXX compile features - done
[0.287s] -- Found ament_cmake: 1.3.12 (/opt/ros/humble/share/ament_cmake/cmake)
[0.395s] -- Found Python3: /usr/bin/python3 (found version "3.10.12") found components: Interpreter 
[0.452s] -- Found geometry_msgs: 4.9.0 (/opt/ros/humble/share/geometry_msgs/cmake)
[0.478s] -- Found rosidl_generator_c: 3.1.7 (/opt/ros/humble/share/rosidl_generator_c/cmake)
[0.481s] -- Found rosidl_adapter: 3.1.7 (/opt/ros/humble/share/rosidl_adapter/cmake)
[0.488s] -- Found rosidl_generator_cpp: 3.1.7 (/opt/ros/humble/share/rosidl_generator_cpp/cmake)
[0.498s] -- Using all available rosidl_typesupport_c: rosidl_typesupport_fastrtps_c;rosidl_typesupport_introspection_c
[0.509s] -- Using all available rosidl_typesupport_cpp: rosidl_typesupport_fastrtps_cpp;rosidl_typesupport_introspection_cpp
[0.538s] -- Found rosidl_default_generators: 1.2.0 (/opt/ros/humble/share/rosidl_default_generators/cmake)
[0.709s] -- Found ament_cmake_ros: 0.10.0 (/opt/ros/humble/share/ament_cmake_ros/cmake)
[0.949s] -- Using all available rosidl_typesupport_c: rosidl_typesupport_fastrtps_c;rosidl_typesupport_introspection_c
[1.040s] -- Using all available rosidl_typesupport_cpp: rosidl_typesupport_fastrtps_cpp;rosidl_typesupport_introspection_cpp
[1.055s] -- Found PythonInterp: /usr/bin/python3 (found suitable version "3.10.12", minimum required is "3.6") 
[1.057s] -- Found python_cmake_module: 0.10.0 (/opt/ros/humble/share/python_cmake_module/cmake)
[1.074s] -- Found PythonLibs: /usr/lib/x86_64-linux-gnu/libpython3.10.so (found suitable version "3.10.12", minimum required is "3.5") 
[1.074s] -- Using PYTHON_EXECUTABLE: /usr/bin/python3
[1.075s] -- Using PYTHON_INCLUDE_DIRS: /usr/include/python3.10
[1.075s] -- Using PYTHON_LIBRARIES: /usr/lib/x86_64-linux-gnu/libpython3.10.so
[1.089s] -- Found PythonExtra: .so  
[1.119s] -- Found ament_lint_auto: 0.12.14 (/opt/ros/humble/share/ament_lint_auto/cmake)
[1.129s] -- Added test 'lint_cmake' to check CMake code style
[1.129s] -- Added test 'xmllint' to check XML markup files
[1.130s] -- Configuring done
[1.147s] -- Generating done
[1.154s] -- Build files have been written to: /home/wilson/ROBE313_ROS2Hw/build/custom_interfaces
[1.159s] Invoked command in '/home/wilson/ROBE313_ROS2Hw/build/custom_interfaces' returned '0': CMAKE_PREFIX_PATH=/opt/ros/humble /usr/bin/cmake /home/wilson/ROBE313_ROS2Hw/src/custom_interfaces -DCMAKE_INSTALL_PREFIX=/home/wilson/ROBE313_ROS2Hw/install/custom_interfaces
[1.160s] Invoking command in '/home/wilson/ROBE313_ROS2Hw/build/custom_interfaces': CMAKE_PREFIX_PATH=/opt/ros/humble /usr/bin/cmake --build /home/wilson/ROBE313_ROS2Hw/build/custom_interfaces -- -j20 -l20
[1.185s] [  3%] [34m[1mGenerating C code for ROS interfaces[0m
[1.192s] [  6%] [34m[1mGenerating C++ code for ROS interfaces[0m
[1.196s] [  6%] Built target ament_cmake_python_copy_custom_interfaces
[1.320s] running egg_info
[1.320s] creating custom_interfaces.egg-info
[1.320s] writing custom_interfaces.egg-info/PKG-INFO
[1.320s] writing dependency_links to custom_interfaces.egg-info/dependency_links.txt
[1.320s] writing top-level names to custom_interfaces.egg-info/top_level.txt
[1.320s] writing manifest file 'custom_interfaces.egg-info/SOURCES.txt'
[1.321s] reading manifest file 'custom_interfaces.egg-info/SOURCES.txt'
[1.321s] writing manifest file 'custom_interfaces.egg-info/SOURCES.txt'
[1.340s] [  6%] Built target ament_cmake_python_build_custom_interfaces_egg
[1.345s] [  6%] Built target custom_interfaces__cpp
[1.353s] [ 12%] [34m[1mGenerating C++ introspection for ROS interfaces[0m
[1.353s] [ 12%] [34m[1mGenerating C++ type support for eProsima Fast-RTPS[0m
[1.353s] [ 19%] [34m[1mGenerating C++ type support dispatch for ROS interfaces[0m
[1.353s] [ 19%] [32mBuilding C object CMakeFiles/custom_interfaces__rosidl_generator_c.dir/rosidl_generator_c/custom_interfaces/srv/detail/reset_position__functions.c.o[0m
[1.397s] [ 22%] [32m[1mLinking C shared library libcustom_interfaces__rosidl_generator_c.so[0m
[1.427s] [ 22%] Built target custom_interfaces__rosidl_generator_c
[1.435s] [ 25%] [34m[1mGenerating C type support dispatch for ROS interfaces[0m
[1.436s] [ 29%] [34m[1mGenerating C type support for eProsima Fast-RTPS[0m
[1.436s] [ 32%] [34m[1mGenerating C introspection for ROS interfaces[0m
[1.500s] [ 35%] [32mBuilding CXX object CMakeFiles/custom_interfaces__rosidl_typesupport_cpp.dir/rosidl_typesupport_cpp/custom_interfaces/srv/reset_position__type_support.cpp.o[0m
[1.510s] [ 38%] [32mBuilding CXX object CMakeFiles/custom_interfaces__rosidl_typesupport_introspection_cpp.dir/rosidl_typesupport_introspection_cpp/custom_interfaces/srv/detail/reset_position__type_support.cpp.o[0m
[1.515s] [ 41%] [32mBuilding CXX object CMakeFiles/custom_interfaces__rosidl_typesupport_fastrtps_cpp.dir/rosidl_typesupport_fastrtps_cpp/custom_interfaces/srv/detail/dds_fastrtps/reset_position__type_support.cpp.o[0m
[1.584s] [ 45%] [32mBuilding CXX object CMakeFiles/custom_interfaces__rosidl_typesupport_c.dir/rosidl_typesupport_c/custom_interfaces/srv/reset_position__type_support.cpp.o[0m
[1.602s] [ 48%] [32mBuilding C object CMakeFiles/custom_interfaces__rosidl_typesupport_introspection_c.dir/rosidl_typesupport_introspection_c/custom_interfaces/srv/detail/reset_position__type_support.c.o[0m
[1.603s] [ 51%] [32mBuilding CXX object CMakeFiles/custom_interfaces__rosidl_typesupport_fastrtps_c.dir/rosidl_typesupport_fastrtps_c/custom_interfaces/srv/detail/reset_position__type_support_c.cpp.o[0m
[1.612s] [ 54%] [32m[1mLinking CXX shared library libcustom_interfaces__rosidl_typesupport_c.so[0m
[1.627s] [ 58%] [32m[1mLinking C shared library libcustom_interfaces__rosidl_typesupport_introspection_c.so[0m
[1.645s] [ 58%] Built target custom_interfaces__rosidl_typesupport_c
[1.655s] [ 58%] Built target custom_interfaces__rosidl_typesupport_introspection_c
[1.663s] [ 61%] [32m[1mLinking CXX shared library libcustom_interfaces__rosidl_typesupport_cpp.so[0m
[1.691s] [ 61%] Built target custom_interfaces__rosidl_typesupport_cpp
[1.732s] [ 64%] [32m[1mLinking CXX shared library libcustom_interfaces__rosidl_typesupport_introspection_cpp.so[0m
[1.739s] [ 67%] [32m[1mLinking CXX shared library libcustom_interfaces__rosidl_typesupport_fastrtps_cpp.so[0m
[1.776s] [ 67%] Built target custom_interfaces__rosidl_typesupport_introspection_cpp
[1.786s] [ 67%] Built target custom_interfaces__rosidl_typesupport_fastrtps_cpp
[1.792s] [ 70%] [32m[1mLinking CXX shared library libcustom_interfaces__rosidl_typesupport_fastrtps_c.so[0m
[1.836s] [ 70%] Built target custom_interfaces__rosidl_typesupport_fastrtps_c
[1.851s] [ 70%] Built target custom_interfaces
[1.866s] [ 74%] [34m[1mGenerating Python code for ROS interfaces[0m
[2.055s] [ 74%] Built target custom_interfaces__py
[2.070s] [ 77%] [32mBuilding C object CMakeFiles/custom_interfaces__rosidl_generator_py.dir/rosidl_generator_py/custom_interfaces/srv/_reset_position_s.c.o[0m
[2.137s] [ 80%] [32m[1mLinking C shared library rosidl_generator_py/custom_interfaces/libcustom_interfaces__rosidl_generator_py.so[0m
[2.167s] [ 80%] Built target custom_interfaces__rosidl_generator_py
[2.180s] [ 83%] [32mBuilding C object CMakeFiles/custom_interfaces__rosidl_typesupport_introspection_c__pyext.dir/rosidl_generator_py/custom_interfaces/_custom_interfaces_s.ep.rosidl_typesupport_introspection_c.c.o[0m
[2.180s] [ 87%] [32mBuilding C object CMakeFiles/custom_interfaces__rosidl_typesupport_c__pyext.dir/rosidl_generator_py/custom_interfaces/_custom_interfaces_s.ep.rosidl_typesupport_c.c.o[0m
[2.181s] [ 90%] [32mBuilding C object CMakeFiles/custom_interfaces__rosidl_typesupport_fastrtps_c__pyext.dir/rosidl_generator_py/custom_interfaces/_custom_interfaces_s.ep.rosidl_typesupport_fastrtps_c.c.o[0m
[2.234s] [ 93%] [32m[1mLinking C shared library rosidl_generator_py/custom_interfaces/custom_interfaces_s__rosidl_typesupport_introspection_c.cpython-310-x86_64-linux-gnu.so[0m
[2.235s] [100%] [32m[1mLinking C shared library rosidl_generator_py/custom_interfaces/custom_interfaces_s__rosidl_typesupport_c.cpython-310-x86_64-linux-gnu.so[0m
[2.235s] [100%] [32m[1mLinking C shared library rosidl_generator_py/custom_interfaces/custom_interfaces_s__rosidl_typesupport_fastrtps_c.cpython-310-x86_64-linux-gnu.so[0m
[2.260s] [100%] Built target custom_interfaces__rosidl_typesupport_introspection_c__pyext
[2.262s] [100%] Built target custom_interfaces__rosidl_typesupport_c__pyext
[2.262s] [100%] Built target custom_interfaces__rosidl_typesupport_fastrtps_c__pyext
[2.269s] Invoked command in '/home/wilson/ROBE313_ROS2Hw/build/custom_interfaces' returned '0': CMAKE_PREFIX_PATH=/opt/ros/humble /usr/bin/cmake --build /home/wilson/ROBE313_ROS2Hw/build/custom_interfaces -- -j20 -l20
[2.270s] Invoking command in '/home/wilson/ROBE313_ROS2Hw/build/custom_interfaces': CMAKE_PREFIX_PATH=/opt/ros/humble /usr/bin/cmake --install /home/wilson/ROBE313_ROS2Hw/build/custom_interfaces
[2.275s] -- Install configuration: ""
[2.275s] -- Installing: /home/wilson/ROBE313_ROS2Hw/install/custom_interfaces/share/ament_index/resource_index/rosidl_interfaces/custom_interfaces
[2.275s] -- Installing: /home/wilson/ROBE313_ROS2Hw/install/custom_interfaces/include/custom_interfaces/custom_interfaces
[2.275s] -- Installing: /home/wilson/ROBE313_ROS2Hw/install/custom_interfaces/include/custom_interfaces/custom_interfaces/msg
[2.275s] -- Installing: /home/wilson/ROBE313_ROS2Hw/install/custom_interfaces/include/custom_interfaces/custom_interfaces/msg/rosidl_generator_c__visibility_control.h
[2.275s] -- Installing: /home/wilson/ROBE313_ROS2Hw/install/custom_interfaces/include/custom_interfaces/custom_interfaces/srv
[2.275s] -- Installing: /home/wilson/ROBE313_ROS2Hw/install/custom_interfaces/include/custom_interfaces/custom_interfaces/srv/reset_position.h
[2.275s] -- Installing: /home/wilson/ROBE313_ROS2Hw/install/custom_interfaces/include/custom_interfaces/custom_interfaces/srv/detail
[2.275s] -- Installing: /home/wilson/ROBE313_ROS2Hw/install/custom_interfaces/include/custom_interfaces/custom_interfaces/srv/detail/reset_position__struct.h
[2.275s] -- Installing: /home/wilson/ROBE313_ROS2Hw/install/custom_interfaces/include/custom_interfaces/custom_interfaces/srv/detail/reset_position__functions.h
[2.275s] -- Installing: /home/wilson/ROBE313_ROS2Hw/install/custom_interfaces/include/custom_interfaces/custom_interfaces/srv/detail/reset_position__functions.c
[2.275s] -- Installing: /home/wilson/ROBE313_ROS2Hw/install/custom_interfaces/include/custom_interfaces/custom_interfaces/srv/detail/reset_position__type_support.h
[2.275s] -- Installing: /home/wilson/ROBE313_ROS2Hw/install/custom_interfaces/share/custom_interfaces/environment/library_path.sh
[2.275s] -- Installing: /home/wilson/ROBE313_ROS2Hw/install/custom_interfaces/share/custom_interfaces/environment/library_path.dsv
[2.275s] -- Installing: /home/wilson/ROBE313_ROS2Hw/install/custom_interfaces/lib/libcustom_interfaces__rosidl_generator_c.so
[2.275s] -- Set runtime path of "/home/wilson/ROBE313_ROS2Hw/install/custom_interfaces/lib/libcustom_interfaces__rosidl_generator_c.so" to ""
[2.275s] -- Up-to-date: /home/wilson/ROBE313_ROS2Hw/install/custom_interfaces/include/custom_interfaces/custom_interfaces
[2.275s] -- Up-to-date: /home/wilson/ROBE313_ROS2Hw/install/custom_interfaces/include/custom_interfaces/custom_interfaces/msg
[2.275s] -- Installing: /home/wilson/ROBE313_ROS2Hw/install/custom_interfaces/include/custom_interfaces/custom_interfaces/msg/rosidl_typesupport_fastrtps_c__visibility_control.h
[2.275s] -- Up-to-date: /home/wilson/ROBE313_ROS2Hw/install/custom_interfaces/include/custom_interfaces/custom_interfaces/srv
[2.275s] -- Up-to-date: /home/wilson/ROBE313_ROS2Hw/install/custom_interfaces/include/custom_interfaces/custom_interfaces/srv/detail
[2.275s] -- Installing: /home/wilson/ROBE313_ROS2Hw/install/custom_interfaces/include/custom_interfaces/custom_interfaces/srv/detail/reset_position__rosidl_typesupport_fastrtps_c.h
[2.275s] -- Installing: /home/wilson/ROBE313_ROS2Hw/install/custom_interfaces/lib/libcustom_interfaces__rosidl_typesupport_fastrtps_c.so
[2.275s] -- Set runtime path of "/home/wilson/ROBE313_ROS2Hw/install/custom_interfaces/lib/libcustom_interfaces__rosidl_typesupport_fastrtps_c.so" to ""
[2.275s] -- Up-to-date: /home/wilson/ROBE313_ROS2Hw/install/custom_interfaces/include/custom_interfaces/custom_interfaces
[2.275s] -- Up-to-date: /home/wilson/ROBE313_ROS2Hw/install/custom_interfaces/include/custom_interfaces/custom_interfaces/msg
[2.275s] -- Installing: /home/wilson/ROBE313_ROS2Hw/install/custom_interfaces/include/custom_interfaces/custom_interfaces/msg/rosidl_generator_cpp__visibility_control.hpp
[2.275s] -- Up-to-date: /home/wilson/ROBE313_ROS2Hw/install/custom_interfaces/include/custom_interfaces/custom_interfaces/srv
[2.276s] -- Installing: /home/wilson/ROBE313_ROS2Hw/install/custom_interfaces/include/custom_interfaces/custom_interfaces/srv/reset_position.hpp
[2.276s] -- Up-to-date: /home/wilson/ROBE313_ROS2Hw/install/custom_interfaces/include/custom_interfaces/custom_interfaces/srv/detail
[2.276s] -- Installing: /home/wilson/ROBE313_ROS2Hw/install/custom_interfaces/include/custom_interfaces/custom_interfaces/srv/detail/reset_position__traits.hpp
[2.276s] -- Installing: /home/wilson/ROBE313_ROS2Hw/install/custom_interfaces/include/custom_interfaces/custom_interfaces/srv/detail/reset_position__builder.hpp
[2.276s] -- Installing: /home/wilson/ROBE313_ROS2Hw/install/custom_interfaces/include/custom_interfaces/custom_interfaces/srv/detail/reset_position__type_support.hpp
[2.276s] -- Installing: /home/wilson/ROBE313_ROS2Hw/install/custom_interfaces/include/custom_interfaces/custom_interfaces/srv/detail/reset_position__struct.hpp
[2.276s] -- Up-to-date: /home/wilson/ROBE313_ROS2Hw/install/custom_interfaces/include/custom_interfaces/custom_interfaces
[2.276s] -- Up-to-date: /home/wilson/ROBE313_ROS2Hw/install/custom_interfaces/include/custom_interfaces/custom_interfaces/msg
[2.276s] -- Installing: /home/wilson/ROBE313_ROS2Hw/install/custom_interfaces/include/custom_interfaces/custom_interfaces/msg/rosidl_typesupport_fastrtps_cpp__visibility_control.h
[2.276s] -- Up-to-date: /home/wilson/ROBE313_ROS2Hw/install/custom_interfaces/include/custom_interfaces/custom_interfaces/srv
[2.276s] -- Up-to-date: /home/wilson/ROBE313_ROS2Hw/install/custom_interfaces/include/custom_interfaces/custom_interfaces/srv/detail
[2.276s] -- Installing: /home/wilson/ROBE313_ROS2Hw/install/custom_interfaces/include/custom_interfaces/custom_interfaces/srv/detail/reset_position__rosidl_typesupport_fastrtps_cpp.hpp
[2.276s] -- Installing: /home/wilson/ROBE313_ROS2Hw/install/custom_interfaces/include/custom_interfaces/custom_interfaces/srv/detail/dds_fastrtps
[2.276s] -- Installing: /home/wilson/ROBE313_ROS2Hw/install/custom_interfaces/lib/libcustom_interfaces__rosidl_typesupport_fastrtps_cpp.so
[2.276s] -- Set runtime path of "/home/wilson/ROBE313_ROS2Hw/install/custom_interfaces/lib/libcustom_interfaces__rosidl_typesupport_fastrtps_cpp.so" to ""
[2.276s] -- Up-to-date: /home/wilson/ROBE313_ROS2Hw/install/custom_interfaces/include/custom_interfaces/custom_interfaces
[2.276s] -- Up-to-date: /home/wilson/ROBE313_ROS2Hw/install/custom_interfaces/include/custom_interfaces/custom_interfaces/msg
[2.276s] -- Installing: /home/wilson/ROBE313_ROS2Hw/install/custom_interfaces/include/custom_interfaces/custom_interfaces/msg/rosidl_typesupport_introspection_c__visibility_control.h
[2.276s] -- Up-to-date: /home/wilson/ROBE313_ROS2Hw/install/custom_interfaces/include/custom_interfaces/custom_interfaces/srv
[2.276s] -- Up-to-date: /home/wilson/ROBE313_ROS2Hw/install/custom_interfaces/include/custom_interfaces/custom_interfaces/srv/detail
[2.276s] -- Installing: /home/wilson/ROBE313_ROS2Hw/install/custom_interfaces/include/custom_interfaces/custom_interfaces/srv/detail/reset_position__type_support.c
[2.276s] -- Installing: /home/wilson/ROBE313_ROS2Hw/install/custom_interfaces/include/custom_interfaces/custom_interfaces/srv/detail/reset_position__rosidl_typesupport_introspection_c.h
[2.276s] -- Installing: /home/wilson/ROBE313_ROS2Hw/install/custom_interfaces/lib/libcustom_interfaces__rosidl_typesupport_introspection_c.so
[2.276s] -- Set runtime path of "/home/wilson/ROBE313_ROS2Hw/install/custom_interfaces/lib/libcustom_interfaces__rosidl_typesupport_introspection_c.so" to ""
[2.276s] -- Installing: /home/wilson/ROBE313_ROS2Hw/install/custom_interfaces/lib/libcustom_interfaces__rosidl_typesupport_c.so
[2.276s] -- Set runtime path of "/home/wilson/ROBE313_ROS2Hw/install/custom_interfaces/lib/libcustom_interfaces__rosidl_typesupport_c.so" to ""
[2.276s] -- Up-to-date: /home/wilson/ROBE313_ROS2Hw/install/custom_interfaces/include/custom_interfaces/custom_interfaces
[2.276s] -- Up-to-date: /home/wilson/ROBE313_ROS2Hw/install/custom_interfaces/include/custom_interfaces/custom_interfaces/srv
[2.276s] -- Up-to-date: /home/wilson/ROBE313_ROS2Hw/install/custom_interfaces/include/custom_interfaces/custom_interfaces/srv/detail
[2.276s] -- Installing: /home/wilson/ROBE313_ROS2Hw/install/custom_interfaces/include/custom_interfaces/custom_interfaces/srv/detail/reset_position__type_support.cpp
[2.277s] -- Installing: /home/wilson/ROBE313_ROS2Hw/install/custom_interfaces/include/custom_interfaces/custom_interfaces/srv/detail/reset_position__rosidl_typesupport_introspection_cpp.hpp
[2.277s] -- Installing: /home/wilson/ROBE313_ROS2Hw/install/custom_interfaces/lib/libcustom_interfaces__rosidl_typesupport_introspection_cpp.so
[2.277s] -- Set runtime path of "/home/wilson/ROBE313_ROS2Hw/install/custom_interfaces/lib/libcustom_interfaces__rosidl_typesupport_introspection_cpp.so" to ""
[2.277s] -- Installing: /home/wilson/ROBE313_ROS2Hw/install/custom_interfaces/lib/libcustom_interfaces__rosidl_typesupport_cpp.so
[2.277s] -- Set runtime path of "/home/wilson/ROBE313_ROS2Hw/install/custom_interfaces/lib/libcustom_interfaces__rosidl_typesupport_cpp.so" to ""
[2.277s] -- Installing: /home/wilson/ROBE313_ROS2Hw/install/custom_interfaces/share/custom_interfaces/environment/pythonpath.sh
[2.277s] -- Installing: /home/wilson/ROBE313_ROS2Hw/install/custom_interfaces/share/custom_interfaces/environment/pythonpath.dsv
[2.277s] -- Installing: /home/wilson/ROBE313_ROS2Hw/install/custom_interfaces/local/lib/python3.10/dist-packages/custom_interfaces-0.0.0-py3.10.egg-info
[2.277s] -- Installing: /home/wilson/ROBE313_ROS2Hw/install/custom_interfaces/local/lib/python3.10/dist-packages/custom_interfaces-0.0.0-py3.10.egg-info/dependency_links.txt
[2.277s] -- Installing: /home/wilson/ROBE313_ROS2Hw/install/custom_interfaces/local/lib/python3.10/dist-packages/custom_interfaces-0.0.0-py3.10.egg-info/PKG-INFO
[2.277s] -- Installing: /home/wilson/ROBE313_ROS2Hw/install/custom_interfaces/local/lib/python3.10/dist-packages/custom_interfaces-0.0.0-py3.10.egg-info/SOURCES.txt
[2.277s] -- Installing: /home/wilson/ROBE313_ROS2Hw/install/custom_interfaces/local/lib/python3.10/dist-packages/custom_interfaces-0.0.0-py3.10.egg-info/top_level.txt
[2.277s] -- Installing: /home/wilson/ROBE313_ROS2Hw/install/custom_interfaces/local/lib/python3.10/dist-packages/custom_interfaces
[2.277s] -- Installing: /home/wilson/ROBE313_ROS2Hw/install/custom_interfaces/local/lib/python3.10/dist-packages/custom_interfaces/_custom_interfaces_s.ep.rosidl_typesupport_fastrtps_c.c
[2.277s] -- Installing: /home/wilson/ROBE313_ROS2Hw/install/custom_interfaces/local/lib/python3.10/dist-packages/custom_interfaces/_custom_interfaces_s.ep.rosidl_typesupport_c.c
[2.277s] -- Installing: /home/wilson/ROBE313_ROS2Hw/install/custom_interfaces/local/lib/python3.10/dist-packages/custom_interfaces/custom_interfaces_s__rosidl_typesupport_c.cpython-310-x86_64-linux-gnu.so
[2.277s] -- Installing: /home/wilson/ROBE313_ROS2Hw/install/custom_interfaces/local/lib/python3.10/dist-packages/custom_interfaces/_custom_interfaces_s.ep.rosidl_typesupport_introspection_c.c
[2.277s] -- Installing: /home/wilson/ROBE313_ROS2Hw/install/custom_interfaces/local/lib/python3.10/dist-packages/custom_interfaces/__init__.py
[2.277s] -- Installing: /home/wilson/ROBE313_ROS2Hw/install/custom_interfaces/local/lib/python3.10/dist-packages/custom_interfaces/custom_interfaces_s__rosidl_typesupport_fastrtps_c.cpython-310-x86_64-linux-gnu.so
[2.277s] -- Installing: /home/wilson/ROBE313_ROS2Hw/install/custom_interfaces/local/lib/python3.10/dist-packages/custom_interfaces/srv
[2.277s] -- Installing: /home/wilson/ROBE313_ROS2Hw/install/custom_interfaces/local/lib/python3.10/dist-packages/custom_interfaces/srv/_reset_position.py
[2.277s] -- Installing: /home/wilson/ROBE313_ROS2Hw/install/custom_interfaces/local/lib/python3.10/dist-packages/custom_interfaces/srv/_reset_position_s.c
[2.277s] -- Installing: /home/wilson/ROBE313_ROS2Hw/install/custom_interfaces/local/lib/python3.10/dist-packages/custom_interfaces/srv/__init__.py
[2.277s] -- Installing: /home/wilson/ROBE313_ROS2Hw/install/custom_interfaces/local/lib/python3.10/dist-packages/custom_interfaces/libcustom_interfaces__rosidl_generator_py.so
[2.277s] -- Installing: /home/wilson/ROBE313_ROS2Hw/install/custom_interfaces/local/lib/python3.10/dist-packages/custom_interfaces/custom_interfaces_s__rosidl_typesupport_introspection_c.cpython-310-x86_64-linux-gnu.so
[2.298s] Listing '/home/wilson/ROBE313_ROS2Hw/install/custom_interfaces/local/lib/python3.10/dist-packages/custom_interfaces'...
[2.298s] Compiling '/home/wilson/ROBE313_ROS2Hw/install/custom_interfaces/local/lib/python3.10/dist-packages/custom_interfaces/__init__.py'...
[2.299s] Listing '/home/wilson/ROBE313_ROS2Hw/install/custom_interfaces/local/lib/python3.10/dist-packages/custom_interfaces/srv'...
[2.299s] Compiling '/home/wilson/ROBE313_ROS2Hw/install/custom_interfaces/local/lib/python3.10/dist-packages/custom_interfaces/srv/__init__.py'...
[2.299s] Compiling '/home/wilson/ROBE313_ROS2Hw/install/custom_interfaces/local/lib/python3.10/dist-packages/custom_interfaces/srv/_reset_position.py'...
[2.301s] -- Installing: /home/wilson/ROBE313_ROS2Hw/install/custom_interfaces/local/lib/python3.10/dist-packages/custom_interfaces/custom_interfaces_s__rosidl_typesupport_fastrtps_c.cpython-310-x86_64-linux-gnu.so
[2.301s] -- Set runtime path of "/home/wilson/ROBE313_ROS2Hw/install/custom_interfaces/local/lib/python3.10/dist-packages/custom_interfaces/custom_interfaces_s__rosidl_typesupport_fastrtps_c.cpython-310-x86_64-linux-gnu.so" to ""
[2.301s] -- Installing: /home/wilson/ROBE313_ROS2Hw/install/custom_interfaces/local/lib/python3.10/dist-packages/custom_interfaces/custom_interfaces_s__rosidl_typesupport_introspection_c.cpython-310-x86_64-linux-gnu.so
[2.301s] -- Set runtime path of "/home/wilson/ROBE313_ROS2Hw/install/custom_interfaces/local/lib/python3.10/dist-packages/custom_interfaces/custom_interfaces_s__rosidl_typesupport_introspection_c.cpython-310-x86_64-linux-gnu.so" to ""
[2.301s] -- Installing: /home/wilson/ROBE313_ROS2Hw/install/custom_interfaces/local/lib/python3.10/dist-packages/custom_interfaces/custom_interfaces_s__rosidl_typesupport_c.cpython-310-x86_64-linux-gnu.so
[2.301s] -- Set runtime path of "/home/wilson/ROBE313_ROS2Hw/install/custom_interfaces/local/lib/python3.10/dist-packages/custom_interfaces/custom_interfaces_s__rosidl_typesupport_c.cpython-310-x86_64-linux-gnu.so" to ""
[2.301s] -- Installing: /home/wilson/ROBE313_ROS2Hw/install/custom_interfaces/lib/libcustom_interfaces__rosidl_generator_py.so
[2.301s] -- Set runtime path of "/home/wilson/ROBE313_ROS2Hw/install/custom_interfaces/lib/libcustom_interfaces__rosidl_generator_py.so" to ""
[2.301s] -- Installing: /home/wilson/ROBE313_ROS2Hw/install/custom_interfaces/share/custom_interfaces/srv/ResetPosition.idl
[2.301s] -- Installing: /home/wilson/ROBE313_ROS2Hw/install/custom_interfaces/share/custom_interfaces/srv/ResetPosition.srv
[2.302s] -- Installing: /home/wilson/ROBE313_ROS2Hw/install/custom_interfaces/share/custom_interfaces/srv/ResetPosition_Request.msg
[2.302s] -- Installing: /home/wilson/ROBE313_ROS2Hw/install/custom_interfaces/share/custom_interfaces/srv/ResetPosition_Response.msg
[2.302s] -- Installing: /home/wilson/ROBE313_ROS2Hw/install/custom_interfaces/share/ament_index/resource_index/package_run_dependencies/custom_interfaces
[2.302s] -- Installing: /home/wilson/ROBE313_ROS2Hw/install/custom_interfaces/share/ament_index/resource_index/parent_prefix_path/custom_interfaces
[2.302s] -- Installing: /home/wilson/ROBE313_ROS2Hw/install/custom_interfaces/share/custom_interfaces/environment/ament_prefix_path.sh
[2.302s] -- Installing: /home/wilson/ROBE313_ROS2Hw/install/custom_interfaces/share/custom_interfaces/environment/ament_prefix_path.dsv
[2.302s] -- Installing: /home/wilson/ROBE313_ROS2Hw/install/custom_interfaces/share/custom_interfaces/environment/path.sh
[2.302s] -- Installing: /home/wilson/ROBE313_ROS2Hw/install/custom_interfaces/share/custom_interfaces/environment/path.dsv
[2.302s] -- Installing: /home/wilson/ROBE313_ROS2Hw/install/custom_interfaces/share/custom_interfaces/local_setup.bash
[2.302s] -- Installing: /home/wilson/ROBE313_ROS2Hw/install/custom_interfaces/share/custom_interfaces/local_setup.sh
[2.302s] -- Installing: /home/wilson/ROBE313_ROS2Hw/install/custom_interfaces/share/custom_interfaces/local_setup.zsh
[2.302s] -- Installing: /home/wilson/ROBE313_ROS2Hw/install/custom_interfaces/share/custom_interfaces/local_setup.dsv
[2.302s] -- Installing: /home/wilson/ROBE313_ROS2Hw/install/custom_interfaces/share/custom_interfaces/package.dsv
[2.302s] -- Installing: /home/wilson/ROBE313_ROS2Hw/install/custom_interfaces/share/ament_index/resource_index/packages/custom_interfaces
[2.303s] -- Installing: /home/wilson/ROBE313_ROS2Hw/install/custom_interfaces/share/custom_interfaces/cmake/export_custom_interfaces__rosidl_generator_cExport.cmake
[2.303s] -- Installing: /home/wilson/ROBE313_ROS2Hw/install/custom_interfaces/share/custom_interfaces/cmake/export_custom_interfaces__rosidl_generator_cExport-noconfig.cmake
[2.303s] -- Installing: /home/wilson/ROBE313_ROS2Hw/install/custom_interfaces/share/custom_interfaces/cmake/export_custom_interfaces__rosidl_typesupport_fastrtps_cExport.cmake
[2.303s] -- Installing: /home/wilson/ROBE313_ROS2Hw/install/custom_interfaces/share/custom_interfaces/cmake/export_custom_interfaces__rosidl_typesupport_fastrtps_cExport-noconfig.cmake
[2.303s] -- Installing: /home/wilson/ROBE313_ROS2Hw/install/custom_interfaces/share/custom_interfaces/cmake/export_custom_interfaces__rosidl_generator_cppExport.cmake
[2.303s] -- Installing: /home/wilson/ROBE313_ROS2Hw/install/custom_interfaces/share/custom_interfaces/cmake/export_custom_interfaces__rosidl_typesupport_fastrtps_cppExport.cmake
[2.303s] -- Installing: /home/wilson/ROBE313_ROS2Hw/install/custom_interfaces/share/custom_interfaces/cmake/export_custom_interfaces__rosidl_typesupport_fastrtps_cppExport-noconfig.cmake
[2.303s] -- Installing: /home/wilson/ROBE313_ROS2Hw/install/custom_interfaces/share/custom_interfaces/cmake/custom_interfaces__rosidl_typesupport_introspection_cExport.cmake
[2.303s] -- Installing: /home/wilson/ROBE313_ROS2Hw/install/custom_interfaces/share/custom_interfaces/cmake/custom_interfaces__rosidl_typesupport_introspection_cExport-noconfig.cmake
[2.303s] -- Installing: /home/wilson/ROBE313_ROS2Hw/install/custom_interfaces/share/custom_interfaces/cmake/custom_interfaces__rosidl_typesupport_cExport.cmake
[2.303s] -- Installing: /home/wilson/ROBE313_ROS2Hw/install/custom_interfaces/share/custom_interfaces/cmake/custom_interfaces__rosidl_typesupport_cExport-noconfig.cmake
[2.303s] -- Installing: /home/wilson/ROBE313_ROS2Hw/install/custom_interfaces/share/custom_interfaces/cmake/custom_interfaces__rosidl_typesupport_introspection_cppExport.cmake
[2.303s] -- Installing: /home/wilson/ROBE313_ROS2Hw/install/custom_interfaces/share/custom_interfaces/cmake/custom_interfaces__rosidl_typesupport_introspection_cppExport-noconfig.cmake
[2.303s] -- Installing: /home/wilson/ROBE313_ROS2Hw/install/custom_interfaces/share/custom_interfaces/cmake/custom_interfaces__rosidl_typesupport_cppExport.cmake
[2.303s] -- Installing: /home/wilson/ROBE313_ROS2Hw/install/custom_interfaces/share/custom_interfaces/cmake/custom_interfaces__rosidl_typesupport_cppExport-noconfig.cmake
[2.303s] -- Installing: /home/wilson/ROBE313_ROS2Hw/install/custom_interfaces/share/custom_interfaces/cmake/export_custom_interfaces__rosidl_generator_pyExport.cmake
[2.304s] -- Installing: /home/wilson/ROBE313_ROS2Hw/install/custom_interfaces/share/custom_interfaces/cmake/export_custom_interfaces__rosidl_generator_pyExport-noconfig.cmake
[2.304s] -- Installing: /home/wilson/ROBE313_ROS2Hw/install/custom_interfaces/share/custom_interfaces/cmake/rosidl_cmake-extras.cmake
[2.304s] -- Installing: /home/wilson/ROBE313_ROS2Hw/install/custom_interfaces/share/custom_interfaces/cmake/ament_cmake_export_dependencies-extras.cmake
[2.304s] -- Installing: /home/wilson/ROBE313_ROS2Hw/install/custom_interfaces/share/custom_interfaces/cmake/ament_cmake_export_include_directories-extras.cmake
[2.304s] -- Installing: /home/wilson/ROBE313_ROS2Hw/install/custom_interfaces/share/custom_interfaces/cmake/ament_cmake_export_libraries-extras.cmake
[2.304s] -- Installing: /home/wilson/ROBE313_ROS2Hw/install/custom_interfaces/share/custom_interfaces/cmake/ament_cmake_export_targets-extras.cmake
[2.304s] -- Installing: /home/wilson/ROBE313_ROS2Hw/install/custom_interfaces/share/custom_interfaces/cmake/rosidl_cmake_export_typesupport_targets-extras.cmake
[2.304s] -- Installing: /home/wilson/ROBE313_ROS2Hw/install/custom_interfaces/share/custom_interfaces/cmake/rosidl_cmake_export_typesupport_libraries-extras.cmake
[2.304s] -- Installing: /home/wilson/ROBE313_ROS2Hw/install/custom_interfaces/share/custom_interfaces/cmake/custom_interfacesConfig.cmake
[2.304s] -- Installing: /home/wilson/ROBE313_ROS2Hw/install/custom_interfaces/share/custom_interfaces/cmake/custom_interfacesConfig-version.cmake
[2.304s] -- Installing: /home/wilson/ROBE313_ROS2Hw/install/custom_interfaces/share/custom_interfaces/package.xml
[2.305s] Invoked command in '/home/wilson/ROBE313_ROS2Hw/build/custom_interfaces' returned '0': CMAKE_PREFIX_PATH=/opt/ros/humble /usr/bin/cmake --install /home/wilson/ROBE313_ROS2Hw/build/custom_interfaces
