[0.005s] Invoking command in '/home/wilson/ROBE313_ROS2Hw/build/robot_simulator_cpp': AMENT_PREFIX_PATH=/home/wilson/ROBE313_ROS2Hw/install/custom_interfaces:${AMENT_PREFIX_PATH} CMAKE_PREFIX_PATH=/home/wilson/ROBE313_ROS2Hw/install/custom_interfaces:/opt/ros/humble LD_LIBRARY_PATH=/home/wilson/ROBE313_ROS2Hw/install/custom_interfaces/lib:${LD_LIBRARY_PATH} PYTHONPATH=/home/wilson/ROBE313_ROS2Hw/install/custom_interfaces/local/lib/python3.10/dist-packages:${PYTHONPATH} /usr/bin/cmake /home/wilson/ROBE313_ROS2Hw/src/robot_simulator_cpp -DCMAKE_INSTALL_PREFIX=/home/wilson/ROBE313_ROS2Hw/install/robot_simulator_cpp
[0.047s] -- The C compiler identification is GNU 11.4.0
[0.095s] -- The CXX compiler identification is GNU 11.4.0
[0.099s] -- Detecting C compiler ABI info
[0.150s] -- Detecting C compiler ABI info - done
[0.154s] -- Check for working C compiler: /usr/bin/cc - skipped
[0.154s] -- Detecting C compile features
[0.155s] -- Detecting C compile features - done
[0.156s] -- Detecting CXX compiler ABI info
[0.208s] -- Detecting CXX compiler ABI info - done
[0.213s] -- Check for working CXX compiler: /usr/bin/c++ - skipped
[0.213s] -- Detecting CXX compile features
[0.214s] -- Detecting CXX compile features - done
[0.215s] -- Found ament_cmake: 1.3.12 (/opt/ros/humble/share/ament_cmake/cmake)
[0.313s] -- Found Python3: /usr/bin/python3 (found version "3.10.12") found components: Interpreter 
[0.365s] -- Found rclcpp: 16.0.15 (/opt/ros/humble/share/rclcpp/cmake)
[0.388s] -- Found rosidl_generator_c: 3.1.7 (/opt/ros/humble/share/rosidl_generator_c/cmake)
[0.391s] -- Found rosidl_adapter: 3.1.7 (/opt/ros/humble/share/rosidl_adapter/cmake)
[0.395s] -- Found rosidl_generator_cpp: 3.1.7 (/opt/ros/humble/share/rosidl_generator_cpp/cmake)
[0.401s] -- Using all available rosidl_typesupport_c: rosidl_typesupport_fastrtps_c;rosidl_typesupport_introspection_c
[0.409s] -- Using all available rosidl_typesupport_cpp: rosidl_typesupport_fastrtps_cpp;rosidl_typesupport_introspection_cpp
[0.433s] -- Found rmw_implementation_cmake: 6.1.2 (/opt/ros/humble/share/rmw_implementation_cmake/cmake)
[0.434s] -- Found rmw_fastrtps_cpp: 6.2.9 (/opt/ros/humble/share/rmw_fastrtps_cpp/cmake)
[0.497s] -- Found OpenSSL: /usr/lib/x86_64-linux-gnu/libcrypto.so (found version "3.0.2")  
[0.520s] -- Found FastRTPS: /opt/ros/humble/include  
[0.550s] -- Using RMW implementation 'rmw_fastrtps_cpp' as default
[0.554s] -- Looking for pthread.h
[0.605s] -- Looking for pthread.h - found
[0.606s] -- Performing Test CMAKE_HAVE_LIBC_PTHREAD
[0.658s] -- Performing Test CMAKE_HAVE_LIBC_PTHREAD - Success
[0.659s] -- Found Threads: TRUE  
[0.687s] -- Found geometry_msgs: 4.9.0 (/opt/ros/humble/share/geometry_msgs/cmake)
[0.694s] -- Found tf2: 0.25.16 (/opt/ros/humble/share/tf2/cmake)
[0.699s] -- Found tf2_ros: 0.25.16 (/opt/ros/humble/share/tf2_ros/cmake)
[0.752s] -- Found tf2_geometry_msgs: 0.25.16 (/opt/ros/humble/share/tf2_geometry_msgs/cmake)
[0.759s] -- Found eigen3_cmake_module: 0.1.1 (/opt/ros/humble/share/eigen3_cmake_module/cmake)
[0.759s] -- Found Eigen3: TRUE (found version "3.4.0") 
[0.759s] -- Ensuring Eigen3 include directory is part of orocos-kdl CMake target
[0.760s] -- Found custom_interfaces: 0.0.0 (/home/wilson/ROBE313_ROS2Hw/install/custom_interfaces/share/custom_interfaces/cmake)
[0.768s] -- Found ament_lint_auto: 0.12.14 (/opt/ros/humble/share/ament_lint_auto/cmake)
[0.802s] -- Configuring done
[0.809s] -- Generating done
[0.811s] -- Build files have been written to: /home/wilson/ROBE313_ROS2Hw/build/robot_simulator_cpp
[0.817s] Invoked command in '/home/wilson/ROBE313_ROS2Hw/build/robot_simulator_cpp' returned '0': AMENT_PREFIX_PATH=/home/wilson/ROBE313_ROS2Hw/install/custom_interfaces:${AMENT_PREFIX_PATH} CMAKE_PREFIX_PATH=/home/wilson/ROBE313_ROS2Hw/install/custom_interfaces:/opt/ros/humble LD_LIBRARY_PATH=/home/wilson/ROBE313_ROS2Hw/install/custom_interfaces/lib:${LD_LIBRARY_PATH} PYTHONPATH=/home/wilson/ROBE313_ROS2Hw/install/custom_interfaces/local/lib/python3.10/dist-packages:${PYTHONPATH} /usr/bin/cmake /home/wilson/ROBE313_ROS2Hw/src/robot_simulator_cpp -DCMAKE_INSTALL_PREFIX=/home/wilson/ROBE313_ROS2Hw/install/robot_simulator_cpp
[0.817s] Invoking command in '/home/wilson/ROBE313_ROS2Hw/build/robot_simulator_cpp': AMENT_PREFIX_PATH=/home/wilson/ROBE313_ROS2Hw/install/custom_interfaces:${AMENT_PREFIX_PATH} CMAKE_PREFIX_PATH=/home/wilson/ROBE313_ROS2Hw/install/custom_interfaces:/opt/ros/humble LD_LIBRARY_PATH=/home/wilson/ROBE313_ROS2Hw/install/custom_interfaces/lib:${LD_LIBRARY_PATH} PYTHONPATH=/home/wilson/ROBE313_ROS2Hw/install/custom_interfaces/local/lib/python3.10/dist-packages:${PYTHONPATH} /usr/bin/cmake --build /home/wilson/ROBE313_ROS2Hw/build/robot_simulator_cpp -- -j20 -l20
[0.852s] [ 50%] [32mBuilding CXX object CMakeFiles/odometry_node.dir/src/odometry_node.cpp.o[0m
[5.506s] [100%] [32m[1mLinking CXX executable odometry_node[0m
[5.775s] [100%] Built target odometry_node
[5.785s] Invoked command in '/home/wilson/ROBE313_ROS2Hw/build/robot_simulator_cpp' returned '0': AMENT_PREFIX_PATH=/home/wilson/ROBE313_ROS2Hw/install/custom_interfaces:${AMENT_PREFIX_PATH} CMAKE_PREFIX_PATH=/home/wilson/ROBE313_ROS2Hw/install/custom_interfaces:/opt/ros/humble LD_LIBRARY_PATH=/home/wilson/ROBE313_ROS2Hw/install/custom_interfaces/lib:${LD_LIBRARY_PATH} PYTHONPATH=/home/wilson/ROBE313_ROS2Hw/install/custom_interfaces/local/lib/python3.10/dist-packages:${PYTHONPATH} /usr/bin/cmake --build /home/wilson/ROBE313_ROS2Hw/build/robot_simulator_cpp -- -j20 -l20
[5.786s] Invoking command in '/home/wilson/ROBE313_ROS2Hw/build/robot_simulator_cpp': AMENT_PREFIX_PATH=/home/wilson/ROBE313_ROS2Hw/install/custom_interfaces:${AMENT_PREFIX_PATH} CMAKE_PREFIX_PATH=/home/wilson/ROBE313_ROS2Hw/install/custom_interfaces:/opt/ros/humble LD_LIBRARY_PATH=/home/wilson/ROBE313_ROS2Hw/install/custom_interfaces/lib:${LD_LIBRARY_PATH} PYTHONPATH=/home/wilson/ROBE313_ROS2Hw/install/custom_interfaces/local/lib/python3.10/dist-packages:${PYTHONPATH} /usr/bin/cmake --install /home/wilson/ROBE313_ROS2Hw/build/robot_simulator_cpp
[5.790s] -- Install configuration: ""
[5.791s] -- Installing: /home/wilson/ROBE313_ROS2Hw/install/robot_simulator_cpp/lib/robot_simulator_cpp/odometry_node
[5.792s] -- Set runtime path of "/home/wilson/ROBE313_ROS2Hw/install/robot_simulator_cpp/lib/robot_simulator_cpp/odometry_node" to ""
[5.792s] -- Installing: /home/wilson/ROBE313_ROS2Hw/install/robot_simulator_cpp/share/ament_index/resource_index/package_run_dependencies/robot_simulator_cpp
[5.792s] -- Installing: /home/wilson/ROBE313_ROS2Hw/install/robot_simulator_cpp/share/ament_index/resource_index/parent_prefix_path/robot_simulator_cpp
[5.792s] -- Installing: /home/wilson/ROBE313_ROS2Hw/install/robot_simulator_cpp/share/robot_simulator_cpp/environment/ament_prefix_path.sh
[5.792s] -- Installing: /home/wilson/ROBE313_ROS2Hw/install/robot_simulator_cpp/share/robot_simulator_cpp/environment/ament_prefix_path.dsv
[5.792s] -- Installing: /home/wilson/ROBE313_ROS2Hw/install/robot_simulator_cpp/share/robot_simulator_cpp/environment/path.sh
[5.793s] -- Installing: /home/wilson/ROBE313_ROS2Hw/install/robot_simulator_cpp/share/robot_simulator_cpp/environment/path.dsv
[5.793s] -- Installing: /home/wilson/ROBE313_ROS2Hw/install/robot_simulator_cpp/share/robot_simulator_cpp/local_setup.bash
[5.793s] -- Installing: /home/wilson/ROBE313_ROS2Hw/install/robot_simulator_cpp/share/robot_simulator_cpp/local_setup.sh
[5.793s] -- Installing: /home/wilson/ROBE313_ROS2Hw/install/robot_simulator_cpp/share/robot_simulator_cpp/local_setup.zsh
[5.793s] -- Installing: /home/wilson/ROBE313_ROS2Hw/install/robot_simulator_cpp/share/robot_simulator_cpp/local_setup.dsv
[5.793s] -- Installing: /home/wilson/ROBE313_ROS2Hw/install/robot_simulator_cpp/share/robot_simulator_cpp/package.dsv
[5.793s] -- Installing: /home/wilson/ROBE313_ROS2Hw/install/robot_simulator_cpp/share/ament_index/resource_index/packages/robot_simulator_cpp
[5.793s] -- Installing: /home/wilson/ROBE313_ROS2Hw/install/robot_simulator_cpp/share/robot_simulator_cpp/cmake/robot_simulator_cppConfig.cmake
[5.793s] -- Installing: /home/wilson/ROBE313_ROS2Hw/install/robot_simulator_cpp/share/robot_simulator_cpp/cmake/robot_simulator_cppConfig-version.cmake
[5.793s] -- Installing: /home/wilson/ROBE313_ROS2Hw/install/robot_simulator_cpp/share/robot_simulator_cpp/package.xml
[5.794s] Invoked command in '/home/wilson/ROBE313_ROS2Hw/build/robot_simulator_cpp' returned '0': AMENT_PREFIX_PATH=/home/wilson/ROBE313_ROS2Hw/install/custom_interfaces:${AMENT_PREFIX_PATH} CMAKE_PREFIX_PATH=/home/wilson/ROBE313_ROS2Hw/install/custom_interfaces:/opt/ros/humble LD_LIBRARY_PATH=/home/wilson/ROBE313_ROS2Hw/install/custom_interfaces/lib:${LD_LIBRARY_PATH} PYTHONPATH=/home/wilson/ROBE313_ROS2Hw/install/custom_interfaces/local/lib/python3.10/dist-packages:${PYTHONPATH} /usr/bin/cmake --install /home/wilson/ROBE313_ROS2Hw/build/robot_simulator_cpp
