[0.052s] DEBUG:colcon:Command line arguments: ['/usr/bin/colcon', 'build']
[0.052s] DEBUG:colcon:Parsed command line arguments: Namespace(log_base=None, log_level=None, verb_name='build', build_base='build', install_base='install', merge_install=False, symlink_install=False, test_result_base=None, continue_on_error=False, executor='parallel', parallel_workers=20, event_handlers=None, ignore_user_meta=False, metas=['./colcon.meta'], base_paths=['.'], packages_ignore=None, packages_ignore_regex=None, paths=None, packages_up_to=None, packages_up_to_regex=None, packages_above=None, packages_above_and_dependencies=None, packages_above_depth=None, packages_select_by_dep=None, packages_skip_by_dep=None, packages_skip_up_to=None, packages_select_build_failed=False, packages_skip_build_finished=False, packages_select_test_failures=False, packages_skip_test_passed=False, packages_select=None, packages_skip=None, packages_select_regex=None, packages_skip_regex=None, packages_start=None, packages_end=None, allow_overriding=[], cmake_args=None, cmake_target=None, cmake_target_skip_unavailable=False, cmake_clean_cache=False, cmake_clean_first=False, cmake_force_configure=False, ament_cmake_args=None, catkin_cmake_args=None, catkin_skip_building_tests=False, mixin_files=None, mixin=None, verb_parser=<colcon_mixin.mixin.mixin_argument.MixinArgumentDecorator object at 0x7795d4055d80>, verb_extension=<colcon_core.verb.build.BuildVerb object at 0x7795d4055840>, main=<bound method BuildVerb.main of <colcon_core.verb.build.BuildVerb object at 0x7795d4055840>>, mixin_verb=('build',))
[0.126s] Level 1:colcon.colcon_core.package_discovery:discover_packages(colcon_meta) check parameters
[0.127s] Level 1:colcon.colcon_core.package_discovery:discover_packages(recursive) check parameters
[0.127s] Level 1:colcon.colcon_core.package_discovery:discover_packages(ignore) check parameters
[0.127s] Level 1:colcon.colcon_core.package_discovery:discover_packages(path) check parameters
[0.127s] Level 1:colcon.colcon_core.package_discovery:discover_packages(colcon_meta) discover
[0.127s] Level 1:colcon.colcon_core.package_discovery:discover_packages(recursive) discover
[0.127s] INFO:colcon.colcon_core.package_discovery:Crawling recursively for packages in '/home/wilson/ROBE313_ROS2Hw'
[0.127s] Level 1:colcon.colcon_core.package_identification:_identify(.) by extensions ['ignore', 'ignore_ament_install']
[0.127s] Level 1:colcon.colcon_core.package_identification:_identify(.) by extension 'ignore'
[0.127s] Level 1:colcon.colcon_core.package_identification:_identify(.) by extension 'ignore_ament_install'
[0.127s] Level 1:colcon.colcon_core.package_identification:_identify(.) by extensions ['colcon_pkg']
[0.127s] Level 1:colcon.colcon_core.package_identification:_identify(.) by extension 'colcon_pkg'
[0.127s] Level 1:colcon.colcon_core.package_identification:_identify(.) by extensions ['colcon_meta']
[0.127s] Level 1:colcon.colcon_core.package_identification:_identify(.) by extension 'colcon_meta'
[0.127s] Level 1:colcon.colcon_core.package_identification:_identify(.) by extensions ['ros']
[0.127s] Level 1:colcon.colcon_core.package_identification:_identify(.) by extension 'ros'
[0.132s] Level 1:colcon.colcon_core.package_identification:_identify(.) by extensions ['cmake', 'python']
[0.132s] Level 1:colcon.colcon_core.package_identification:_identify(.) by extension 'cmake'
[0.132s] Level 1:colcon.colcon_core.package_identification:_identify(.) by extension 'python'
[0.132s] Level 1:colcon.colcon_core.package_identification:_identify(.) by extensions ['python_setup_py']
[0.132s] Level 1:colcon.colcon_core.package_identification:_identify(.) by extension 'python_setup_py'
[0.133s] Level 1:colcon.colcon_core.package_identification:_identify(build) by extensions ['ignore', 'ignore_ament_install']
[0.133s] Level 1:colcon.colcon_core.package_identification:_identify(build) by extension 'ignore'
[0.133s] Level 1:colcon.colcon_core.package_identification:_identify(build) ignored
[0.133s] Level 1:colcon.colcon_core.package_identification:_identify(install) by extensions ['ignore', 'ignore_ament_install']
[0.133s] Level 1:colcon.colcon_core.package_identification:_identify(install) by extension 'ignore'
[0.133s] Level 1:colcon.colcon_core.package_identification:_identify(install) ignored
[0.133s] Level 1:colcon.colcon_core.package_identification:_identify(log) by extensions ['ignore', 'ignore_ament_install']
[0.133s] Level 1:colcon.colcon_core.package_identification:_identify(log) by extension 'ignore'
[0.133s] Level 1:colcon.colcon_core.package_identification:_identify(log) ignored
[0.133s] Level 1:colcon.colcon_core.package_identification:_identify(src) by extensions ['ignore', 'ignore_ament_install']
[0.133s] Level 1:colcon.colcon_core.package_identification:_identify(src) by extension 'ignore'
[0.133s] Level 1:colcon.colcon_core.package_identification:_identify(src) by extension 'ignore_ament_install'
[0.133s] Level 1:colcon.colcon_core.package_identification:_identify(src) by extensions ['colcon_pkg']
[0.133s] Level 1:colcon.colcon_core.package_identification:_identify(src) by extension 'colcon_pkg'
[0.133s] Level 1:colcon.colcon_core.package_identification:_identify(src) by extensions ['colcon_meta']
[0.133s] Level 1:colcon.colcon_core.package_identification:_identify(src) by extension 'colcon_meta'
[0.133s] Level 1:colcon.colcon_core.package_identification:_identify(src) by extensions ['ros']
[0.133s] Level 1:colcon.colcon_core.package_identification:_identify(src) by extension 'ros'
[0.133s] Level 1:colcon.colcon_core.package_identification:_identify(src) by extensions ['cmake', 'python']
[0.133s] Level 1:colcon.colcon_core.package_identification:_identify(src) by extension 'cmake'
[0.133s] Level 1:colcon.colcon_core.package_identification:_identify(src) by extension 'python'
[0.133s] Level 1:colcon.colcon_core.package_identification:_identify(src) by extensions ['python_setup_py']
[0.133s] Level 1:colcon.colcon_core.package_identification:_identify(src) by extension 'python_setup_py'
[0.133s] Level 1:colcon.colcon_core.package_identification:_identify(src/custom_interfaces) by extensions ['ignore', 'ignore_ament_install']
[0.133s] Level 1:colcon.colcon_core.package_identification:_identify(src/custom_interfaces) by extension 'ignore'
[0.133s] Level 1:colcon.colcon_core.package_identification:_identify(src/custom_interfaces) by extension 'ignore_ament_install'
[0.133s] Level 1:colcon.colcon_core.package_identification:_identify(src/custom_interfaces) by extensions ['colcon_pkg']
[0.133s] Level 1:colcon.colcon_core.package_identification:_identify(src/custom_interfaces) by extension 'colcon_pkg'
[0.133s] Level 1:colcon.colcon_core.package_identification:_identify(src/custom_interfaces) by extensions ['colcon_meta']
[0.133s] Level 1:colcon.colcon_core.package_identification:_identify(src/custom_interfaces) by extension 'colcon_meta'
[0.133s] Level 1:colcon.colcon_core.package_identification:_identify(src/custom_interfaces) by extensions ['ros']
[0.133s] Level 1:colcon.colcon_core.package_identification:_identify(src/custom_interfaces) by extension 'ros'
[0.134s] DEBUG:colcon.colcon_core.package_identification:Package 'src/custom_interfaces' with type 'ros.ament_cmake' and name 'custom_interfaces'
[0.134s] Level 1:colcon.colcon_core.package_identification:_identify(src/robot_bringup) by extensions ['ignore', 'ignore_ament_install']
[0.135s] Level 1:colcon.colcon_core.package_identification:_identify(src/robot_bringup) by extension 'ignore'
[0.135s] Level 1:colcon.colcon_core.package_identification:_identify(src/robot_bringup) by extension 'ignore_ament_install'
[0.135s] Level 1:colcon.colcon_core.package_identification:_identify(src/robot_bringup) by extensions ['colcon_pkg']
[0.135s] Level 1:colcon.colcon_core.package_identification:_identify(src/robot_bringup) by extension 'colcon_pkg'
[0.135s] Level 1:colcon.colcon_core.package_identification:_identify(src/robot_bringup) by extensions ['colcon_meta']
[0.135s] Level 1:colcon.colcon_core.package_identification:_identify(src/robot_bringup) by extension 'colcon_meta'
[0.135s] Level 1:colcon.colcon_core.package_identification:_identify(src/robot_bringup) by extensions ['ros']
[0.135s] Level 1:colcon.colcon_core.package_identification:_identify(src/robot_bringup) by extension 'ros'
[0.135s] DEBUG:colcon.colcon_core.package_identification:Package 'src/robot_bringup' with type 'ros.ament_cmake' and name 'robot_bringup'
[0.135s] Level 1:colcon.colcon_core.package_identification:_identify(src/robot_simulator_cpp) by extensions ['ignore', 'ignore_ament_install']
[0.135s] Level 1:colcon.colcon_core.package_identification:_identify(src/robot_simulator_cpp) by extension 'ignore'
[0.135s] Level 1:colcon.colcon_core.package_identification:_identify(src/robot_simulator_cpp) by extension 'ignore_ament_install'
[0.135s] Level 1:colcon.colcon_core.package_identification:_identify(src/robot_simulator_cpp) by extensions ['colcon_pkg']
[0.135s] Level 1:colcon.colcon_core.package_identification:_identify(src/robot_simulator_cpp) by extension 'colcon_pkg'
[0.135s] Level 1:colcon.colcon_core.package_identification:_identify(src/robot_simulator_cpp) by extensions ['colcon_meta']
[0.135s] Level 1:colcon.colcon_core.package_identification:_identify(src/robot_simulator_cpp) by extension 'colcon_meta'
[0.135s] Level 1:colcon.colcon_core.package_identification:_identify(src/robot_simulator_cpp) by extensions ['ros']
[0.135s] Level 1:colcon.colcon_core.package_identification:_identify(src/robot_simulator_cpp) by extension 'ros'
[0.136s] DEBUG:colcon.colcon_core.package_identification:Package 'src/robot_simulator_cpp' with type 'ros.ament_cmake' and name 'robot_simulator_cpp'
[0.136s] Level 1:colcon.colcon_core.package_identification:_identify(src/robot_simulator_py) by extensions ['ignore', 'ignore_ament_install']
[0.136s] Level 1:colcon.colcon_core.package_identification:_identify(src/robot_simulator_py) by extension 'ignore'
[0.136s] Level 1:colcon.colcon_core.package_identification:_identify(src/robot_simulator_py) by extension 'ignore_ament_install'
[0.136s] Level 1:colcon.colcon_core.package_identification:_identify(src/robot_simulator_py) by extensions ['colcon_pkg']
[0.136s] Level 1:colcon.colcon_core.package_identification:_identify(src/robot_simulator_py) by extension 'colcon_pkg'
[0.136s] Level 1:colcon.colcon_core.package_identification:_identify(src/robot_simulator_py) by extensions ['colcon_meta']
[0.136s] Level 1:colcon.colcon_core.package_identification:_identify(src/robot_simulator_py) by extension 'colcon_meta'
[0.136s] Level 1:colcon.colcon_core.package_identification:_identify(src/robot_simulator_py) by extensions ['ros']
[0.136s] Level 1:colcon.colcon_core.package_identification:_identify(src/robot_simulator_py) by extension 'ros'
[0.136s] DEBUG:colcon.colcon_core.package_identification:Package 'src/robot_simulator_py' with type 'ros.ament_python' and name 'robot_simulator_py'
[0.136s] Level 1:colcon.colcon_core.package_discovery:discover_packages(recursive) using defaults
[0.136s] Level 1:colcon.colcon_core.package_discovery:discover_packages(ignore) discover
[0.136s] Level 1:colcon.colcon_core.package_discovery:discover_packages(ignore) using defaults
[0.136s] Level 1:colcon.colcon_core.package_discovery:discover_packages(path) discover
[0.136s] Level 1:colcon.colcon_core.package_discovery:discover_packages(path) using defaults
[0.151s] Level 1:colcon.colcon_core.package_discovery:discover_packages(prefix_path) check parameters
[0.151s] Level 1:colcon.colcon_core.package_discovery:discover_packages(prefix_path) discover
[0.151s] DEBUG:colcon.colcon_installed_package_information.package_discovery:Found 4 installed packages in /home/wilson/ROBE313_ROS2Hw/install
[0.152s] DEBUG:colcon.colcon_installed_package_information.package_discovery:Found 371 installed packages in /opt/ros/humble
[0.153s] Level 1:colcon.colcon_core.package_discovery:discover_packages(prefix_path) using defaults
[0.174s] Level 5:colcon.colcon_core.verb:set package 'custom_interfaces' build argument 'cmake_args' from command line to 'None'
[0.174s] Level 5:colcon.colcon_core.verb:set package 'custom_interfaces' build argument 'cmake_target' from command line to 'None'
[0.174s] Level 5:colcon.colcon_core.verb:set package 'custom_interfaces' build argument 'cmake_target_skip_unavailable' from command line to 'False'
[0.174s] Level 5:colcon.colcon_core.verb:set package 'custom_interfaces' build argument 'cmake_clean_cache' from command line to 'False'
[0.174s] Level 5:colcon.colcon_core.verb:set package 'custom_interfaces' build argument 'cmake_clean_first' from command line to 'False'
[0.174s] Level 5:colcon.colcon_core.verb:set package 'custom_interfaces' build argument 'cmake_force_configure' from command line to 'False'
[0.174s] Level 5:colcon.colcon_core.verb:set package 'custom_interfaces' build argument 'ament_cmake_args' from command line to 'None'
[0.174s] Level 5:colcon.colcon_core.verb:set package 'custom_interfaces' build argument 'catkin_cmake_args' from command line to 'None'
[0.174s] Level 5:colcon.colcon_core.verb:set package 'custom_interfaces' build argument 'catkin_skip_building_tests' from command line to 'False'
[0.174s] DEBUG:colcon.colcon_core.verb:Building package 'custom_interfaces' with the following arguments: {'ament_cmake_args': None, 'build_base': '/home/wilson/ROBE313_ROS2Hw/build/custom_interfaces', 'catkin_cmake_args': None, 'catkin_skip_building_tests': False, 'cmake_args': None, 'cmake_clean_cache': False, 'cmake_clean_first': False, 'cmake_force_configure': False, 'cmake_target': None, 'cmake_target_skip_unavailable': False, 'install_base': '/home/wilson/ROBE313_ROS2Hw/install/custom_interfaces', 'merge_install': False, 'path': '/home/wilson/ROBE313_ROS2Hw/src/custom_interfaces', 'symlink_install': False, 'test_result_base': None}
[0.174s] Level 5:colcon.colcon_core.verb:set package 'robot_bringup' build argument 'cmake_args' from command line to 'None'
[0.174s] Level 5:colcon.colcon_core.verb:set package 'robot_bringup' build argument 'cmake_target' from command line to 'None'
[0.174s] Level 5:colcon.colcon_core.verb:set package 'robot_bringup' build argument 'cmake_target_skip_unavailable' from command line to 'False'
[0.174s] Level 5:colcon.colcon_core.verb:set package 'robot_bringup' build argument 'cmake_clean_cache' from command line to 'False'
[0.174s] Level 5:colcon.colcon_core.verb:set package 'robot_bringup' build argument 'cmake_clean_first' from command line to 'False'
[0.174s] Level 5:colcon.colcon_core.verb:set package 'robot_bringup' build argument 'cmake_force_configure' from command line to 'False'
[0.174s] Level 5:colcon.colcon_core.verb:set package 'robot_bringup' build argument 'ament_cmake_args' from command line to 'None'
[0.174s] Level 5:colcon.colcon_core.verb:set package 'robot_bringup' build argument 'catkin_cmake_args' from command line to 'None'
[0.174s] Level 5:colcon.colcon_core.verb:set package 'robot_bringup' build argument 'catkin_skip_building_tests' from command line to 'False'
[0.174s] DEBUG:colcon.colcon_core.verb:Building package 'robot_bringup' with the following arguments: {'ament_cmake_args': None, 'build_base': '/home/wilson/ROBE313_ROS2Hw/build/robot_bringup', 'catkin_cmake_args': None, 'catkin_skip_building_tests': False, 'cmake_args': None, 'cmake_clean_cache': False, 'cmake_clean_first': False, 'cmake_force_configure': False, 'cmake_target': None, 'cmake_target_skip_unavailable': False, 'install_base': '/home/wilson/ROBE313_ROS2Hw/install/robot_bringup', 'merge_install': False, 'path': '/home/wilson/ROBE313_ROS2Hw/src/robot_bringup', 'symlink_install': False, 'test_result_base': None}
[0.175s] Level 5:colcon.colcon_core.verb:set package 'robot_simulator_py' build argument 'cmake_args' from command line to 'None'
[0.175s] Level 5:colcon.colcon_core.verb:set package 'robot_simulator_py' build argument 'cmake_target' from command line to 'None'
[0.175s] Level 5:colcon.colcon_core.verb:set package 'robot_simulator_py' build argument 'cmake_target_skip_unavailable' from command line to 'False'
[0.175s] Level 5:colcon.colcon_core.verb:set package 'robot_simulator_py' build argument 'cmake_clean_cache' from command line to 'False'
[0.175s] Level 5:colcon.colcon_core.verb:set package 'robot_simulator_py' build argument 'cmake_clean_first' from command line to 'False'
[0.175s] Level 5:colcon.colcon_core.verb:set package 'robot_simulator_py' build argument 'cmake_force_configure' from command line to 'False'
[0.175s] Level 5:colcon.colcon_core.verb:set package 'robot_simulator_py' build argument 'ament_cmake_args' from command line to 'None'
[0.175s] Level 5:colcon.colcon_core.verb:set package 'robot_simulator_py' build argument 'catkin_cmake_args' from command line to 'None'
[0.175s] Level 5:colcon.colcon_core.verb:set package 'robot_simulator_py' build argument 'catkin_skip_building_tests' from command line to 'False'
[0.175s] DEBUG:colcon.colcon_core.verb:Building package 'robot_simulator_py' with the following arguments: {'ament_cmake_args': None, 'build_base': '/home/wilson/ROBE313_ROS2Hw/build/robot_simulator_py', 'catkin_cmake_args': None, 'catkin_skip_building_tests': False, 'cmake_args': None, 'cmake_clean_cache': False, 'cmake_clean_first': False, 'cmake_force_configure': False, 'cmake_target': None, 'cmake_target_skip_unavailable': False, 'install_base': '/home/wilson/ROBE313_ROS2Hw/install/robot_simulator_py', 'merge_install': False, 'path': '/home/wilson/ROBE313_ROS2Hw/src/robot_simulator_py', 'symlink_install': False, 'test_result_base': None}
[0.175s] Level 5:colcon.colcon_core.verb:set package 'robot_simulator_cpp' build argument 'cmake_args' from command line to 'None'
[0.175s] Level 5:colcon.colcon_core.verb:set package 'robot_simulator_cpp' build argument 'cmake_target' from command line to 'None'
[0.175s] Level 5:colcon.colcon_core.verb:set package 'robot_simulator_cpp' build argument 'cmake_target_skip_unavailable' from command line to 'False'
[0.175s] Level 5:colcon.colcon_core.verb:set package 'robot_simulator_cpp' build argument 'cmake_clean_cache' from command line to 'False'
[0.175s] Level 5:colcon.colcon_core.verb:set package 'robot_simulator_cpp' build argument 'cmake_clean_first' from command line to 'False'
[0.175s] Level 5:colcon.colcon_core.verb:set package 'robot_simulator_cpp' build argument 'cmake_force_configure' from command line to 'False'
[0.175s] Level 5:colcon.colcon_core.verb:set package 'robot_simulator_cpp' build argument 'ament_cmake_args' from command line to 'None'
[0.175s] Level 5:colcon.colcon_core.verb:set package 'robot_simulator_cpp' build argument 'catkin_cmake_args' from command line to 'None'
[0.175s] Level 5:colcon.colcon_core.verb:set package 'robot_simulator_cpp' build argument 'catkin_skip_building_tests' from command line to 'False'
[0.175s] DEBUG:colcon.colcon_core.verb:Building package 'robot_simulator_cpp' with the following arguments: {'ament_cmake_args': None, 'build_base': '/home/wilson/ROBE313_ROS2Hw/build/robot_simulator_cpp', 'catkin_cmake_args': None, 'catkin_skip_building_tests': False, 'cmake_args': None, 'cmake_clean_cache': False, 'cmake_clean_first': False, 'cmake_force_configure': False, 'cmake_target': None, 'cmake_target_skip_unavailable': False, 'install_base': '/home/wilson/ROBE313_ROS2Hw/install/robot_simulator_cpp', 'merge_install': False, 'path': '/home/wilson/ROBE313_ROS2Hw/src/robot_simulator_cpp', 'symlink_install': False, 'test_result_base': None}
[0.175s] INFO:colcon.colcon_core.executor:Executing jobs using 'parallel' executor
[0.176s] DEBUG:colcon.colcon_parallel_executor.executor.parallel:run_until_complete
[0.176s] INFO:colcon.colcon_ros.task.ament_cmake.build:Building ROS package in '/home/wilson/ROBE313_ROS2Hw/src/custom_interfaces' with build type 'ament_cmake'
[0.176s] INFO:colcon.colcon_cmake.task.cmake.build:Building CMake package in '/home/wilson/ROBE313_ROS2Hw/src/custom_interfaces'
[0.177s] INFO:colcon.colcon_core.plugin_system:Skipping extension 'colcon_core.shell.bat': Not used on non-Windows systems
[0.177s] INFO:colcon.colcon_core.shell:Skip shell extension 'powershell' for command environment: Not usable outside of PowerShell
[0.177s] DEBUG:colcon.colcon_core.shell:Skip shell extension 'dsv' for command environment
[0.179s] INFO:colcon.colcon_ros.task.ament_cmake.build:Building ROS package in '/home/wilson/ROBE313_ROS2Hw/src/robot_bringup' with build type 'ament_cmake'
[0.179s] INFO:colcon.colcon_cmake.task.cmake.build:Building CMake package in '/home/wilson/ROBE313_ROS2Hw/src/robot_bringup'
[0.179s] INFO:colcon.colcon_core.shell:Skip shell extension 'powershell' for command environment: Not usable outside of PowerShell
[0.179s] DEBUG:colcon.colcon_core.shell:Skip shell extension 'dsv' for command environment
[0.181s] INFO:colcon.colcon_ros.task.ament_python.build:Building ROS package in '/home/wilson/ROBE313_ROS2Hw/src/robot_simulator_py' with build type 'ament_python'
[0.181s] Level 1:colcon.colcon_core.shell:create_environment_hook('robot_simulator_py', 'ament_prefix_path')
[0.181s] INFO:colcon.colcon_core.shell:Creating environment hook '/home/wilson/ROBE313_ROS2Hw/install/robot_simulator_py/share/robot_simulator_py/hook/ament_prefix_path.ps1'
[0.181s] INFO:colcon.colcon_core.shell:Creating environment descriptor '/home/wilson/ROBE313_ROS2Hw/install/robot_simulator_py/share/robot_simulator_py/hook/ament_prefix_path.dsv'
[0.181s] INFO:colcon.colcon_core.shell:Creating environment hook '/home/wilson/ROBE313_ROS2Hw/install/robot_simulator_py/share/robot_simulator_py/hook/ament_prefix_path.sh'
[0.182s] INFO:colcon.colcon_core.shell:Skip shell extension 'powershell' for command environment: Not usable outside of PowerShell
[0.182s] DEBUG:colcon.colcon_core.shell:Skip shell extension 'dsv' for command environment
[0.186s] DEBUG:colcon.colcon_core.event_handler.log_command:Invoking command in '/home/wilson/ROBE313_ROS2Hw/build/custom_interfaces': CMAKE_PREFIX_PATH=${CMAKE_PREFIX_PATH}:/home/wilson/ROBE313_ROS2Hw/install/robot_simulator_py:/opt/ros/humble /usr/bin/cmake --build /home/wilson/ROBE313_ROS2Hw/build/custom_interfaces -- -j20 -l20
[0.188s] DEBUG:colcon.colcon_core.event_handler.log_command:Invoking command in '/home/wilson/ROBE313_ROS2Hw/build/robot_bringup': CMAKE_PREFIX_PATH=${CMAKE_PREFIX_PATH}:/home/wilson/ROBE313_ROS2Hw/install/robot_simulator_py:/opt/ros/humble /usr/bin/cmake --build /home/wilson/ROBE313_ROS2Hw/build/robot_bringup -- -j20 -l20
[0.328s] INFO:colcon.colcon_core.task.python.build:Building Python package in '/home/wilson/ROBE313_ROS2Hw/src/robot_simulator_py'
[0.328s] INFO:colcon.colcon_core.shell:Skip shell extension 'powershell' for command environment: Not usable outside of PowerShell
[0.328s] DEBUG:colcon.colcon_core.shell:Skip shell extension 'dsv' for command environment
[0.332s] DEBUG:colcon.colcon_core.event_handler.log_command:Invoked command in '/home/wilson/ROBE313_ROS2Hw/build/robot_bringup' returned '0': CMAKE_PREFIX_PATH=${CMAKE_PREFIX_PATH}:/home/wilson/ROBE313_ROS2Hw/install/robot_simulator_py:/opt/ros/humble /usr/bin/cmake --build /home/wilson/ROBE313_ROS2Hw/build/robot_bringup -- -j20 -l20
[0.340s] DEBUG:colcon.colcon_core.event_handler.log_command:Invoking command in '/home/wilson/ROBE313_ROS2Hw/build/robot_bringup': CMAKE_PREFIX_PATH=${CMAKE_PREFIX_PATH}:/home/wilson/ROBE313_ROS2Hw/install/robot_simulator_py:/opt/ros/humble /usr/bin/cmake --install /home/wilson/ROBE313_ROS2Hw/build/robot_bringup
[0.346s] Level 1:colcon.colcon_core.environment:create_environment_scripts_only(robot_bringup)
[0.347s] DEBUG:colcon.colcon_core.event_handler.log_command:Invoked command in '/home/wilson/ROBE313_ROS2Hw/build/robot_bringup' returned '0': CMAKE_PREFIX_PATH=${CMAKE_PREFIX_PATH}:/home/wilson/ROBE313_ROS2Hw/install/robot_simulator_py:/opt/ros/humble /usr/bin/cmake --install /home/wilson/ROBE313_ROS2Hw/build/robot_bringup
[0.348s] Level 1:colcon.colcon_core.environment:checking '/home/wilson/ROBE313_ROS2Hw/install/robot_bringup' for CMake module files
[0.348s] Level 1:colcon.colcon_core.environment:checking '/home/wilson/ROBE313_ROS2Hw/install/robot_bringup' for CMake config files
[0.349s] Level 1:colcon.colcon_core.shell:create_environment_hook('robot_bringup', 'cmake_prefix_path')
[0.349s] INFO:colcon.colcon_core.shell:Creating environment hook '/home/wilson/ROBE313_ROS2Hw/install/robot_bringup/share/robot_bringup/hook/cmake_prefix_path.ps1'
[0.349s] INFO:colcon.colcon_core.shell:Creating environment descriptor '/home/wilson/ROBE313_ROS2Hw/install/robot_bringup/share/robot_bringup/hook/cmake_prefix_path.dsv'
[0.349s] INFO:colcon.colcon_core.shell:Creating environment hook '/home/wilson/ROBE313_ROS2Hw/install/robot_bringup/share/robot_bringup/hook/cmake_prefix_path.sh'
[0.350s] Level 1:colcon.colcon_core.environment:checking '/home/wilson/ROBE313_ROS2Hw/install/robot_bringup/bin'
[0.350s] Level 1:colcon.colcon_core.environment:checking '/home/wilson/ROBE313_ROS2Hw/install/robot_bringup/lib/pkgconfig/robot_bringup.pc'
[0.350s] Level 1:colcon.colcon_core.environment:checking '/home/wilson/ROBE313_ROS2Hw/install/robot_bringup/lib/python3.10/site-packages'
[0.350s] Level 1:colcon.colcon_core.environment:checking '/home/wilson/ROBE313_ROS2Hw/install/robot_bringup/bin'
[0.350s] INFO:colcon.colcon_core.shell:Creating package script '/home/wilson/ROBE313_ROS2Hw/install/robot_bringup/share/robot_bringup/package.ps1'
[0.351s] INFO:colcon.colcon_core.shell:Creating package descriptor '/home/wilson/ROBE313_ROS2Hw/install/robot_bringup/share/robot_bringup/package.dsv'
[0.351s] INFO:colcon.colcon_core.shell:Creating package script '/home/wilson/ROBE313_ROS2Hw/install/robot_bringup/share/robot_bringup/package.sh'
[0.351s] INFO:colcon.colcon_core.shell:Creating package script '/home/wilson/ROBE313_ROS2Hw/install/robot_bringup/share/robot_bringup/package.bash'
[0.352s] INFO:colcon.colcon_core.shell:Creating package script '/home/wilson/ROBE313_ROS2Hw/install/robot_bringup/share/robot_bringup/package.zsh'
[0.352s] Level 1:colcon.colcon_core.environment:create_file_with_runtime_dependencies(/home/wilson/ROBE313_ROS2Hw/install/robot_bringup/share/colcon-core/packages/robot_bringup)
[0.352s] Level 1:colcon.colcon_core.environment:create_environment_scripts_only(robot_bringup)
[0.353s] Level 1:colcon.colcon_core.environment:checking '/home/wilson/ROBE313_ROS2Hw/install/robot_bringup' for CMake module files
[0.353s] Level 1:colcon.colcon_core.environment:checking '/home/wilson/ROBE313_ROS2Hw/install/robot_bringup' for CMake config files
[0.353s] Level 1:colcon.colcon_core.shell:create_environment_hook('robot_bringup', 'cmake_prefix_path')
[0.353s] INFO:colcon.colcon_core.shell:Creating environment hook '/home/wilson/ROBE313_ROS2Hw/install/robot_bringup/share/robot_bringup/hook/cmake_prefix_path.ps1'
[0.353s] INFO:colcon.colcon_core.shell:Creating environment descriptor '/home/wilson/ROBE313_ROS2Hw/install/robot_bringup/share/robot_bringup/hook/cmake_prefix_path.dsv'
[0.353s] INFO:colcon.colcon_core.shell:Creating environment hook '/home/wilson/ROBE313_ROS2Hw/install/robot_bringup/share/robot_bringup/hook/cmake_prefix_path.sh'
[0.354s] Level 1:colcon.colcon_core.environment:checking '/home/wilson/ROBE313_ROS2Hw/install/robot_bringup/bin'
[0.354s] Level 1:colcon.colcon_core.environment:checking '/home/wilson/ROBE313_ROS2Hw/install/robot_bringup/lib/pkgconfig/robot_bringup.pc'
[0.354s] Level 1:colcon.colcon_core.environment:checking '/home/wilson/ROBE313_ROS2Hw/install/robot_bringup/lib/python3.10/site-packages'
[0.354s] Level 1:colcon.colcon_core.environment:checking '/home/wilson/ROBE313_ROS2Hw/install/robot_bringup/bin'
[0.354s] INFO:colcon.colcon_core.shell:Creating package script '/home/wilson/ROBE313_ROS2Hw/install/robot_bringup/share/robot_bringup/package.ps1'
[0.354s] INFO:colcon.colcon_core.shell:Creating package descriptor '/home/wilson/ROBE313_ROS2Hw/install/robot_bringup/share/robot_bringup/package.dsv'
[0.354s] INFO:colcon.colcon_core.shell:Creating package script '/home/wilson/ROBE313_ROS2Hw/install/robot_bringup/share/robot_bringup/package.sh'
[0.355s] INFO:colcon.colcon_core.shell:Creating package script '/home/wilson/ROBE313_ROS2Hw/install/robot_bringup/share/robot_bringup/package.bash'
[0.355s] INFO:colcon.colcon_core.shell:Creating package script '/home/wilson/ROBE313_ROS2Hw/install/robot_bringup/share/robot_bringup/package.zsh'
[0.355s] Level 1:colcon.colcon_core.environment:create_file_with_runtime_dependencies(/home/wilson/ROBE313_ROS2Hw/install/robot_bringup/share/colcon-core/packages/robot_bringup)
[0.387s] DEBUG:colcon.colcon_core.event_handler.log_command:Invoked command in '/home/wilson/ROBE313_ROS2Hw/build/custom_interfaces' returned '0': CMAKE_PREFIX_PATH=${CMAKE_PREFIX_PATH}:/home/wilson/ROBE313_ROS2Hw/install/robot_simulator_py:/opt/ros/humble /usr/bin/cmake --build /home/wilson/ROBE313_ROS2Hw/build/custom_interfaces -- -j20 -l20
[0.389s] DEBUG:colcon.colcon_core.event_handler.log_command:Invoking command in '/home/wilson/ROBE313_ROS2Hw/build/custom_interfaces': CMAKE_PREFIX_PATH=${CMAKE_PREFIX_PATH}:/home/wilson/ROBE313_ROS2Hw/install/robot_simulator_py:/opt/ros/humble /usr/bin/cmake --install /home/wilson/ROBE313_ROS2Hw/build/custom_interfaces
[0.421s] Level 1:colcon.colcon_core.environment:create_environment_scripts_only(custom_interfaces)
[0.422s] DEBUG:colcon.colcon_core.event_handler.log_command:Invoked command in '/home/wilson/ROBE313_ROS2Hw/build/custom_interfaces' returned '0': CMAKE_PREFIX_PATH=${CMAKE_PREFIX_PATH}:/home/wilson/ROBE313_ROS2Hw/install/robot_simulator_py:/opt/ros/humble /usr/bin/cmake --install /home/wilson/ROBE313_ROS2Hw/build/custom_interfaces
[0.422s] Level 1:colcon.colcon_core.environment:checking '/home/wilson/ROBE313_ROS2Hw/install/custom_interfaces' for CMake module files
[0.423s] Level 1:colcon.colcon_core.environment:checking '/home/wilson/ROBE313_ROS2Hw/install/custom_interfaces' for CMake config files
[0.423s] Level 1:colcon.colcon_core.shell:create_environment_hook('custom_interfaces', 'cmake_prefix_path')
[0.423s] INFO:colcon.colcon_core.shell:Creating environment hook '/home/wilson/ROBE313_ROS2Hw/install/custom_interfaces/share/custom_interfaces/hook/cmake_prefix_path.ps1'
[0.423s] INFO:colcon.colcon_core.shell:Creating environment descriptor '/home/wilson/ROBE313_ROS2Hw/install/custom_interfaces/share/custom_interfaces/hook/cmake_prefix_path.dsv'
[0.424s] INFO:colcon.colcon_core.shell:Creating environment hook '/home/wilson/ROBE313_ROS2Hw/install/custom_interfaces/share/custom_interfaces/hook/cmake_prefix_path.sh'
[0.424s] Level 1:colcon.colcon_core.environment:checking '/home/wilson/ROBE313_ROS2Hw/install/custom_interfaces/lib'
[0.424s] Level 1:colcon.colcon_core.shell:create_environment_hook('custom_interfaces', 'ld_library_path_lib')
[0.424s] INFO:colcon.colcon_core.shell:Creating environment hook '/home/wilson/ROBE313_ROS2Hw/install/custom_interfaces/share/custom_interfaces/hook/ld_library_path_lib.ps1'
[0.425s] INFO:colcon.colcon_core.shell:Creating environment descriptor '/home/wilson/ROBE313_ROS2Hw/install/custom_interfaces/share/custom_interfaces/hook/ld_library_path_lib.dsv'
[0.425s] INFO:colcon.colcon_core.shell:Creating environment hook '/home/wilson/ROBE313_ROS2Hw/install/custom_interfaces/share/custom_interfaces/hook/ld_library_path_lib.sh'
[0.425s] Level 1:colcon.colcon_core.environment:checking '/home/wilson/ROBE313_ROS2Hw/install/custom_interfaces/bin'
[0.425s] Level 1:colcon.colcon_core.environment:checking '/home/wilson/ROBE313_ROS2Hw/install/custom_interfaces/lib/pkgconfig/custom_interfaces.pc'
[0.425s] Level 1:colcon.colcon_core.environment:checking '/home/wilson/ROBE313_ROS2Hw/install/custom_interfaces/lib/python3.10/site-packages'
[0.426s] Level 1:colcon.colcon_core.environment:checking '/home/wilson/ROBE313_ROS2Hw/install/custom_interfaces/bin'
[0.426s] INFO:colcon.colcon_core.shell:Creating package script '/home/wilson/ROBE313_ROS2Hw/install/custom_interfaces/share/custom_interfaces/package.ps1'
[0.426s] INFO:colcon.colcon_core.shell:Creating package descriptor '/home/wilson/ROBE313_ROS2Hw/install/custom_interfaces/share/custom_interfaces/package.dsv'
[0.427s] INFO:colcon.colcon_core.shell:Creating package script '/home/wilson/ROBE313_ROS2Hw/install/custom_interfaces/share/custom_interfaces/package.sh'
[0.427s] INFO:colcon.colcon_core.shell:Creating package script '/home/wilson/ROBE313_ROS2Hw/install/custom_interfaces/share/custom_interfaces/package.bash'
[0.427s] INFO:colcon.colcon_core.shell:Creating package script '/home/wilson/ROBE313_ROS2Hw/install/custom_interfaces/share/custom_interfaces/package.zsh'
[0.428s] Level 1:colcon.colcon_core.environment:create_file_with_runtime_dependencies(/home/wilson/ROBE313_ROS2Hw/install/custom_interfaces/share/colcon-core/packages/custom_interfaces)
[0.428s] Level 1:colcon.colcon_core.environment:create_environment_scripts_only(custom_interfaces)
[0.428s] Level 1:colcon.colcon_core.environment:checking '/home/wilson/ROBE313_ROS2Hw/install/custom_interfaces' for CMake module files
[0.428s] Level 1:colcon.colcon_core.environment:checking '/home/wilson/ROBE313_ROS2Hw/install/custom_interfaces' for CMake config files
[0.428s] Level 1:colcon.colcon_core.shell:create_environment_hook('custom_interfaces', 'cmake_prefix_path')
[0.428s] INFO:colcon.colcon_core.shell:Creating environment hook '/home/wilson/ROBE313_ROS2Hw/install/custom_interfaces/share/custom_interfaces/hook/cmake_prefix_path.ps1'
[0.429s] INFO:colcon.colcon_core.shell:Creating environment descriptor '/home/wilson/ROBE313_ROS2Hw/install/custom_interfaces/share/custom_interfaces/hook/cmake_prefix_path.dsv'
[0.429s] INFO:colcon.colcon_core.shell:Creating environment hook '/home/wilson/ROBE313_ROS2Hw/install/custom_interfaces/share/custom_interfaces/hook/cmake_prefix_path.sh'
[0.429s] Level 1:colcon.colcon_core.environment:checking '/home/wilson/ROBE313_ROS2Hw/install/custom_interfaces/lib'
[0.429s] Level 1:colcon.colcon_core.shell:create_environment_hook('custom_interfaces', 'ld_library_path_lib')
[0.429s] INFO:colcon.colcon_core.shell:Creating environment hook '/home/wilson/ROBE313_ROS2Hw/install/custom_interfaces/share/custom_interfaces/hook/ld_library_path_lib.ps1'
[0.429s] INFO:colcon.colcon_core.shell:Creating environment descriptor '/home/wilson/ROBE313_ROS2Hw/install/custom_interfaces/share/custom_interfaces/hook/ld_library_path_lib.dsv'
[0.429s] INFO:colcon.colcon_core.shell:Creating environment hook '/home/wilson/ROBE313_ROS2Hw/install/custom_interfaces/share/custom_interfaces/hook/ld_library_path_lib.sh'
[0.430s] Level 1:colcon.colcon_core.environment:checking '/home/wilson/ROBE313_ROS2Hw/install/custom_interfaces/bin'
[0.430s] Level 1:colcon.colcon_core.environment:checking '/home/wilson/ROBE313_ROS2Hw/install/custom_interfaces/lib/pkgconfig/custom_interfaces.pc'
[0.430s] Level 1:colcon.colcon_core.environment:checking '/home/wilson/ROBE313_ROS2Hw/install/custom_interfaces/lib/python3.10/site-packages'
[0.430s] Level 1:colcon.colcon_core.environment:checking '/home/wilson/ROBE313_ROS2Hw/install/custom_interfaces/bin'
[0.430s] INFO:colcon.colcon_core.shell:Creating package script '/home/wilson/ROBE313_ROS2Hw/install/custom_interfaces/share/custom_interfaces/package.ps1'
[0.430s] INFO:colcon.colcon_core.shell:Creating package descriptor '/home/wilson/ROBE313_ROS2Hw/install/custom_interfaces/share/custom_interfaces/package.dsv'
[0.430s] INFO:colcon.colcon_core.shell:Creating package script '/home/wilson/ROBE313_ROS2Hw/install/custom_interfaces/share/custom_interfaces/package.sh'
[0.431s] INFO:colcon.colcon_core.shell:Creating package script '/home/wilson/ROBE313_ROS2Hw/install/custom_interfaces/share/custom_interfaces/package.bash'
[0.431s] INFO:colcon.colcon_core.shell:Creating package script '/home/wilson/ROBE313_ROS2Hw/install/custom_interfaces/share/custom_interfaces/package.zsh'
[0.431s] Level 1:colcon.colcon_core.environment:create_file_with_runtime_dependencies(/home/wilson/ROBE313_ROS2Hw/install/custom_interfaces/share/colcon-core/packages/custom_interfaces)
[0.431s] INFO:colcon.colcon_ros.task.ament_cmake.build:Building ROS package in '/home/wilson/ROBE313_ROS2Hw/src/robot_simulator_cpp' with build type 'ament_cmake'
[0.431s] INFO:colcon.colcon_cmake.task.cmake.build:Building CMake package in '/home/wilson/ROBE313_ROS2Hw/src/robot_simulator_cpp'
[0.431s] INFO:colcon.colcon_core.shell:Skip shell extension 'powershell' for command environment: Not usable outside of PowerShell
[0.431s] DEBUG:colcon.colcon_core.shell:Skip shell extension 'dsv' for command environment
[0.438s] DEBUG:colcon.colcon_core.event_handler.log_command:Invoking command in '/home/wilson/ROBE313_ROS2Hw/build/robot_simulator_cpp': CMAKE_PREFIX_PATH=/home/wilson/ROBE313_ROS2Hw/install/custom_interfaces:/home/wilson/ROBE313_ROS2Hw/install/robot_simulator_cpp:/home/wilson/ROBE313_ROS2Hw/install/robot_bringup:/home/wilson/ROBE313_ROS2Hw/install/robot_simulator_py:/opt/ros/humble /usr/bin/cmake --build /home/wilson/ROBE313_ROS2Hw/build/robot_simulator_cpp -- -j20 -l20
[0.486s] DEBUG:colcon.colcon_core.event_handler.log_command:Invoked command in '/home/wilson/ROBE313_ROS2Hw/build/robot_simulator_cpp' returned '0': CMAKE_PREFIX_PATH=/home/wilson/ROBE313_ROS2Hw/install/custom_interfaces:/home/wilson/ROBE313_ROS2Hw/install/robot_simulator_cpp:/home/wilson/ROBE313_ROS2Hw/install/robot_bringup:/home/wilson/ROBE313_ROS2Hw/install/robot_simulator_py:/opt/ros/humble /usr/bin/cmake --build /home/wilson/ROBE313_ROS2Hw/build/robot_simulator_cpp -- -j20 -l20
[0.486s] DEBUG:colcon.colcon_core.event_handler.log_command:Invoking command in '/home/wilson/ROBE313_ROS2Hw/build/robot_simulator_cpp': CMAKE_PREFIX_PATH=/home/wilson/ROBE313_ROS2Hw/install/custom_interfaces:/home/wilson/ROBE313_ROS2Hw/install/robot_simulator_cpp:/home/wilson/ROBE313_ROS2Hw/install/robot_bringup:/home/wilson/ROBE313_ROS2Hw/install/robot_simulator_py:/opt/ros/humble /usr/bin/cmake --install /home/wilson/ROBE313_ROS2Hw/build/robot_simulator_cpp
[0.492s] Level 1:colcon.colcon_core.environment:create_environment_scripts_only(robot_simulator_cpp)
[0.492s] Level 1:colcon.colcon_core.environment:checking '/home/wilson/ROBE313_ROS2Hw/install/robot_simulator_cpp' for CMake module files
[0.493s] DEBUG:colcon.colcon_core.event_handler.log_command:Invoked command in '/home/wilson/ROBE313_ROS2Hw/build/robot_simulator_cpp' returned '0': CMAKE_PREFIX_PATH=/home/wilson/ROBE313_ROS2Hw/install/custom_interfaces:/home/wilson/ROBE313_ROS2Hw/install/robot_simulator_cpp:/home/wilson/ROBE313_ROS2Hw/install/robot_bringup:/home/wilson/ROBE313_ROS2Hw/install/robot_simulator_py:/opt/ros/humble /usr/bin/cmake --install /home/wilson/ROBE313_ROS2Hw/build/robot_simulator_cpp
[0.493s] Level 1:colcon.colcon_core.environment:checking '/home/wilson/ROBE313_ROS2Hw/install/robot_simulator_cpp' for CMake config files
[0.493s] Level 1:colcon.colcon_core.shell:create_environment_hook('robot_simulator_cpp', 'cmake_prefix_path')
[0.493s] INFO:colcon.colcon_core.shell:Creating environment hook '/home/wilson/ROBE313_ROS2Hw/install/robot_simulator_cpp/share/robot_simulator_cpp/hook/cmake_prefix_path.ps1'
[0.493s] INFO:colcon.colcon_core.shell:Creating environment descriptor '/home/wilson/ROBE313_ROS2Hw/install/robot_simulator_cpp/share/robot_simulator_cpp/hook/cmake_prefix_path.dsv'
[0.494s] INFO:colcon.colcon_core.shell:Creating environment hook '/home/wilson/ROBE313_ROS2Hw/install/robot_simulator_cpp/share/robot_simulator_cpp/hook/cmake_prefix_path.sh'
[0.494s] Level 1:colcon.colcon_core.environment:checking '/home/wilson/ROBE313_ROS2Hw/install/robot_simulator_cpp/lib'
[0.494s] Level 1:colcon.colcon_core.environment:checking '/home/wilson/ROBE313_ROS2Hw/install/robot_simulator_cpp/bin'
[0.494s] Level 1:colcon.colcon_core.environment:checking '/home/wilson/ROBE313_ROS2Hw/install/robot_simulator_cpp/lib/pkgconfig/robot_simulator_cpp.pc'
[0.494s] Level 1:colcon.colcon_core.environment:checking '/home/wilson/ROBE313_ROS2Hw/install/robot_simulator_cpp/lib/python3.10/site-packages'
[0.494s] Level 1:colcon.colcon_core.environment:checking '/home/wilson/ROBE313_ROS2Hw/install/robot_simulator_cpp/bin'
[0.494s] INFO:colcon.colcon_core.shell:Creating package script '/home/wilson/ROBE313_ROS2Hw/install/robot_simulator_cpp/share/robot_simulator_cpp/package.ps1'
[0.495s] INFO:colcon.colcon_core.shell:Creating package descriptor '/home/wilson/ROBE313_ROS2Hw/install/robot_simulator_cpp/share/robot_simulator_cpp/package.dsv'
[0.495s] INFO:colcon.colcon_core.shell:Creating package script '/home/wilson/ROBE313_ROS2Hw/install/robot_simulator_cpp/share/robot_simulator_cpp/package.sh'
[0.495s] INFO:colcon.colcon_core.shell:Creating package script '/home/wilson/ROBE313_ROS2Hw/install/robot_simulator_cpp/share/robot_simulator_cpp/package.bash'
[0.495s] INFO:colcon.colcon_core.shell:Creating package script '/home/wilson/ROBE313_ROS2Hw/install/robot_simulator_cpp/share/robot_simulator_cpp/package.zsh'
[0.495s] Level 1:colcon.colcon_core.environment:create_file_with_runtime_dependencies(/home/wilson/ROBE313_ROS2Hw/install/robot_simulator_cpp/share/colcon-core/packages/robot_simulator_cpp)
[0.496s] Level 1:colcon.colcon_core.environment:create_environment_scripts_only(robot_simulator_cpp)
[0.496s] Level 1:colcon.colcon_core.environment:checking '/home/wilson/ROBE313_ROS2Hw/install/robot_simulator_cpp' for CMake module files
[0.496s] Level 1:colcon.colcon_core.environment:checking '/home/wilson/ROBE313_ROS2Hw/install/robot_simulator_cpp' for CMake config files
[0.496s] Level 1:colcon.colcon_core.shell:create_environment_hook('robot_simulator_cpp', 'cmake_prefix_path')
[0.496s] INFO:colcon.colcon_core.shell:Creating environment hook '/home/wilson/ROBE313_ROS2Hw/install/robot_simulator_cpp/share/robot_simulator_cpp/hook/cmake_prefix_path.ps1'
[0.496s] INFO:colcon.colcon_core.shell:Creating environment descriptor '/home/wilson/ROBE313_ROS2Hw/install/robot_simulator_cpp/share/robot_simulator_cpp/hook/cmake_prefix_path.dsv'
[0.497s] INFO:colcon.colcon_core.shell:Creating environment hook '/home/wilson/ROBE313_ROS2Hw/install/robot_simulator_cpp/share/robot_simulator_cpp/hook/cmake_prefix_path.sh'
[0.497s] Level 1:colcon.colcon_core.environment:checking '/home/wilson/ROBE313_ROS2Hw/install/robot_simulator_cpp/lib'
[0.497s] Level 1:colcon.colcon_core.environment:checking '/home/wilson/ROBE313_ROS2Hw/install/robot_simulator_cpp/bin'
[0.497s] Level 1:colcon.colcon_core.environment:checking '/home/wilson/ROBE313_ROS2Hw/install/robot_simulator_cpp/lib/pkgconfig/robot_simulator_cpp.pc'
[0.497s] Level 1:colcon.colcon_core.environment:checking '/home/wilson/ROBE313_ROS2Hw/install/robot_simulator_cpp/lib/python3.10/site-packages'
[0.497s] Level 1:colcon.colcon_core.environment:checking '/home/wilson/ROBE313_ROS2Hw/install/robot_simulator_cpp/bin'
[0.498s] INFO:colcon.colcon_core.shell:Creating package script '/home/wilson/ROBE313_ROS2Hw/install/robot_simulator_cpp/share/robot_simulator_cpp/package.ps1'
[0.498s] INFO:colcon.colcon_core.shell:Creating package descriptor '/home/wilson/ROBE313_ROS2Hw/install/robot_simulator_cpp/share/robot_simulator_cpp/package.dsv'
[0.498s] INFO:colcon.colcon_core.shell:Creating package script '/home/wilson/ROBE313_ROS2Hw/install/robot_simulator_cpp/share/robot_simulator_cpp/package.sh'
[0.498s] INFO:colcon.colcon_core.shell:Creating package script '/home/wilson/ROBE313_ROS2Hw/install/robot_simulator_cpp/share/robot_simulator_cpp/package.bash'
[0.498s] INFO:colcon.colcon_core.shell:Creating package script '/home/wilson/ROBE313_ROS2Hw/install/robot_simulator_cpp/share/robot_simulator_cpp/package.zsh'
[0.498s] Level 1:colcon.colcon_core.environment:create_file_with_runtime_dependencies(/home/wilson/ROBE313_ROS2Hw/install/robot_simulator_cpp/share/colcon-core/packages/robot_simulator_cpp)
[0.525s] DEBUG:colcon.colcon_core.event_handler.log_command:Invoking command in '/home/wilson/ROBE313_ROS2Hw/src/robot_simulator_py': PYTHONPATH=/home/wilson/ROBE313_ROS2Hw/build/robot_simulator_py/prefix_override:/usr/lib/python3/dist-packages/colcon_core/task/python/colcon_distutils_commands:/home/wilson/ROBE313_ROS2Hw/install/robot_simulator_py/lib/python3.10/site-packages:${PYTHONPATH} /usr/bin/python3 -W ignore:setup.py install is deprecated -W ignore:easy_install command is deprecated setup.py egg_info --egg-base ../../build/robot_simulator_py build --build-base /home/wilson/ROBE313_ROS2Hw/build/robot_simulator_py/build install --record /home/wilson/ROBE313_ROS2Hw/build/robot_simulator_py/install.log --single-version-externally-managed install_data
[0.672s] Level 1:colcon.colcon_core.environment:checking '/home/wilson/ROBE313_ROS2Hw/install/robot_simulator_py' for CMake module files
[0.673s] DEBUG:colcon.colcon_core.event_handler.log_command:Invoked command in '/home/wilson/ROBE313_ROS2Hw/src/robot_simulator_py' returned '0': PYTHONPATH=/home/wilson/ROBE313_ROS2Hw/build/robot_simulator_py/prefix_override:/usr/lib/python3/dist-packages/colcon_core/task/python/colcon_distutils_commands:/home/wilson/ROBE313_ROS2Hw/install/robot_simulator_py/lib/python3.10/site-packages:${PYTHONPATH} /usr/bin/python3 -W ignore:setup.py install is deprecated -W ignore:easy_install command is deprecated setup.py egg_info --egg-base ../../build/robot_simulator_py build --build-base /home/wilson/ROBE313_ROS2Hw/build/robot_simulator_py/build install --record /home/wilson/ROBE313_ROS2Hw/build/robot_simulator_py/install.log --single-version-externally-managed install_data
[0.673s] Level 1:colcon.colcon_core.environment:checking '/home/wilson/ROBE313_ROS2Hw/install/robot_simulator_py' for CMake config files
[0.674s] Level 1:colcon.colcon_core.environment:checking '/home/wilson/ROBE313_ROS2Hw/install/robot_simulator_py/lib'
[0.674s] Level 1:colcon.colcon_core.environment:checking '/home/wilson/ROBE313_ROS2Hw/install/robot_simulator_py/bin'
[0.674s] Level 1:colcon.colcon_core.environment:checking '/home/wilson/ROBE313_ROS2Hw/install/robot_simulator_py/lib/pkgconfig/robot_simulator_py.pc'
[0.674s] Level 1:colcon.colcon_core.environment:checking '/home/wilson/ROBE313_ROS2Hw/install/robot_simulator_py/lib/python3.10/site-packages'
[0.674s] Level 1:colcon.colcon_core.shell:create_environment_hook('robot_simulator_py', 'pythonpath')
[0.674s] INFO:colcon.colcon_core.shell:Creating environment hook '/home/wilson/ROBE313_ROS2Hw/install/robot_simulator_py/share/robot_simulator_py/hook/pythonpath.ps1'
[0.674s] INFO:colcon.colcon_core.shell:Creating environment descriptor '/home/wilson/ROBE313_ROS2Hw/install/robot_simulator_py/share/robot_simulator_py/hook/pythonpath.dsv'
[0.675s] INFO:colcon.colcon_core.shell:Creating environment hook '/home/wilson/ROBE313_ROS2Hw/install/robot_simulator_py/share/robot_simulator_py/hook/pythonpath.sh'
[0.675s] Level 1:colcon.colcon_core.environment:checking '/home/wilson/ROBE313_ROS2Hw/install/robot_simulator_py/bin'
[0.675s] Level 1:colcon.colcon_core.environment:create_environment_scripts_only(robot_simulator_py)
[0.675s] INFO:colcon.colcon_core.shell:Creating package script '/home/wilson/ROBE313_ROS2Hw/install/robot_simulator_py/share/robot_simulator_py/package.ps1'
[0.675s] INFO:colcon.colcon_core.shell:Creating package descriptor '/home/wilson/ROBE313_ROS2Hw/install/robot_simulator_py/share/robot_simulator_py/package.dsv'
[0.676s] INFO:colcon.colcon_core.shell:Creating package script '/home/wilson/ROBE313_ROS2Hw/install/robot_simulator_py/share/robot_simulator_py/package.sh'
[0.676s] INFO:colcon.colcon_core.shell:Creating package script '/home/wilson/ROBE313_ROS2Hw/install/robot_simulator_py/share/robot_simulator_py/package.bash'
[0.676s] INFO:colcon.colcon_core.shell:Creating package script '/home/wilson/ROBE313_ROS2Hw/install/robot_simulator_py/share/robot_simulator_py/package.zsh'
[0.676s] Level 1:colcon.colcon_core.environment:create_file_with_runtime_dependencies(/home/wilson/ROBE313_ROS2Hw/install/robot_simulator_py/share/colcon-core/packages/robot_simulator_py)
[0.676s] DEBUG:colcon.colcon_parallel_executor.executor.parallel:closing loop
[0.676s] DEBUG:colcon.colcon_parallel_executor.executor.parallel:loop closed
[0.676s] DEBUG:colcon.colcon_parallel_executor.executor.parallel:run_until_complete finished with '0'
[0.676s] DEBUG:colcon.colcon_core.event_reactor:joining thread
[0.679s] INFO:colcon.colcon_core.plugin_system:Skipping extension 'colcon_notification.desktop_notification.terminal_notifier': Not used on non-Darwin systems
[0.679s] INFO:colcon.colcon_core.plugin_system:Skipping extension 'colcon_notification.desktop_notification.win32': Not used on non-Windows systems
[0.679s] INFO:colcon.colcon_notification.desktop_notification:Sending desktop notification using 'notify2'
[0.687s] DEBUG:colcon.colcon_core.event_reactor:joined thread
[0.687s] INFO:colcon.colcon_core.shell:Creating prefix script '/home/wilson/ROBE313_ROS2Hw/install/local_setup.ps1'
[0.687s] INFO:colcon.colcon_core.shell:Creating prefix util module '/home/wilson/ROBE313_ROS2Hw/install/_local_setup_util_ps1.py'
[0.688s] INFO:colcon.colcon_core.shell:Creating prefix chain script '/home/wilson/ROBE313_ROS2Hw/install/setup.ps1'
[0.688s] INFO:colcon.colcon_core.shell:Creating prefix script '/home/wilson/ROBE313_ROS2Hw/install/local_setup.sh'
[0.689s] INFO:colcon.colcon_core.shell:Creating prefix util module '/home/wilson/ROBE313_ROS2Hw/install/_local_setup_util_sh.py'
[0.689s] INFO:colcon.colcon_core.shell:Creating prefix chain script '/home/wilson/ROBE313_ROS2Hw/install/setup.sh'
[0.689s] INFO:colcon.colcon_core.shell:Creating prefix script '/home/wilson/ROBE313_ROS2Hw/install/local_setup.bash'
[0.690s] INFO:colcon.colcon_core.shell:Creating prefix chain script '/home/wilson/ROBE313_ROS2Hw/install/setup.bash'
[0.690s] INFO:colcon.colcon_core.shell:Creating prefix script '/home/wilson/ROBE313_ROS2Hw/install/local_setup.zsh'
[0.690s] INFO:colcon.colcon_core.shell:Creating prefix chain script '/home/wilson/ROBE313_ROS2Hw/install/setup.zsh'
