running egg_info
writing ../../build/robot_simulator_py/robot_simulator_py.egg-info/PKG-INFO
writing dependency_links to ../../build/robot_simulator_py/robot_simulator_py.egg-info/dependency_links.txt
writing entry points to ../../build/robot_simulator_py/robot_simulator_py.egg-info/entry_points.txt
writing requirements to ../../build/robot_simulator_py/robot_simulator_py.egg-info/requires.txt
writing top-level names to ../../build/robot_simulator_py/robot_simulator_py.egg-info/top_level.txt
reading manifest file '../../build/robot_simulator_py/robot_simulator_py.egg-info/SOURCES.txt'
writing manifest file '../../build/robot_simulator_py/robot_simulator_py.egg-info/SOURCES.txt'
running build
running build_py
copying robot_simulator_py/controller_node.py -> /home/wilson/ROBE313_ROS2Hw/build/robot_simulator_py/build/lib/robot_simulator_py
running install
running install_lib
copying /home/wilson/ROBE313_ROS2Hw/build/robot_simulator_py/build/lib/robot_simulator_py/controller_node.py -> /home/wilson/ROBE313_ROS2Hw/install/robot_simulator_py/lib/python3.10/site-packages/robot_simulator_py
byte-compiling /home/wilson/ROBE313_ROS2Hw/install/robot_simulator_py/lib/python3.10/site-packages/robot_simulator_py/controller_node.py to controller_node.cpython-310.pyc
running install_data
copying package.xml -> /home/wilson/ROBE313_ROS2Hw/install/robot_simulator_py/share/robot_simulator_py
running install_egg_info
removing '/home/wilson/ROBE313_ROS2Hw/install/robot_simulator_py/lib/python3.10/site-packages/robot_simulator_py-0.0.0-py3.10.egg-info' (and everything under it)
Copying ../../build/robot_simulator_py/robot_simulator_py.egg-info to /home/wilson/ROBE313_ROS2Hw/install/robot_simulator_py/lib/python3.10/site-packages/robot_simulator_py-0.0.0-py3.10.egg-info
running install_scripts
Installing controller_node script to /home/wilson/ROBE313_ROS2Hw/install/robot_simulator_py/lib/robot_simulator_py
writing list of installed files to '/home/wilson/ROBE313_ROS2Hw/build/robot_simulator_py/install.log'
