[0.339s] Invoking command in '/home/wilson/ROBE313_ROS2Hw/src/robot_simulator_py': PYTHONPATH=/home/wilson/ROBE313_ROS2Hw/build/robot_simulator_py/prefix_override:/usr/lib/python3/dist-packages/colcon_core/task/python/colcon_distutils_commands:/home/wilson/ROBE313_ROS2Hw/install/robot_simulator_py/lib/python3.10/site-packages:${PYTHONPATH} /usr/bin/python3 -W ignore:setup.py install is deprecated -W ignore:easy_install command is deprecated setup.py egg_info --egg-base ../../build/robot_simulator_py build --build-base /home/wilson/ROBE313_ROS2Hw/build/robot_simulator_py/build install --record /home/wilson/ROBE313_ROS2Hw/build/robot_simulator_py/install.log --single-version-externally-managed install_data
[0.457s] running egg_info
[0.457s] writing ../../build/robot_simulator_py/robot_simulator_py.egg-info/PKG-INFO
[0.457s] writing dependency_links to ../../build/robot_simulator_py/robot_simulator_py.egg-info/dependency_links.txt
[0.457s] writing entry points to ../../build/robot_simulator_py/robot_simulator_py.egg-info/entry_points.txt
[0.457s] writing requirements to ../../build/robot_simulator_py/robot_simulator_py.egg-info/requires.txt
[0.457s] writing top-level names to ../../build/robot_simulator_py/robot_simulator_py.egg-info/top_level.txt
[0.458s] reading manifest file '../../build/robot_simulator_py/robot_simulator_py.egg-info/SOURCES.txt'
[0.459s] writing manifest file '../../build/robot_simulator_py/robot_simulator_py.egg-info/SOURCES.txt'
[0.459s] running build
[0.459s] running build_py
[0.459s] running install
[0.459s] running install_lib
[0.460s] running install_data
[0.460s] running install_egg_info
[0.461s] removing '/home/wilson/ROBE313_ROS2Hw/install/robot_simulator_py/lib/python3.10/site-packages/robot_simulator_py-0.0.0-py3.10.egg-info' (and everything under it)
[0.461s] Copying ../../build/robot_simulator_py/robot_simulator_py.egg-info to /home/wilson/ROBE313_ROS2Hw/install/robot_simulator_py/lib/python3.10/site-packages/robot_simulator_py-0.0.0-py3.10.egg-info
[0.461s] running install_scripts
[0.472s] Installing controller_node script to /home/wilson/ROBE313_ROS2Hw/install/robot_simulator_py/lib/robot_simulator_py
[0.472s] writing list of installed files to '/home/wilson/ROBE313_ROS2Hw/build/robot_simulator_py/install.log'
[0.483s] Invoked command in '/home/wilson/ROBE313_ROS2Hw/src/robot_simulator_py' returned '0': PYTHONPATH=/home/wilson/ROBE313_ROS2Hw/build/robot_simulator_py/prefix_override:/usr/lib/python3/dist-packages/colcon_core/task/python/colcon_distutils_commands:/home/wilson/ROBE313_ROS2Hw/install/robot_simulator_py/lib/python3.10/site-packages:${PYTHONPATH} /usr/bin/python3 -W ignore:setup.py install is deprecated -W ignore:easy_install command is deprecated setup.py egg_info --egg-base ../../build/robot_simulator_py build --build-base /home/wilson/ROBE313_ROS2Hw/build/robot_simulator_py/build install --record /home/wilson/ROBE313_ROS2Hw/build/robot_simulator_py/install.log --single-version-externally-managed install_data
