[0.005s] Invoking command in '/home/wilson/ROBE313_ROS2Hw/build/robot_simulator_cpp': AMENT_PREFIX_PATH=/home/wilson/ROBE313_ROS2Hw/install/custom_interfaces:${AMENT_PREFIX_PATH} CMAKE_PREFIX_PATH=/home/wilson/ROBE313_ROS2Hw/install/custom_interfaces:/opt/ros/humble LD_LIBRARY_PATH=/home/wilson/ROBE313_ROS2Hw/install/custom_interfaces/lib:${LD_LIBRARY_PATH} PYTHONPATH=/home/wilson/ROBE313_ROS2Hw/install/custom_interfaces/local/lib/python3.10/dist-packages:${PYTHONPATH} /usr/bin/cmake --build /home/wilson/ROBE313_ROS2Hw/build/robot_simulator_cpp -- -j20 -l20
[0.046s] [100%] Built target odometry_node
[0.053s] Invoked command in '/home/wilson/ROBE313_ROS2Hw/build/robot_simulator_cpp' returned '0': AMENT_PREFIX_PATH=/home/wilson/ROBE313_ROS2Hw/install/custom_interfaces:${AMENT_PREFIX_PATH} CMAKE_PREFIX_PATH=/home/wilson/ROBE313_ROS2Hw/install/custom_interfaces:/opt/ros/humble LD_LIBRARY_PATH=/home/wilson/ROBE313_ROS2Hw/install/custom_interfaces/lib:${LD_LIBRARY_PATH} PYTHONPATH=/home/wilson/ROBE313_ROS2Hw/install/custom_interfaces/local/lib/python3.10/dist-packages:${PYTHONPATH} /usr/bin/cmake --build /home/wilson/ROBE313_ROS2Hw/build/robot_simulator_cpp -- -j20 -l20
[0.054s] Invoking command in '/home/wilson/ROBE313_ROS2Hw/build/robot_simulator_cpp': AMENT_PREFIX_PATH=/home/wilson/ROBE313_ROS2Hw/install/custom_interfaces:${AMENT_PREFIX_PATH} CMAKE_PREFIX_PATH=/home/wilson/ROBE313_ROS2Hw/install/custom_interfaces:/opt/ros/humble LD_LIBRARY_PATH=/home/wilson/ROBE313_ROS2Hw/install/custom_interfaces/lib:${LD_LIBRARY_PATH} PYTHONPATH=/home/wilson/ROBE313_ROS2Hw/install/custom_interfaces/local/lib/python3.10/dist-packages:${PYTHONPATH} /usr/bin/cmake --install /home/wilson/ROBE313_ROS2Hw/build/robot_simulator_cpp
[0.059s] -- Install configuration: ""
[0.059s] -- Up-to-date: /home/wilson/ROBE313_ROS2Hw/install/robot_simulator_cpp/lib/robot_simulator_cpp/odometry_node
[0.059s] -- Up-to-date: /home/wilson/ROBE313_ROS2Hw/install/robot_simulator_cpp/share/ament_index/resource_index/package_run_dependencies/robot_simulator_cpp
[0.059s] -- Up-to-date: /home/wilson/ROBE313_ROS2Hw/install/robot_simulator_cpp/share/ament_index/resource_index/parent_prefix_path/robot_simulator_cpp
[0.059s] -- Up-to-date: /home/wilson/ROBE313_ROS2Hw/install/robot_simulator_cpp/share/robot_simulator_cpp/environment/ament_prefix_path.sh
[0.059s] -- Up-to-date: /home/wilson/ROBE313_ROS2Hw/install/robot_simulator_cpp/share/robot_simulator_cpp/environment/ament_prefix_path.dsv
[0.059s] -- Up-to-date: /home/wilson/ROBE313_ROS2Hw/install/robot_simulator_cpp/share/robot_simulator_cpp/environment/path.sh
[0.059s] -- Up-to-date: /home/wilson/ROBE313_ROS2Hw/install/robot_simulator_cpp/share/robot_simulator_cpp/environment/path.dsv
[0.059s] -- Up-to-date: /home/wilson/ROBE313_ROS2Hw/install/robot_simulator_cpp/share/robot_simulator_cpp/local_setup.bash
[0.059s] -- Up-to-date: /home/wilson/ROBE313_ROS2Hw/install/robot_simulator_cpp/share/robot_simulator_cpp/local_setup.sh
[0.059s] -- Up-to-date: /home/wilson/ROBE313_ROS2Hw/install/robot_simulator_cpp/share/robot_simulator_cpp/local_setup.zsh
[0.059s] -- Up-to-date: /home/wilson/ROBE313_ROS2Hw/install/robot_simulator_cpp/share/robot_simulator_cpp/local_setup.dsv
[0.059s] -- Installing: /home/wilson/ROBE313_ROS2Hw/install/robot_simulator_cpp/share/robot_simulator_cpp/package.dsv
[0.059s] -- Up-to-date: /home/wilson/ROBE313_ROS2Hw/install/robot_simulator_cpp/share/ament_index/resource_index/packages/robot_simulator_cpp
[0.059s] -- Up-to-date: /home/wilson/ROBE313_ROS2Hw/install/robot_simulator_cpp/share/robot_simulator_cpp/cmake/robot_simulator_cppConfig.cmake
[0.059s] -- Up-to-date: /home/wilson/ROBE313_ROS2Hw/install/robot_simulator_cpp/share/robot_simulator_cpp/cmake/robot_simulator_cppConfig-version.cmake
[0.059s] -- Up-to-date: /home/wilson/ROBE313_ROS2Hw/install/robot_simulator_cpp/share/robot_simulator_cpp/package.xml
[0.061s] Invoked command in '/home/wilson/ROBE313_ROS2Hw/build/robot_simulator_cpp' returned '0': AMENT_PREFIX_PATH=/home/wilson/ROBE313_ROS2Hw/install/custom_interfaces:${AMENT_PREFIX_PATH} CMAKE_PREFIX_PATH=/home/wilson/ROBE313_ROS2Hw/install/custom_interfaces:/opt/ros/humble LD_LIBRARY_PATH=/home/wilson/ROBE313_ROS2Hw/install/custom_interfaces/lib:${LD_LIBRARY_PATH} PYTHONPATH=/home/wilson/ROBE313_ROS2Hw/install/custom_interfaces/local/lib/python3.10/dist-packages:${PYTHONPATH} /usr/bin/cmake --install /home/wilson/ROBE313_ROS2Hw/build/robot_simulator_cpp
