[0.007s] Invoking command in '/home/wilson/ROBE313_ROS2Hw/build/robot_simulator_cpp': CMAKE_PREFIX_PATH=/home/wilson/ROBE313_ROS2Hw/install/custom_interfaces:/home/wilson/ROBE313_ROS2Hw/install/robot_simulator_cpp:/home/wilson/ROBE313_ROS2Hw/install/robot_bringup:/home/wilson/ROBE313_ROS2Hw/install/robot_simulator_py:/opt/ros/humble /usr/bin/cmake --build /home/wilson/ROBE313_ROS2Hw/build/robot_simulator_cpp -- -j20 -l20
[0.024s] -- Found ament_cmake: 1.3.12 (/opt/ros/humble/share/ament_cmake/cmake)
[0.107s] -- Found rclcpp: 16.0.15 (/opt/ros/humble/share/rclcpp/cmake)
[0.124s] -- Found rosidl_generator_c: 3.1.7 (/opt/ros/humble/share/rosidl_generator_c/cmake)
[0.125s] -- Found rosidl_adapter: 3.1.7 (/opt/ros/humble/share/rosidl_adapter/cmake)
[0.128s] -- Found rosidl_generator_cpp: 3.1.7 (/opt/ros/humble/share/rosidl_generator_cpp/cmake)
[0.133s] -- Using all available rosidl_typesupport_c: rosidl_typesupport_fastrtps_c;rosidl_typesupport_introspection_c
[0.140s] -- Using all available rosidl_typesupport_cpp: rosidl_typesupport_fastrtps_cpp;rosidl_typesupport_introspection_cpp
[0.159s] -- Found rmw_implementation_cmake: 6.1.2 (/opt/ros/humble/share/rmw_implementation_cmake/cmake)
[0.160s] -- Found rmw_fastrtps_cpp: 6.2.9 (/opt/ros/humble/share/rmw_fastrtps_cpp/cmake)
[0.229s] -- Using RMW implementation 'rmw_fastrtps_cpp' as default
[0.256s] -- Found geometry_msgs: 4.9.0 (/opt/ros/humble/share/geometry_msgs/cmake)
[0.262s] -- Found tf2: 0.25.16 (/opt/ros/humble/share/tf2/cmake)
[0.264s] -- Found tf2_ros: 0.25.16 (/opt/ros/humble/share/tf2_ros/cmake)
[0.304s] -- Found tf2_geometry_msgs: 0.25.16 (/opt/ros/humble/share/tf2_geometry_msgs/cmake)
[0.305s] -- Found eigen3_cmake_module: 0.1.1 (/opt/ros/humble/share/eigen3_cmake_module/cmake)
[0.306s] -- Ensuring Eigen3 include directory is part of orocos-kdl CMake target
[0.307s] -- Found custom_interfaces: 0.0.0 (/home/wilson/ROBE313_ROS2Hw/install/custom_interfaces/share/custom_interfaces/cmake)
[0.315s] -- Found ament_lint_auto: 0.12.14 (/opt/ros/humble/share/ament_lint_auto/cmake)
[0.348s] -- Configuring done
[0.354s] -- Generating done
[0.356s] -- Build files have been written to: /home/wilson/ROBE313_ROS2Hw/build/robot_simulator_cpp
[0.373s] [35m[1mConsolidate compiler generated dependencies of target odometry_node[0m
[0.386s] [100%] Built target odometry_node
