[0.341s] Invoking command in '/home/wilson/ROBE313_ROS2Hw/src/robot_simulator_py': PYTHONPATH=/home/wilson/ROBE313_ROS2Hw/build/robot_simulator_py/prefix_override:/usr/lib/python3/dist-packages/colcon_core/task/python/colcon_distutils_commands:/home/wilson/ROBE313_ROS2Hw/install/robot_simulator_py/lib/python3.10/site-packages:${PYTHONPATH} /usr/bin/python3 -W ignore:setup.py install is deprecated -W ignore:easy_install command is deprecated setup.py egg_info --egg-base ../../build/robot_simulator_py build --build-base /home/wilson/ROBE313_ROS2Hw/build/robot_simulator_py/build install --record /home/wilson/ROBE313_ROS2Hw/build/robot_simulator_py/install.log --single-version-externally-managed install_data
[0.466s] running egg_info
[0.467s] writing ../../build/robot_simulator_py/robot_simulator_py.egg-info/PKG-INFO
[0.467s] writing dependency_links to ../../build/robot_simulator_py/robot_simulator_py.egg-info/dependency_links.txt
[0.467s] writing entry points to ../../build/robot_simulator_py/robot_simulator_py.egg-info/entry_points.txt
[0.467s] writing requirements to ../../build/robot_simulator_py/robot_simulator_py.egg-info/requires.txt
[0.467s] writing top-level names to ../../build/robot_simulator_py/robot_simulator_py.egg-info/top_level.txt
[0.468s] reading manifest file '../../build/robot_simulator_py/robot_simulator_py.egg-info/SOURCES.txt'
[0.468s] writing manifest file '../../build/robot_simulator_py/robot_simulator_py.egg-info/SOURCES.txt'
[0.468s] running build
[0.468s] running build_py
[0.469s] copying robot_simulator_py/controller_node.py -> /home/wilson/ROBE313_ROS2Hw/build/robot_simulator_py/build/lib/robot_simulator_py
[0.469s] running install
[0.469s] running install_lib
[0.469s] copying /home/wilson/ROBE313_ROS2Hw/build/robot_simulator_py/build/lib/robot_simulator_py/controller_node.py -> /home/wilson/ROBE313_ROS2Hw/install/robot_simulator_py/lib/python3.10/site-packages/robot_simulator_py
[0.470s] byte-compiling /home/wilson/ROBE313_ROS2Hw/install/robot_simulator_py/lib/python3.10/site-packages/robot_simulator_py/controller_node.py to controller_node.cpython-310.pyc
[0.470s] running install_data
[0.470s] copying package.xml -> /home/wilson/ROBE313_ROS2Hw/install/robot_simulator_py/share/robot_simulator_py
[0.471s] running install_egg_info
[0.471s] removing '/home/wilson/ROBE313_ROS2Hw/install/robot_simulator_py/lib/python3.10/site-packages/robot_simulator_py-0.0.0-py3.10.egg-info' (and everything under it)
[0.471s] Copying ../../build/robot_simulator_py/robot_simulator_py.egg-info to /home/wilson/ROBE313_ROS2Hw/install/robot_simulator_py/lib/python3.10/site-packages/robot_simulator_py-0.0.0-py3.10.egg-info
[0.472s] running install_scripts
[0.483s] Installing controller_node script to /home/wilson/ROBE313_ROS2Hw/install/robot_simulator_py/lib/robot_simulator_py
[0.483s] writing list of installed files to '/home/wilson/ROBE313_ROS2Hw/build/robot_simulator_py/install.log'
[0.496s] Invoked command in '/home/wilson/ROBE313_ROS2Hw/src/robot_simulator_py' returned '0': PYTHONPATH=/home/wilson/ROBE313_ROS2Hw/build/robot_simulator_py/prefix_override:/usr/lib/python3/dist-packages/colcon_core/task/python/colcon_distutils_commands:/home/wilson/ROBE313_ROS2Hw/install/robot_simulator_py/lib/python3.10/site-packages:${PYTHONPATH} /usr/bin/python3 -W ignore:setup.py install is deprecated -W ignore:easy_install command is deprecated setup.py egg_info --egg-base ../../build/robot_simulator_py build --build-base /home/wilson/ROBE313_ROS2Hw/build/robot_simulator_py/build install --record /home/wilson/ROBE313_ROS2Hw/build/robot_simulator_py/install.log --single-version-externally-managed install_data
