-- Found ament_cmake: 1.3.12 (/opt/ros/humble/share/ament_cmake/cmake)
-- Found rclcpp: 16.0.15 (/opt/ros/humble/share/rclcpp/cmake)
-- Found rosidl_generator_c: 3.1.7 (/opt/ros/humble/share/rosidl_generator_c/cmake)
-- Found rosidl_adapter: 3.1.7 (/opt/ros/humble/share/rosidl_adapter/cmake)
-- Found rosidl_generator_cpp: 3.1.7 (/opt/ros/humble/share/rosidl_generator_cpp/cmake)
-- Using all available rosidl_typesupport_c: rosidl_typesupport_fastrtps_c;rosidl_typesupport_introspection_c
-- Using all available rosidl_typesupport_cpp: rosidl_typesupport_fastrtps_cpp;rosidl_typesupport_introspection_cpp
-- Found rmw_implementation_cmake: 6.1.2 (/opt/ros/humble/share/rmw_implementation_cmake/cmake)
-- Found rmw_fastrtps_cpp: 6.2.9 (/opt/ros/humble/share/rmw_fastrtps_cpp/cmake)
-- Using RMW implementation 'rmw_fastrtps_cpp' as default
-- Found robot_state_publisher: 3.0.3 (/opt/ros/humble/share/robot_state_publisher/cmake)
-- Found eigen3_cmake_module: 0.1.1 (/opt/ros/humble/share/eigen3_cmake_module/cmake)
-- Ensuring Eigen3 include directory is part of orocos-kdl CMake target
-- Found xacro: 2.1.1 (/opt/ros/humble/share/xacro/cmake)
-- Found rviz2: 11.2.22 (/opt/ros/humble/share/rviz2/cmake)
-- Found ament_lint_auto: 0.12.14 (/opt/ros/humble/share/ament_lint_auto/cmake)
-- Added test 'lint_cmake' to check CMake code style
-- Added test 'xmllint' to check XML markup files
-- Configuring done
-- Generating done
-- Build files have been written to: /home/wilson/ROBE313_ROS2Hw/build/robot_bringup
-- Install configuration: ""
-- Up-to-date: /home/wilson/ROBE313_ROS2Hw/install/robot_bringup/share/ament_index/resource_index/package_run_dependencies/robot_bringup
-- Installing: /home/wilson/ROBE313_ROS2Hw/install/robot_bringup/share/ament_index/resource_index/parent_prefix_path/robot_bringup
-- Up-to-date: /home/wilson/ROBE313_ROS2Hw/install/robot_bringup/share/robot_bringup/environment/ament_prefix_path.sh
-- Installing: /home/wilson/ROBE313_ROS2Hw/install/robot_bringup/share/robot_bringup/environment/ament_prefix_path.dsv
-- Up-to-date: /home/wilson/ROBE313_ROS2Hw/install/robot_bringup/share/robot_bringup/environment/path.sh
-- Installing: /home/wilson/ROBE313_ROS2Hw/install/robot_bringup/share/robot_bringup/environment/path.dsv
-- Up-to-date: /home/wilson/ROBE313_ROS2Hw/install/robot_bringup/share/robot_bringup/local_setup.bash
-- Up-to-date: /home/wilson/ROBE313_ROS2Hw/install/robot_bringup/share/robot_bringup/local_setup.sh
-- Up-to-date: /home/wilson/ROBE313_ROS2Hw/install/robot_bringup/share/robot_bringup/local_setup.zsh
-- Installing: /home/wilson/ROBE313_ROS2Hw/install/robot_bringup/share/robot_bringup/local_setup.dsv
-- Installing: /home/wilson/ROBE313_ROS2Hw/install/robot_bringup/share/robot_bringup/package.dsv
-- Up-to-date: /home/wilson/ROBE313_ROS2Hw/install/robot_bringup/share/ament_index/resource_index/packages/robot_bringup
-- Up-to-date: /home/wilson/ROBE313_ROS2Hw/install/robot_bringup/share/robot_bringup/cmake/robot_bringupConfig.cmake
-- Up-to-date: /home/wilson/ROBE313_ROS2Hw/install/robot_bringup/share/robot_bringup/cmake/robot_bringupConfig-version.cmake
-- Installing: /home/wilson/ROBE313_ROS2Hw/install/robot_bringup/share/robot_bringup/package.xml
