[0.007s] Invoking command in '/home/wilson/ROBE313_ROS2Hw/build/robot_bringup': CMAKE_PREFIX_PATH=${CMAKE_PREFIX_PATH}:/home/wilson/ROBE313_ROS2Hw/install/robot_simulator_py:/opt/ros/humble /usr/bin/cmake --build /home/wilson/ROBE313_ROS2Hw/build/robot_bringup -- -j20 -l20
[0.025s] -- Found ament_cmake: 1.3.12 (/opt/ros/humble/share/ament_cmake/cmake)
[0.106s] -- Found rclcpp: 16.0.15 (/opt/ros/humble/share/rclcpp/cmake)
[0.124s] -- Found rosidl_generator_c: 3.1.7 (/opt/ros/humble/share/rosidl_generator_c/cmake)
[0.125s] -- Found rosidl_adapter: 3.1.7 (/opt/ros/humble/share/rosidl_adapter/cmake)
[0.129s] -- Found rosidl_generator_cpp: 3.1.7 (/opt/ros/humble/share/rosidl_generator_cpp/cmake)
[0.134s] -- Using all available rosidl_typesupport_c: rosidl_typesupport_fastrtps_c;rosidl_typesupport_introspection_c
[0.142s] -- Using all available rosidl_typesupport_cpp: rosidl_typesupport_fastrtps_cpp;rosidl_typesupport_introspection_cpp
[0.160s] -- Found rmw_implementation_cmake: 6.1.2 (/opt/ros/humble/share/rmw_implementation_cmake/cmake)
[0.161s] -- Found rmw_fastrtps_cpp: 6.2.9 (/opt/ros/humble/share/rmw_fastrtps_cpp/cmake)
[0.221s] -- Using RMW implementation 'rmw_fastrtps_cpp' as default
[0.250s] -- Found robot_state_publisher: 3.0.3 (/opt/ros/humble/share/robot_state_publisher/cmake)
[0.259s] -- Found eigen3_cmake_module: 0.1.1 (/opt/ros/humble/share/eigen3_cmake_module/cmake)
[0.259s] -- Ensuring Eigen3 include directory is part of orocos-kdl CMake target
[0.328s] -- Found xacro: 2.1.1 (/opt/ros/humble/share/xacro/cmake)
[0.328s] -- Found rviz2: 11.2.22 (/opt/ros/humble/share/rviz2/cmake)
[0.328s] -- Found ament_lint_auto: 0.12.14 (/opt/ros/humble/share/ament_lint_auto/cmake)
[0.369s] -- Added test 'lint_cmake' to check CMake code style
[0.369s] -- Added test 'xmllint' to check XML markup files
[0.370s] -- Configuring done
[0.372s] -- Generating done
[0.373s] -- Build files have been written to: /home/wilson/ROBE313_ROS2Hw/build/robot_bringup
[0.391s] Invoked command in '/home/wilson/ROBE313_ROS2Hw/build/robot_bringup' returned '0': CMAKE_PREFIX_PATH=${CMAKE_PREFIX_PATH}:/home/wilson/ROBE313_ROS2Hw/install/robot_simulator_py:/opt/ros/humble /usr/bin/cmake --build /home/wilson/ROBE313_ROS2Hw/build/robot_bringup -- -j20 -l20
[0.392s] Invoking command in '/home/wilson/ROBE313_ROS2Hw/build/robot_bringup': CMAKE_PREFIX_PATH=${CMAKE_PREFIX_PATH}:/home/wilson/ROBE313_ROS2Hw/install/robot_simulator_py:/opt/ros/humble /usr/bin/cmake --install /home/wilson/ROBE313_ROS2Hw/build/robot_bringup
[0.397s] -- Install configuration: ""
[0.397s] -- Up-to-date: /home/wilson/ROBE313_ROS2Hw/install/robot_bringup/share/ament_index/resource_index/package_run_dependencies/robot_bringup
[0.397s] -- Installing: /home/wilson/ROBE313_ROS2Hw/install/robot_bringup/share/ament_index/resource_index/parent_prefix_path/robot_bringup
[0.397s] -- Up-to-date: /home/wilson/ROBE313_ROS2Hw/install/robot_bringup/share/robot_bringup/environment/ament_prefix_path.sh
[0.397s] -- Installing: /home/wilson/ROBE313_ROS2Hw/install/robot_bringup/share/robot_bringup/environment/ament_prefix_path.dsv
[0.397s] -- Up-to-date: /home/wilson/ROBE313_ROS2Hw/install/robot_bringup/share/robot_bringup/environment/path.sh
[0.397s] -- Installing: /home/wilson/ROBE313_ROS2Hw/install/robot_bringup/share/robot_bringup/environment/path.dsv
[0.397s] -- Up-to-date: /home/wilson/ROBE313_ROS2Hw/install/robot_bringup/share/robot_bringup/local_setup.bash
[0.397s] -- Up-to-date: /home/wilson/ROBE313_ROS2Hw/install/robot_bringup/share/robot_bringup/local_setup.sh
[0.397s] -- Up-to-date: /home/wilson/ROBE313_ROS2Hw/install/robot_bringup/share/robot_bringup/local_setup.zsh
[0.397s] -- Installing: /home/wilson/ROBE313_ROS2Hw/install/robot_bringup/share/robot_bringup/local_setup.dsv
[0.397s] -- Installing: /home/wilson/ROBE313_ROS2Hw/install/robot_bringup/share/robot_bringup/package.dsv
[0.397s] -- Up-to-date: /home/wilson/ROBE313_ROS2Hw/install/robot_bringup/share/ament_index/resource_index/packages/robot_bringup
[0.397s] -- Up-to-date: /home/wilson/ROBE313_ROS2Hw/install/robot_bringup/share/robot_bringup/cmake/robot_bringupConfig.cmake
[0.397s] -- Up-to-date: /home/wilson/ROBE313_ROS2Hw/install/robot_bringup/share/robot_bringup/cmake/robot_bringupConfig-version.cmake
[0.397s] -- Installing: /home/wilson/ROBE313_ROS2Hw/install/robot_bringup/share/robot_bringup/package.xml
[0.398s] Invoked command in '/home/wilson/ROBE313_ROS2Hw/build/robot_bringup' returned '0': CMAKE_PREFIX_PATH=${CMAKE_PREFIX_PATH}:/home/wilson/ROBE313_ROS2Hw/install/robot_simulator_py:/opt/ros/humble /usr/bin/cmake --install /home/wilson/ROBE313_ROS2Hw/build/robot_bringup
